310.  0.07742650474372756  0.0786925759526081  0.07537621386126013  0.06992183036627216  0.06371554888020656  0.0761344987162891  0.07817108569608812  0.08106152185456449  0.0830868870782695  0.08383150332181359  
310.2  0.07736344631295612  0.07863636411007714  0.07532489458316968  0.06987465819130603  0.06367217172109751  0.07607669670866782  0.07811148462412189  0.08099994436292017  0.08302388036805758  0.08376783321453866  
310.4  0.07730175429338532  0.07858153558331925  0.07527490029469501  0.0698287143943242  0.0636299155005231  0.07602024155901783  0.07805326868025977  0.08093980424724369  0.08296234904187834  0.08370565172445092  
310.6  0.07724143732844078  0.07852810030716062  0.07522623961013729  0.06978401005281976  0.06358878854321495  0.0759651435517464  0.0779964484974317  0.08088111264175646  0.0829023029014246  0.08364496962122936  
310.8  0.07718250768657722  0.07847607016262537  0.07517892307255308  0.06974055225091873  0.06354880107541248  0.07591141152498436  0.0779410341170035  0.08082388009964332  0.08284375370257002  0.0835857996385279  
311.  0.07712497366105409  0.07842545475567914  0.07513296232881647  0.06969835338124362  0.06350996185163917  0.07585905795393426  0.07788703753384217  0.08076811828919878  0.08278671263269975  0.08352815225317015  
311.2  0.07706884719024548  0.07837626565186548  0.07508836674131103  0.06965742269533781  0.06347227899322609  0.07580809218565823  0.0778344676151573  0.0807138391588921  0.08273119115982905  0.08347203992025098  
311.4  0.07701413963666044  0.07832851554872347  0.07504514933727727  0.06961777053780994  0.0634357625433753  0.07575852637932623  0.07778333774653334  0.08066105238603521  0.08267720189281728  0.08341747454027232  
311.6  0.07696086178483966  0.07828221572822583  0.07500332001492754  0.06957940750727437  0.0634004227820823  0.0757103712672255  0.07773365904743293  0.08060977219426543  0.08262475774355163  0.0833644674576058  
311.8  0.07690902469585645  0.07823737775891156  0.07496289150977763  0.06954234531971866  0.06336626937574587  0.07566363785659166  0.07768544206396419  0.08056001055491024  0.0825738702216588  0.08331303374216516  
312.  0.07685864143179888  0.0781940152206387  0.07492387685478002  0.06950659424932872  0.06333331223263304  0.07561833915404963  0.07763870105965966  0.08051177888385914  0.08252455285789426  0.08326318450857863  
312.2  0.07680972278024273  0.07815214028982435  0.07488628680681425  0.06947216655850147  0.06330156236984993  0.07557448675053181  0.07759344631729298  0.08046509148198543  0.0824768186501378  0.0832149337608392  
312.4  0.07676228327032239  0.07811176631580327  0.07485013500028463  0.06943907393724832  0.06327103020491484  0.07553209253486706  0.07754969272314835  0.08041996039796515  0.08243068092490263  0.08316829498012698  
312.6  0.07671633344039504  0.07807290697470007  0.07481543452693325  0.06940732923001773  0.06324172728184584  0.0754911712950886  0.07750745290893722  0.08037640059424261  0.08238615507506492  0.08312328371738212  
312.8  0.07667188759487632  0.07803557541195057  0.07478219880105703  0.06937694385437419  0.06321366455547604  0.07545173469186496  0.07746673983035327  0.08033442565366053  0.08234325512339102  0.08307991329052823  
313.  0.07662895951069955  0.07799978684668873  0.0747504415683684  0.06934793039450947  0.06318685412582241  0.07541379643799516  0.07742756851279052  0.08029405037425721  0.08230199458078312  0.08303819823798071  
313.2  0.07658756330700389  0.07796555599006907  0.07472017604472249  0.0693203034900934  0.06316130751502454  0.07537737145701945  0.07738995172867967  0.08025528904814029  0.08226238992773169  0.08299815520898687  
313.4  0.07654771170967621  0.07793289704507617  0.07469141840528441  0.06929407550310906  0.06313703653770601  0.07534247241299159  0.0773539043391005  0.08021815633384934  0.08222445629263916  0.08295979863200127  
313.6  0.07650942128782588  0.0779018254554803  0.07466418257785144  0.06926925999448792  0.06311405505829108  0.0753091149367504  0.07731944244959836  0.08018266901574321  0.08218820919118797  0.08292314594203326  
313.8  0.07647270549219182  0.07787235704999049  0.07463848372862633  0.06924587262039719  0.06309237463716072  0.07527731416041748  0.0772865808011125  0.0801488425289519  0.08215366629056756  0.08288821236295105  
314.  0.07643757989641244  0.07784450805317374  0.07461433740431064  0.06922392589048976  0.06307200890197812  0.07524708559628704  0.0772553345173581  0.08011669270719195  0.08212084304809253  0.08285501528144051  
314.2  0.07640406134796474  0.07781829509675468  0.0745917604238767  0.06920343618288952  0.06305297181612708  0.07521844338586048  0.07722572175848927  0.08008623755597094  0.08208975709581118  0.08282357163726103  
314.4  0.07637216534105293  0.07779373434824793  0.07457076825141708  0.06918441849895399  0.06303527680528304  0.07519140558788358  0.07719775670029416  0.08005749287064787  0.08206042650787335  0.08279390057410814  
314.6  0.07634190777719493  0.0777708450531646  0.07455137852719476  0.0691668882231709  0.06301893764172743  0.07516598892168427  0.07717145745929162  0.0800304775278626  0.0820328689280576  0.0827660190478644  
314.8  0.07631330763948035  0.07774964336821923  0.07453360755171375  0.06915086202178143  0.06300397022937143  0.07514220875760991  0.07714684259873442  0.08000520909377118  0.08200710334689051  0.08273994624438388  
315.  0.0762863799208181  0.07773014944770829  0.07451747472460124  0.06913635519642948  0.06299038907777217  0.07512008444534592  0.07712392847260785  0.07998170648439415  0.08198314834689618  0.08271570183579258  
315.2  0.0762611453924407  0.0777123794740945  0.07450299723947675  0.069123386133566  0.06297820996675017  0.07509963223590609  0.07710273455702078  0.07995998909854145  0.08196102388941799  0.08269330510288267  
315.4  0.0762376199543306  0.07769635545194584  0.0744901936405763  0.06911197098547238  0.06296744728636362  0.07508087240373389  0.07708327902657323  0.07994007593792332  0.08194075134049485  0.08267277672702766  
315.6  0.07621582444262254  0.07768209632550656  0.07447908295142505  0.06910212813172031  0.06295811850842886  0.0750638230304872  0.0770655823319699  0.07992198830008136  0.0819223490149954  0.08265413792033521  
315.8  0.07619577751070065  0.07766962154330183  0.07446968558813492  0.06909387641786058  0.06295024063787737  0.07504850268158193  0.07704966364244693  0.07990574532254623  0.08190584023583454  0.08263740954275968  
316.  0.07617749921425682  0.07765895287588528  0.07446202158372807  0.06908723336710693  0.06294382931282612  0.07503493312453122  0.07703554354148787  0.07989136937103433  0.08189124529756962  0.08262261390932218  
316.2  0.07616101013492854  0.07765011174475807  0.07445611239922185  0.0690822196891467  0.06293890331203544  0.07502313305473836  0.07702324315082285  0.07987888157325011  0.08187858776148697  0.08260977301175193  
316.4  0.0761463313964679  0.07764312013335498  0.07445197732777503  0.06907885389489418  0.06293548098026952  0.07501312531199007  0.07701278414697228  0.07986830543628862  0.0818678899788347  0.08259891033628422  
316.6  0.07613348377308579  0.07763800060444358  0.07444964074269324  0.06907715772663524  0.06293357932225353  0.0750049305862454  0.07700418877842044  0.07985966325481361  0.08185917581039155  0.08259004998563389  
316.8  0.0761224913381775  0.07763477722909118  0.07444912306679888  0.06907715165626897  0.0629332176365135  0.0749985710421924  0.07699747988344467  0.07985297883794931  0.08185246974663685  0.08258321669820458  
317.  0.07611337512574058  0.07763347196429896  0.07445044894959202  0.06907885579105845  0.06293441664175607  0.07499406943604014  0.07699268090863003  0.07984827571391773  0.08184779601411678  0.08257843495464191  
317.2  0.07610615951074703  0.07763411104637852  0.07445364092442787  0.0690822935420527  0.06293719575773653  0.07499145005013787  0.0769898159281018  0.07984557988517675  0.08184518133111622  0.08257573081778488  
317.4  0.07610086859247606  0.07763671955081607  0.07445872398266136  0.06908748800621405  0.06294157585208865  0.07499073596976502  0.07698890874504587  0.07984491711900037  0.08184465036186829  0.0825751310481845  
317.6  0.07609752712325277  0.07764132230915839  0.07446572285626396  0.06909446105182239  0.06294757650709311  0.07499195184096616  0.0769899856627071  0.0798463129564672  0.08184623122658179  0.08257666220543172  
317.8  0.07609615960590141  0.07764794668879565  0.07447466294978272  0.06910323700678593  0.06295522155346053  0.07499512482794125  0.07699307276081278  0.07984979549280798  0.08184995186840768  0.08258035342931583  
318.  0.07609679400764269  0.07765662078921731  0.07448557221480845  0.06911383992614015  0.0629645326571725  0.07500027910354565  0.07699819683141693  0.07985539079538875  0.0818558400645013  0.08258623278493711  
318.2  0.07609945624891114  0.07766737067911049  0.0744984756257065  0.06912629638696659  0.06297553208635498  0.07500744232192384  0.07700538540224915  0.07986312939093787  0.08186392622445639  0.08259433004833365  
318.4  0.07610417298218379  0.07768022690237973  0.07451340260317922  0.06914063181072284  0.06298824459450016  0.075016641955406  0.0770146667610095  0.07987303982259018  0.08187423971629319  0.08260467488252286  
318.6  0.0761109744195474  0.07769521801706128  0.07453038148661432  0.06915687232817366  0.06300269373095427  0.07502790624014394  0.07702606998065017  0.07988515237336218  0.0818868116695881  0.08261729965422988  
318.8  0.0761198887766489  0.07771237620409395  0.07454944140706302  0.06917504574033731  0.0630189037097935  0.07504126513887387  0.07703962494569527  0.07989949910701423  0.08190167314274484  0.08263223574093503  
319.  0.07613094695793574  0.07773173075706298  0.07457061325393935  0.06919518061729955  0.06303690131220903  0.07505674850166508  0.07705536237964779  0.07991611015070539  0.08191885889805839  0.08264951729254305  
319.2  0.07614417884140182  0.07775331559745895  0.0745939278314636  0.06921730443877681  0.06305671216709002  0.07507438607986484  0.0770733148163272  0.0799350193392382  0.0819384018175899  0.08266917751895698  
319.4  0.07615961706196074  0.07777716274189617  0.07461941681934987  0.06924144926662432  0.06307836453005859  0.07509421132333621  0.07709351380697996  0.07995626050567449  0.08196033572953315  0.08269125153073856  
319.6  0.07617729327619001  0.07780330703349227  0.07464711470018812  0.06926764329353005  0.06310188554369124  0.0751162557624528  0.07711599371684648  0.07997986939650645  0.08198469638949854  0.08271577543809083  
319.8  0.07619724292240009  0.07783178430066873  0.0746770540628753  0.06929592031484784  0.06312730313836398  0.07514055280217741  0.07714078893201998  0.08000587991393546  0.08201152248083134  0.08274278638565269  
320.  0.07621949957099766  0.07786262852824646  0.07470926940951535  0.06932631124246218  0.06315464796888005  0.07516713776938497  0.07716793387863792  0.0800343307879735  0.08204084995345014  0.08277232163430526  
320.2  0.07624409874437195  0.07789587950820488  0.0747437981619432  0.06935885077988538  0.06318395060099778  0.07519604700465941  0.0771974668729564  0.08006525897007476  0.08207271774677614  0.08280442241392895  
320.4  0.07627107700711587  0.07793157334698113  0.07478067688588885  0.06939357173759692  0.06321524152705857  0.07522731597729514  0.07722942444018394  0.0800987034684258  0.08210716689809579  0.08283912728449098  
320.6  0.07630047393075481  0.0779697511009165  0.074819942261878  0.06943051080393445  0.06324855310965717  0.07526098314660681  0.07726384516174717  0.08013470540282971  0.08214423867159698  0.08287647886168586  
320.8  0.0763323263635664  0.0780104530780468  0.07486163594248045  0.06946970379403436  0.0632839186633938  0.07529708616471611  0.07730077069733393  0.08017330516163083  0.08218397458577334  0.08291651907233748  
321.  0.0763666751983927  0.07805371981950326  0.0749057968966347  0.06951118856656292  0.06332137248961135  0.07533566673560957  0.07734024003877332  0.08021454532364865  0.08222641935195464  0.08295929401775755  
321.2  0.076403562543264  0.07809959602033957  0.07495246722817815  0.06955500410616497  0.06336094991269361  0.07537676583967104  0.07738229630234253  0.08025847169236555  0.08227161705999209  0.0830048472564702  
321.4  0.07644303079004867  0.07814812574219795  0.07500168932335219  0.06960118958880937  0.06340268731800855  0.07542042569921929  0.07742698389320139  0.08030512751747731  0.08231961607683885  0.08305322564752095  
321.6  0.0764851236247814  0.07819935438900083  0.07505350686107268  0.06964978636836491  0.06344662121188135  0.07546668982498697  0.07747434659416  0.08035456131702945  0.08237046228857535  0.08310447943398312  
321.8  0.07652988607650694  0.07825332974064553  0.07510796781084768  0.06970083607244798  0.06349279119552445  0.07551560404778626  0.07752443249787819  0.08040681913092063  0.08242420596901737  0.08315865643184432  
322.  0.07657736456839534  0.07831009906364769  0.07516511664317527  0.06975438457899569  0.06354123609616076  0.07556721461346007  0.07757728720447961  0.08046195239982276  0.08248089793963327  0.0832158089244297  
322.2  0.07662760895097807  0.07836971408208118  0.07522500221746131  0.06981047419840064  0.06359199694820515  0.07562156920930684  0.07763296271731722  0.08052001215059336  0.08254059060103745  0.0832759898124051  
322.4  0.07668066762626587  0.07843222612070343  0.07528767590258241  0.06986915357326587  0.06364511705780505  0.07567871900655818  0.07769150765291881  0.08058105001529647  0.08260333799409117  0.08333925464518789  
322.6  0.07673659154199021  0.07849768812526102  0.07535318766616718  0.0699304688482021  0.06370063907973762  0.07573871376975232  0.07775297518924641  0.08064512226343484  0.08266919686078286  0.08340565771570495  
322.8  0.07679543427054743  0.07856615572676148  0.07542159208608318  0.06999447065989499  0.06375860903618784  0.07580160586711786  0.07781742017997871  0.08071228291737159  0.08273822372786077  0.08347525907806547  
323.  0.07685725008351577  0.07863768531838279  0.07549294344844873  0.07006120923043635  0.06381907138696619  0.0758674513565261  0.07788489721286199  0.08078259178192791  0.0828104789576989  0.0835481176615814  
323.2  0.07692209601696187  0.07871233511554343  0.07556729779500339  0.0701307374175313  0.06388207608657545  0.07593630505091055  0.07795546568141677  0.08085610854233663  0.08288602383510459  0.08362429532207603  
323.4  0.07699002993817328  0.07879016725252144  0.07564471400556412  0.07020310978749673  0.06394767163774293  0.07600822559146736  0.07802918384415532  0.0809328948263991  0.0829649216380944  0.08370385794962389  
323.6  0.0770611116171162  0.07887124282133193  0.07572525287619382  0.07027838268490358  0.06401590916009063  0.07608327352868413  0.07810611493672145  0.08101301428371538  0.08304723771918307  0.08378686949685761  
323.8  0.07713540382386315  0.07895562801104952  0.07580897617891452  0.0703566143057151  0.0640868414561877  0.07616151038176895  0.07818632017536599  0.08109653266889418  0.08313304060984636  0.08387339912312222  
324.  0.07721297140737743  0.07904338811309695  0.07589594979399553  0.07043786375114935  0.06416052308141754  0.07624299972467515  0.07826986797124426  0.0811835189519644  0.08322239906073091  0.08396351827332309  
324.2  0.07729387830181006  0.07913459268753491  0.07598623870124302  0.07052219314257262  0.0642370104174172  0.0763278093261107  0.07835682384717901  0.08127404440308718  0.08331538723168266  0.0840572987197748  
324.4  0.07737819580548783  0.07922931363505385  0.07607991319761814  0.07060966669495555  0.06431636278024613  0.07641600612551407  0.07844725971072725  0.08136818062791007  0.08341207763387101  0.08415481571559842  
324.6  0.07746599346210215  0.07932762426185322  0.07617704387830655  0.07070035080622616  0.06439863941695896  0.0765076614435905  0.07854124782222523  0.08146600376921305  0.08351254943401128  0.08425614915475603  
324.8  0.07755734531555476  0.07942960144240493  0.07627770481477421  0.07079431415132327  0.06448390266786494  0.07660284800594505  0.07863886397519226  0.08156759153724014  0.08361688241074465  0.0843613785284896  
325.  0.07765232797075801  0.07953532470717352  0.07638197263848664  0.07089162778124167  0.06457221703361378  0.0767016431584015  0.0787401844958804  0.0816730243454296  0.08372515911627755  0.08447058715371483  
325.2  0.07775101861097379  0.0796448742641024  0.07648992455818028  0.07099236417981157  0.06466365031766806  0.07680412378302778  0.07884529155363881  0.08178238647678325  0.08383746499825866  0.08458386231664573  
325.4  0.07785350033267037  0.07975833633784123  0.07660164474654078  0.0710966005077874  0.06475827059225014  0.07691037266341663  0.07895426808617291  0.0818957651787949  0.08395388852825456  0.08470129226834633  
325.6  0.07795985705363212  0.07987579808246383  0.07671721610132422  0.07120441453693208  0.06485614942949357  0.07702047233597116  0.07906719999675957  0.08201324868363355  0.084074523449813  0.08482297159966967  
325.8  0.07807017572249686  0.07999735085660363  0.07683672771462804  0.07131588791076204  0.06495736203437406  0.07713451151953803  0.07918417734921528  0.08213493054660703  0.08419946366231627  0.08494899614801076  
326.  0.07818454645735413  0.08012308825928773  0.07696027081755082  0.07143110629571489  0.06506198525434789  0.07725257892900758  0.0793052924017196  0.08226090770736601  0.08432880863177278  0.08507946417104358  
326.2  0.07830306590173783  0.08025310839921829  0.07708793783509908  0.07155015526120018  0.06517009875109794  0.07737477084256271  0.07943064187397336  0.08239127957621535  0.08446265931613055  0.08521448076411473  
326.4  0.07842582885318701  0.08038751300408802  0.07721982786754851  0.07167312787625747  0.0652817840572347  0.07750118167766588  0.07956032497973606  0.08252614925033999  0.08460112366051693  0.08535415165248603  
326.6  0.07855293694471653  0.08052640651177602  0.0773560426073762  0.07180011740061316  0.06539712900846414  0.07763191375109328  0.07969444680903591  0.08266562368758851  0.08474431144956453  0.0854985876186187  
326.8  0.07868449672065228  0.08066989839481047  0.07749668648976461  0.07193122171168052  0.0655162203732836  0.07776707212581357  0.07983311313297725  0.08280981605857118  0.08489233661752783  0.08564790579998666  
327.  0.0788206154892472  0.08081810119703471  0.07764186903018272  0.07206654132117891  0.06563915262401829  0.07790676477059377  0.0799764359643075  0.08295884163434115  0.08504531744800399  0.08580222558358783  
327.2  0.07896140691376688  0.0809711339929514  0.07779170394950631  0.07220618390724816  0.0657660205416251  0.07805110491730141  0.08012453052312482  0.08311282013238808  0.08520337787951099  0.08596166986516636  
327.4  0.07910698907017133  0.08112911825569585  0.07794630938068992  0.07235025798712244  0.06589692481121233  0.07820020909315205  0.08027751872014419  0.08327187593528156  0.08536664665603928  0.08612636964647596  
327.6  0.07925748466639973  0.08129218134639328  0.07810580808796651  0.0724988763576781  0.0660319678409792  0.0783541995217289  0.08043552501468165  0.08343614053105654  0.08553525535729778  0.08629645883065291  
327.8  0.07941301905611073  0.08146045345237227  0.07827032658998709  0.07265215852954349  0.06617125945455363  0.07851320327057147  0.08059867881995302  0.08360574726437421  0.08570934414702812  0.08647207664520647  
328.  0.07957372600658037  0.08163407447900903  0.07843999872465948  0.07281022877931488  0.06631490937505806  0.07867735138239887  0.08076711586968449  0.08378083820860527  0.08588905543135338  0.08665336791258242  
328.2  0.0797397435599175  0.08181318658699405  0.07861496148401438  0.07297321303341645  0.06646303518190422  0.07884678247021581  0.08094097627231331  0.08396155780262003  0.08607453966539216  0.08684048557822728  
328.4  0.07991121315979403  0.08199793890401018  0.07879535861639077  0.0731412458000952  0.06661575925029427  0.07902163742070555  0.08112040814622634  0.08414805981994758  0.08626595458485728  0.08703358431684813  
328.6  0.08008828554946501  0.08218848446572954  0.07898133981922914  0.07331446600202363  0.06677320787169992  0.07920206752664026  0.08130556345314335  0.08434050097804925  0.08646345990047662  0.08723283093003958  
328.8  0.08027111548632547  0.08238498730959094  0.07917306105536764  0.07349301837949904  0.06693551149342845  0.07938822468004735  0.0814966016767747  0.08453904801213703  0.08666722662610535  0.08743839459958862  
329.  0.08045986430773013  0.0825876137950231  0.07937068374708028  0.07367705380342789  0.06710280840325115  0.07958027299411939  0.08169368790967228  0.08474387240346593  0.08687743070134679  0.08765045514413053  
329.2  0.08065470373637909  0.08279654205112297  0.07957437970162647  0.07386672960909176  0.06727524279359091  0.07977837896605054  0.08189699434003103  0.08495515300040393  0.08709425562239313  0.08786919545837765  
329.4  0.08085580711360532  0.08301195209829741  0.07978432234441969  0.0740622111073769  0.06745296277666255  0.07998271982523282  0.08210670410795622  0.08517307873460533  0.0873178951686255  0.08809481105461255  
329.6  0.0810633612690977  0.08323403773310371  0.08000069974983015  0.07426366851246824  0.06763612415363264  0.08019347938684723  0.0823230036874699  0.085397843310495  0.08754854926444522  0.08832750482683886  
329.8  0.08127755660528119  0.08346299662878393  0.08022370242189306  0.07447128078921447  0.0678248919824708  0.08041084845765459  0.08254608904823904  0.08562965258185797  0.08778642672921952  0.08856748750146053  
330.  0.08149859448345328  0.08369904008654183  0.0804535318233366  0.07468523494509814  0.06801943399438613  0.0806350264443586  0.08277616851215588  0.08586871927331678  0.0880317457860514  0.08881497929366065  
330.2  0.08172668660794354  0.08394238424031501  0.08069039857911976  0.07490572767642088  0.06821993033299764  0.08086622539326743  0.08301345509975645  0.08611526580938035  0.08828473696744785  0.08907021163750488  
330.4  0.08196205084836483  0.08419325760606663  0.08093452420093407  0.0751329635263943  0.06842656701650082  0.08110466231422918  0.08325817407166786  0.08636952725787692  0.08854564020431123  0.08933342662112227  
330.6  0.0822049188790449  0.08445190055102815  0.08118613811562264  0.07536715658156229  0.06863953874714948  0.08135056678480047  0.08351056119546178  0.08663174603857834  0.08881470303258662  0.08960487642570446  
330.8  0.08245553089470951  0.08471856236723775  0.08144548181839459  0.07560852984536459  0.06885904823313482  0.08160418043220216  0.0837708633781874  0.08690218088336446  0.08909219076981402  0.08988482517109907  
331.  0.08271414103782224  0.08499350551537198  0.08171280957151666  0.07585731944397235  0.06908531275496282  0.08186575400659223  0.08403933813792648  0.08718109680848925  0.08937837774754544  0.09017355206041582  
331.2  0.08298101210810298  0.08527700397023555  0.08198838550940361  0.07611377293049534  0.06931855397545807  0.08213555045240514  0.08431625794422505  0.08746877784771112  0.08967355162935522  0.09047134615957844  
331.4  0.08325642355867034  0.08556934887240286  0.08227248678080629  0.07637814755559552  0.06955900819097278  0.08241384934110225  0.08460190496382881  0.08776551704518794  0.08997801669214503  0.0907785156915348  
331.6  0.08354066628426547  0.08587083965778848  0.08256540929721083  0.07665071465406424  0.06980692345161592  0.08270093919681294  0.08489658040818507  0.08807162579890293  0.09029208865123191  0.09109537802249389  
331.8  0.08383404839182598  0.08618179841277637  0.08286745639999528  0.07693176051223306  0.07006255784260622  0.082997126901304  0.08520059445712042  0.08838742873236495  0.09061610170913212  0.09142227159570436  
332.  0.0841368900139712  0.08650255740262426  0.08317895205264624  0.07722158481224538  0.07032618520647635  0.08330273254109254  0.08551428075649334  0.08871326713357375  0.09095040843604628  0.09175954966925438  
332.2  0.08444953301101109  0.08683346873459828  0.0835002370246395  0.07752050156245219  0.07059809359615493  0.08361809412939625  0.08583798392853238  0.08904950256857831  0.09129537592999076  0.09210758639869382  
332.4  0.0847723321640141  0.08717490308345682  0.08383166749770246  0.0778288451536227  0.07087858370662528  0.08394356750776352  0.08617206809842087  0.08939651437376096  0.09165139449686277  0.09246677184649074  
332.6  0.0851056651276066  0.08752725223049915  0.08417362128888957  0.07814696399560951  0.07116797617956067  0.08427952883470712  0.08651692072473366  0.08975469964264352  0.09201887275115268  0.09283751955355414  
332.8  0.08544992748587395  0.087890925364983  0.08452649414412895  0.07847522802006253  0.0714666038969753  0.08462637083244996  0.08687294512796338  0.09012448222308715  0.09239824153358919  0.09322026551968973  
333.  0.0858055379709609  0.08826635946435887  0.08489070495643346  0.07881402495181104  0.07177482461945997  0.08498451310780068  0.0872405708073512  0.09050630411313623  0.09278995934120557  0.09361547107323714  
333.2  0.08617294007247113  0.08865401071700713  0.08526669737485681  0.07916376686358947  0.07209300955954868  0.085354393510364  0.0876202499845154  0.09090063472900828  0.09319450378698498  0.09402361814920515  
333.4  0.08655259856230148  0.0890543665608848  0.0856549389420292  0.07952488923661888  0.07242155635594628  0.08573648010095421  0.08801245930165924  0.09130797149579543  0.09361238498593154  0.09444522273629452  
333.6  0.08694501042498139  0.08946793726705791  0.08605592422245253  0.07989785005593814  0.07276088293329908  0.08613126265858254  0.08841770430548287  0.09172883791798433  0.09404414249602494  0.09488082530291857  
333.8  0.08735069646909435  0.08989526713288258  0.08647017550396997  0.08028313557586865  0.0731114317749916  0.08653926246418558  0.08883652024066295  0.09216378828737068  0.09449034222325625  0.09533100211391635  
334.  0.08777021269965572  0.09033693158168318  0.08689824897123029  0.08068126376174889  0.07347367313246193  0.08696103460265338  0.08926947431530768  0.09261341270389757  0.09495159065847113  0.0957963624652423  
334.2  0.08820414750823728  0.09079354097511838  0.08734073319238402  0.08109277856791332  0.07384810308830486  0.08739716240336601  0.08971716818045965  0.09307833571076637  0.09542852699622525  0.09627754995161002  
334.4  0.08865312428172875  0.09126574336993137  0.087798254440646  0.08151826305525324  0.0742352524847861  0.08784826937913083  0.09018024064787122  0.09355921770823851  0.09592183130161515  0.09677525206358388  
334.6  0.08911780700234824  0.09175422754420864  0.08827147419589519  0.08195833410713957  0.0746356827126925  0.08831501545111688  0.09065937067348569  0.09405676614770563  0.09643222500200846  0.09729019807806798  
334.8  0.08959890350980262  0.09225972494587102  0.0887611032192501  0.0824136466826225  0.07504999107596182  0.08879810692948412  0.09115528063773465  0.09457172950169929  0.09696047845920866  0.09782316252807448  
335.  0.0900971649220217  0.09278301886081229  0.08926789007357598  0.08288490260228103  0.07547881377920179  0.089298289078658  0.09166873856773884  0.09510490640850235  0.09750740936486724  0.09837497319570299  
335.2  0.09061339362551458  0.09332493881402168  0.08979264150194434  0.08337284592973343  0.0759228320274804  0.08981636513350588  0.09220056626964031  0.09565714846186216  0.09807389107346416  0.09894650849579874  
335.4  0.09114844764109944  0.09388637611408433  0.09033621153206715  0.08387827386809274  0.07638276871823473  0.09035318538607345  0.09275163819318447  0.09622936336709827  0.09866085593235752  0.09953871051149348  
335.6  0.09170324117553658  0.09446827762684505  0.09089951878284733  0.08440203703006818  0.0768593994260929  0.0909096630458098  0.09332289189194799  0.09682252421829003  0.0992693004701999  0.10015258327576908  
335.8  0.09227875410499117  0.0950716625261989  0.09148354048542141  0.08494504572874141  0.0773535526804642  0.09148677393309218  0.09391532923597673  0.09743766947603294  0.09990028971159134  0.10078920421054623  
336.  0.09287603646258176  0.09569761702231025  0.09208933117750004  0.0855082783415639  0.0778661192303703  0.09208556372135514  0.09453002235685924  0.09807591343241125  0.10055496641068824  0.10144972489516833  
336.2  0.09349621644953737  0.0963473126136405  0.09271801344703547  0.08609277872470102  0.07839804891381746  0.09270715445258854  0.09516812466816613  0.09873845321770981  0.10123455823487715  0.10213538251624513  
336.4  0.09414050188462847  0.0970220050464667  0.0933708025894875  0.08669967308470478  0.07895036840223509  0.09335275180675412  0.0958308725424083  0.09942657217425109  0.10194038133604615  0.10284750646731133  
336.6  0.0948101986216445  0.09772304264170505  0.09404899874452564  0.08733017477905561  0.07952418090807119  0.09402365322970663  0.09651959949533653  0.10014165286129213  0.10267385357622712  0.10358752730914722  
336.8  0.0955067094171038  0.09845188620206938  0.09475400927268228  0.08798558533915554  0.08012067234189744  0.09472125704118127  0.09723573964062948  0.10088518531979214  0.10343650303972104  0.10435698530001382  
337.  0.09623155008608011  0.0992101047838151  0.09548734864664589  0.08866731439271139  0.08074112595215353  0.09544707266454407  0.09798084414528674  0.10165877949816024  0.10422997768441103  0.10515754617327487  
337.2  0.09698636114664982  0.09999939809780659  0.0962506574953108  0.08937688755365962  0.08138692917647816  0.09620273368623429  0.098756587040541  0.10246417143522915  0.10505606401417018  0.10599100782100562  
337.4  0.09777291628364872  0.1008216102020108  0.09704571114078377  0.09011595084074663  0.08205958468497958  0.09699000626116433  0.09956478620003592  0.10330324621902448  0.10591669061394314  0.10685931913901617  
337.6  0.09859314168543468  0.1016787355334123  0.09787443586333945  0.09088629667345764  0.08276071972343019  0.09781080995979362  0.10040740765989338  0.10417804760170106  0.10681395492076018  0.10776459632266988  
337.8  0.09944913289165602  0.10257294869448921  0.09873892565886366  0.09168987021971069  0.08349210648867117  0.09866722825315098  0.10128659197074874  0.10509079729151155  0.10775013374380847  0.10870913497648062  
338.  0.1003431691207849  0.10350661329481402  0.09964146291801633  0.09252879015959185  0.08425567520656159  0.09956153538632326  0.10220467386495835  0.10604391518396195  0.10872770867003902  0.10969544206419164  
338.2  0.10127773974503886  0.10448231076623182  0.10058453701387816  0.09340537052798105  0.0850535309049409  0.10049620690159657  0.10316419489850809  0.1070400424469924  0.10974938982756899  0.11072624873986622  
338.4  0.10225557094686394  0.10550286627959286  0.1015708707611279  0.09432214064074868  0.08588797768358115  0.101473957270134  0.10416794174246582  0.10808206628955586  0.1108181397754921  0.11180454235449826  
338.6  0.10327964448559192  0.10657137515007226  0.10260344900432668  0.09528187322846066  0.08676153964882893  0.10249775537726054  0.10521896409974305  0.10917315688708176  0.11193720284038237  0.11293360118156724  
338.8  0.10435324209077512  0.1076912385828773  0.10368555494012116  0.09628761672312704  0.08767699205371551  0.10357087215961279  0.10632061484486299  0.11031679246891535  0.11311015090492471  0.11411702569244633  
339.  0.10547997698922404  0.10886620142651031  0.10482079809412027  0.09734272729209256  0.08863739016370972  0.10469690187679262  0.10747658732495251  0.11151680625488598  0.11434091494995742  0.11535878195467704  
339.2  0.10666383970350801  0.11010040480864294  0.10601317020924501  0.0984509132249895  0.08964610996895585  0.1058798177093801  0.10869096223948982  0.11277743166730517  0.11563383287199784  0.11666324835574098  
339.4  0.10790924946930057  0.11139843096242721  0.10726709346094014  0.09961627926790789  0.09070689000855638  0.10712402317523709  0.10996825500916278  0.11410335686675076  0.11699371576594689  0.11803527720596171  
339.6  0.10922111432425946  0.11276536707091128  0.10858747169155862  0.10084338588944522  0.09182388038546371  0.10843440323884568  0.1113134841119595  0.11549978848519735  0.11842590122359861  0.11948025554652723  
339.8  0.11060490525472941  0.11420688550332352  0.10997977311115623  0.10213730941988476  0.09300170406485857  0.1098164032180544  0.11273223793314903  0.11697252640411684  0.11993633873708147  0.12100418421288775  
340.  0.11206672658975057  0.11572931738420451  0.11145010818099457  0.10350372816068372  0.09424553079687172  0.11127610434565234  0.11423076137278687  0.11852805370502506  0.12153167291444247  0.12261376713334131  
340.2  0.11361343424336552  0.11733976894355971  0.11300532598280055  0.10494900467853209  0.0955611510962824  0.112820326959341  0.11581605628354225  0.12017363541367816  0.12321935572562334  0.12431652278565253  
340.4  0.115252732370038  0.11904622980173188  0.11465313273152784  0.1064802977943014  0.09695508601118827  0.11445674882790913  0.11749600274358174  0.12191744972374467  0.12500777367640536  0.12612091441851533  
340.6  0.11699332757007594  0.1208577267631701  0.11640223308917107  0.10810569399830608  0.09843469574387943  0.11619403649271785  0.11927949586764831  0.12376873035117042  0.12690639377469776  0.12803649169633885  
340.8  0.11884509064220795  0.12278449352083004  0.118262493514492  0.10983436091363206  0.10000832465430685  0.11804201139732963  0.12117662229812314  0.12573794371575184  0.12892595298590825  0.1300740873891494  
341.  0.12081925401599888  0.12483817345293932  0.12024514549956172  0.11167673035250326  0.101685475628955  0.12001186422330427  0.12319886828966015  0.1278370084975431  0.13107866962385548  0.1322460308903001  
341.2  0.12292866349279291  0.12703208836096483  0.12236302935493738  0.11364473265860235  0.10347700635285595  0.12211637800643804  0.12535935697047929  0.13007954849514813  0.1333785185371624  0.1345664177181162  
341.4  0.12518806890487055  0.12938152588641635  0.12463089489878654  0.11575206832138743  0.10539539210017579  0.12437024134262412  0.1276731674849746  0.13248120910757913  0.1358415395621472  0.13705143497286806  
341.6  0.12761448832086117  0.1319041312219589  0.12706575329814002  0.11801454227856069  0.10745502192632328  0.12679039483150092  0.13015769102737448  0.13506004157717277  0.13848624360160172  0.13971975672702877  
341.8  0.13022765233027506  0.1346203617944082  0.12968733157056875  0.12045048073146675  0.10967257830262599  0.1293964859344775  0.13283309525730932  0.13783697645152443  0.14133409632092406  0.14259304016414187  
342.  0.1330505508063997  0.1375540496538523  0.13251861295523984  0.12308123472357539  0.11206750396917217  0.13221139829671952  0.13572287686053094  0.14083639930780725  0.14441010213502803  0.14569651284957558  
342.2  0.136110109753952  0.14073311188364615  0.1355865157153499  0.1259318110561908  0.11466256134260645  0.13526193846393167  0.13885455537233346  0.14408686602645282  0.1477435464289204  0.1490597214985095  
342.4  0.13943802215058154  0.14419040084420287  0.13892272152351332  0.12903164392215305  0.117484550329777  0.13857966127375193  0.1422605153247014  0.1476219931743435  0.15136890189063  0.15271744639415688  
342.6  0.14307176754737894  0.14796477787364162  0.14256470451025077  0.13241554404904865  0.12056516804054693  0.14220188049447907  0.14597907208705724  0.15148154068788974  0.15532693865193198  0.15671082149782775  
342.8  0.14705588793991872  0.15210242204233015  0.146556993210077  0.13612487812385346  0.12394207121382052  0.146172941579075  0.15005574539935776  0.15571275260649145  0.15966610120778119  0.16108872611825054  
343.  0.15144349749059277  0.15665840113662227  0.1509526952591846  0.14020898546083327  0.12766017733047158  0.1505457250678756  0.1545448244485926  0.16037196928697084  0.1644441696439183  0.1659094509534182  
343.2  0.1562981075203481  0.16169855888940926  0.15581530307268956  0.14472684752700432  0.13177319449063069  0.15538346161628686  0.15951122126561063  0.16552655542659428  0.16973022709754373  0.17124269803308328  
343.4  0.161695671542794  0.16730165339050726  0.16122076642049174  0.14974902728516457  0.13634535793647487  0.16076177984314596  0.1650325699610925  0.17125709019716884  0.17560689413286915  0.17717182525671218  
343.6  0.16772676254227314  0.173561604620033  0.16725965823485436  0.15535966231195555  0.14145327094970692  0.16677086020997478  0.17120145731034286  0.1776596519828808  0.18217270440758004  0.1837962484928837  
343.8  0.17449848298526693  0.18058947333937347  0.1740390843430764  0.16165826393008448  0.14718753137944535  0.17351735048967756  0.17812735842329872  0.1848478697783747  0.1895441784344793  0.19123352243545644  
344.  0.1821353471846969  0.1885144046625231  0.18168359976271198  0.16876053543696506  0.15365347742892377  0.18112524705001826  0.18593757291338237  0.19295385494995196  0.1978567932462093  0.1996203329181379  
344.2  0.19077775300634076  0.19748202906286727  0.1903336643347139  0.1767969780343936  0.16096992273791272  0.18973438177148838  0.194775648381529  0.2021265856651572  0.20726332336810818  0.20911082443118317  
344.4  0.20057580370857597  0.20764811428280258  0.2001395240903169  0.1859071800818292  0.16926395000141614  0.1994942904407887  0.204795094307398  0.21252538786341002  0.2179271561745218  0.21986984007232394  
344.6  0.2116757651194039  0.21916450690375083  0.21124768553376333  0.196227258202717  0.17865947177708846  0.21055072188836813  0.21614554776015635  0.2243055695309556  0.23000756133473463  0.23205806831696313  
344.8  0.2241972300188761  0.2321555059418765  0.22377811135509945  0.2078686837756282  0.18925797377937295  0.22302295095698804  0.22894945165800962  0.2375942176363499  0.24363487255813615  0.24580701124097418  
345.  0.23820295008247813  0.24668661415643192  0.23779410554709704  0.22089029826445486  0.20111302003626433  0.2369737476739108  0.24327124161584882  0.25245823615574936  0.2588777120482281  0.2611859020159926  
345.2  0.2536700494048571  0.26273466580515753  0.2532735187904194  0.23527156198340748  0.21420588826150144  0.25238069450610867  0.25908792271677794  0.26887378173366516  0.2757116435861508  0.27817010283072763  
345.4  0.27047633251309444  0.28017360831432697  0.27009500081112614  0.2508997914094732  0.22843398016076466  0.26912255283131437  0.2762750367267687  0.2867117268704767  0.294004276990488  0.2966260291524257  
345.6  0.2884116514477962  0.29878622099991364  0.28804929434752075  0.2675806395534855  0.24362032990888907  0.28699053299795385  0.2946182511758186  0.3057496623559324  0.3135275619993708  0.3163236089785797  
345.8  0.3072113340496038  0.31829868180493925  0.30687254021477917  0.2850690203789255  0.25954179198207084  0.30572151149663007  0.31384745465375136  0.32570729120411  0.33399407898282457  0.33697286254854525  
346.  0.3265970833321172  0.33842294200564205  0.3262871272280668  0.30310706212170446  0.27596359031920853  0.3250387392281718  0.33367854700566635  0.34628979861317066  0.3551015273526412  0.35826878983963933  
346.2  0.34631057101784707  0.3588914856970244  0.3460351871186384  0.32145524617820515  0.292667634539129  0.34468523385084643  0.35384771266302445  0.36722340343523185  0.3765691605561199  0.37992815380097295  
346.4  0.366132667741935  0.37947733784426246  0.36589791330833277  0.3399103047907317  0.30946886907316284  0.3644429737879217  0.37413113657472913  0.388275842772093  0.39815881455571317  0.4017106554651485  
346.6  0.3858896468348882  0.4000004506330797  0.38570170891794364  0.35831097154299324  0.3262204694597645  0.3841390408450118  0.3943513190178677  0.4092628951023221  0.419681581012987  0.42342570144405667  
346.8  0.40545079347865093  0.42032530252669004  0.4053158789445399  0.37653583654187694  0.3428119078841705  0.4036433013121723  0.41437465482002417  0.4300459163620671  0.4409952793085875  0.4449298498299854  
347.  0.4247220536883044  0.44035431334683167  0.4246463093849498  0.39449747089159704  0.359163566712453  0.4228620819716695  0.43410497274214954  0.45052508879572245  0.4619975561167976  0.46611982707771776  
347.2  0.443638663059939  0.4600202285494823  0.443628110003328  0.41213556865504986  0.3752205648427835  0.4417308206059006  0.45347602542073195  0.4706316459050118  0.48261787542748896  0.4869244833615807  
347.4  0.4621582812346707  0.47927900891246755  0.462218777015543  0.42941064069849244  0.3909469458657383  0.46020729440999303  0.4724444278568773  0.4903205811011756  0.5028100965698923  0.5072972422895174  
347.6  0.4802552781746395  0.4981039506329024  0.48039249501286096  0.4462986933969219  0.40632086855301314  0.4782658756767227  0.4909839037857379  0.5095645839187168  0.5225462019271425  0.527209860863853  
347.8  0.49791618615092464  0.5164809291391702  0.4981356089850533  0.46278703802219884  0.4213307840558434  0.4958930838692438  0.5090805880354939  0.5283492836890512  0.5418114592032023  0.5466474489443435  
348.  0.5151362954971518  0.5344049058151948  0.5154432007178249  0.47887107562690867  0.43597252588754654  0.5130841043308003  0.5267295556331215  0.5466695442195891  0.560600579325147  0.5656046970451116  
348.2  0.5319170276903336  0.551877211494894  0.5323165025427128  0.494551966801421  0.45024713777005715  0.5298402823658407  0.5439321779399777  0.5645267808288089  0.5789150375510124  0.5840830650159431  
348.4  0.5482640973348601  0.5689036120779212  0.5487610251829184  0.5098348110077559  0.4641592643763397  0.5461671832875317  0.5606941681324293  0.5819269361853321  0.5967608849281283  0.6020886867774687  
348.6  0.5641860734061346  0.5854928482938697  0.5647851698820847  0.5247273814703755  0.4777160042872615  0.5620732657626517  0.5770242197030082  0.5988790059694777  0.6141473717160043  0.6196308646732026  
348.8  0.5796934282812028  0.6016556502351936  0.5803992293934767  0.5392392495198103  0.49092605593923  0.57756886831403  0.5929329249795215  0.6153939877807195  0.6310857620703968  0.636720983344635  
349.  0.5947977988007869  0.6174039404902778  0.595614646319058  0.5533810338352282  0.5037991091118837  0.5926654815969022  0.6084321012565499  0.6314841287891554  0.6475886002282185  0.6533716992517191  
349.2  0.6095114596444842  0.6327503310599476  0.6104435405483575  0.5671639954768374  0.5163453978893151  0.6073752567202425  0.6235342005444726  0.6471623466424221  0.6636691631298174  0.6695963851324918  
349.4  0.6238469791875865  0.6477077219014516  0.6248983345515353  0.5805996438962157  0.5285754245862918  0.621710618914672  0.6382519892959585  0.6624418965827404  0.6793409950666435  0.6854087399516768  
349.6  0.6378169275461709  0.6622890442321323  0.6389914491547262  0.5936995304413069  0.5404996967949749  0.6356840335084865  0.6525982641312237  0.6773360427092768  0.6946177293341682  0.7008224836595365  
349.8  0.6514337563616526  0.67650709958338  0.6527351815177509  0.6064750589845392  0.552128609859662  0.6493078047858045  0.6665856444626321  0.6918579021055585  0.7095127782621091  0.7158511716874101  
350.  0.6647096188462389  0.6903743736098873  0.6661415736367401  0.6189374089371363  0.5634723327021361  0.662593978508702  0.6802265206051968  0.7060202795130062  0.7240393066231136  0.7305080865099515  
350.2  0.6776563125136597  0.7039030255203612  0.6792222690739455  0.6310974119536824  0.5745407397467822  0.6755542505741342  0.6935328618428596  0.7198356306903642  0.7382100729558478  0.7448060753014797  
350.4  0.690285242148308  0.7171047612831406  0.691988587966523  0.6429655414804338  0.5853433550368989  0.6881998906310273  0.706516275976794  0.7333159855635695  0.7520373981612735  0.7587575939638549  
350.6  0.7026073791526122  0.7299908798033989  0.7044513456561288  0.6545518603977888  0.5958893664643944  0.7005417775569398  0.7191879050797031  0.7464729042183585  0.7655331608912824  0.7723746006761917  
350.8  0.7146332209810115  0.7425721947213372  0.7166209537748761  0.6658660343042442  0.6061875623527951  0.7125903219024768  0.731558449978046  0.7593174749273184  0.7787087037090585  0.7856685656897507  
351.  0.7263728556878776  0.7548590568493578  0.7285073937682036  0.6769173303313637  0.6162463682278025  0.7243554885198364  0.7436381411871148  0.7718603392902365  0.7915749223760388  0.7986504963634488  
351.2  0.7378359002992882  0.766861373573616  0.7401201664607645  0.6877145663449233  0.6260738381498847  0.7358468299986037  0.7554367569897296  0.784111629413225  0.8041422470153182  0.8113308603563045  
351.4  0.7490315375457045  0.7785886063706552  0.7514683848924014  0.6982662030448911  0.6356776633178234  0.7470734274344175  0.7669636628565448  0.7960810470875601  0.8164205969170245  0.8237197071576731  
351.6  0.7599685445057015  0.7900497850475183  0.7625607184732698  0.7085802871377791  0.6450651836239177  0.7580439883846659  0.7782277547556384  0.8077778516552947  0.8284194797428693  0.8358266003202004  
351.8  0.7706552950914723  0.8012534944486808  0.7734054510989924  0.7186645232237842  0.6542434010801852  0.7687667770965881  0.7892375612510448  0.8192108471498107  0.8401479082968458  0.8476606772394011  
352.  0.7810997622921392  0.812207965655404  0.7840104692520256  0.7285262164207488  0.6632189791782952  0.7792497341137392  0.8000011739470435  0.8303884739555094  0.8516145356464911  0.8592306238832853  
352.2  0.7913095657582481  0.8229210057746151  0.7943833247594665  0.7381723776036694  0.6719982875134815  0.7895003604020712  0.8105263545017124  0.8413187544597333  0.8628276024798521  0.8705447689732619  
352.4  0.8012919598743988  0.8334001223917478  0.8045311925866268  0.7476096811284391  0.6805874181461913  0.799525869978799  0.8208204785015267  0.852009356645271  0.8737949398467106  0.8816110292000935  
352.6  0.8110538663602158  0.8436524198236997  0.8144609179175765  0.7568444642290264  0.6889921541684596  0.8093331172308024  0.8308905830268987  0.8624675665878753  0.8845240654909404  0.8924369581165662  
352.8  0.8206019239372988  0.8536846928846944  0.8241790495619058  0.7658828373095359  0.6972180302670515  0.8189286762425158  0.8407434005274432  0.8727003850265133  0.8950221097018727  0.9030297813080967  
353.  0.8299424422215527  0.8635034617517361  0.8336918578166589  0.7747305898331983  0.7052703316955876  0.8283187782217591  0.8503853608182443  0.8827144670340477  0.9052959280197118  0.913396383326004  
353.2  0.8390814487003599  0.8731149412577044  0.8430052854464858  0.7833932514015592  0.7131541078211033  0.8375094068319545  0.8598226075239486  0.8925161698904571  0.9153520229049474  0.9235433572920975  
353.4  0.8480247376886989  0.8825250388749182  0.8521250601738791  0.7918761394849185  0.72087418504318  0.8465062822128263  0.8690609802420866  0.9021116028956722  0.9251966408727235  0.9334769893377339  
353.6  0.856777802282866  0.8917394524918179  0.8610566106475462  0.8001843241679011  0.7284351620858839  0.8553148754841883  0.8781060951594581  0.9115065601385081  0.9348357566080929  0.9432033074431918  
353.8  0.8653459309088282  0.9007636020011816  0.8698051972565872  0.8083226226046827  0.7358414721081888  0.8639404052812617  0.886963344155441  0.9207066350091867  0.9442750879518844  0.9527280632766237  
354.  0.8737342051644865  0.9096026754234994  0.878375790162778  0.8162957133536837  0.7430973436062748  0.8723878844584579  0.8956378395502934  0.929717132815814  0.9535200752407418  0.962056762808578  
354.2  0.8819474251135279  0.9182616768493926  0.886773200559186  0.8241080110597068  0.750206809668431  0.8806620981471437  0.9041345291458674  0.9385431686804229  0.9625759629930921  0.9711947150135807  
354.4  0.8899902770863698  0.9267453870150125  0.8950020062178428  0.8317637976748172  0.7571737701218143  0.8887676498485837  0.9124581042527369  0.9471896640761553  0.9714477789337042  0.9801469753383975  
354.6  0.8978672055574746  0.9350583554476939  0.9030666142944517  0.8392671454829108  0.7640019306389099  0.8967089552547111  0.920613115830619  0.9556612872452416  0.9801403457816452  0.9889183915722264  
354.8  0.9055824749685267  0.9432049818945232  0.9109712360521007  0.846621997386085  0.7706948821839218  0.9044902523885705  0.9286038968406133  0.9639625520782529  0.9886582558629947  0.9975136332691722  
355.  0.9131401793495063  0.9511895098374172  0.9187199506705078  0.8538321040580475  0.7772560189478658  0.912115592693432  0.9364346252767367  0.9720977750129735  0.9970059716467403  1.0059371663989358  
355.2  0.9205443072318714  0.9590159622559242  0.9263166416754676  0.8609010861221951  0.783688673307544  0.9195888676017929  0.9441092970927143  0.9800711394390572  1.0051877453760896  1.01419329944991  
355.4  0.9277986024681117  0.966688260319362  0.933765059812643  0.8678324241174218  0.7899960139399491  0.9269138545869023  0.951631771472324  0.9878866313089095  1.013207663882971  1.0222861560141758  
355.6  0.934906757449535  0.9742101394212247  0.9410687938692458  0.8746294467858649  0.7961810504934095  0.9340941699326184  0.9590057798925042  0.995548083585606  1.0210696952310603  1.0302197205145842  
355.8  0.941872252513815  0.981585212538116  0.9482313347272492  0.8812954138110327  0.8022467339651542  0.9411332559197132  0.9662348386038484  1.0030592033313959  1.028777602659064  1.037997828101742  
356.  0.948698475488312  0.9888169589966653  0.9552560260098166  0.887833369917406  0.8081959072517275  0.948034482853318  0.9733224071222725  1.010423560651077  1.0363350462722984  1.0456241528796062  
356.2  0.9553886909869911  0.9959087116406307  0.9621460500351067  0.8942463616458814  0.8140312518640803  0.9548010604802167  0.9802718203678077  1.0176445760247503  1.0437455724712603  1.0531022533020085  
356.4  0.9619460465642051  1.002863701794218  0.968904530936892  0.9005372113685598  0.819755428707814  0.9614361213116059  0.9870862158092453  1.0247255654267011  1.0510125226700149  1.0604355402954622  
356.6  0.9683735385763168  1.0096850262432355  0.9755344633664227  0.9067087365846745  0.8253709269852939  0.9679426284216112  0.9937687152799813  1.0316697274124036  1.0581392154860656  1.067627302611972  
356.8  0.9746741366424246  1.0163757324918636  0.9820387169520168  0.9127635782676352  0.8308802262065854  0.9743234787899966  1.0003222538485863  1.0384801085717736  1.065128796104741  1.07468075306677  
357.  0.9808506298196092  1.02293866417344  0.9884200811101225  0.9187043645056097  0.836285641545586  0.9805814898897381  1.0067497236284584  1.0451597290546812  1.07198427970764  1.0815989546515998  
357.2  0.9869057713064572  1.029376646011458  0.9946812707263855  0.9245335545291262  0.8415894882753004  0.9867193438411298  1.0130538788798034  1.0517114272443702  1.0787086583087533  1.0883848854814113  
357.4  0.9928421615824288  1.0356924093621267  1.0008248488109601  0.9302536047340686  0.8467939237096238  0.9927396521447337  1.0192374008610245  1.058137985028812  1.0853047437953087  1.0950413825990064  
357.6  0.9986623751455437  1.0418885131646214  1.0068533532035047  0.9358668093111471  0.851901114073637  0.9986449190892979  1.025302882203661  1.0644420923778548  1.0917752941219345  1.1015712700013656  
357.8  1.0043688620206044  1.047967533843948  1.01276921908015  0.9413754266054927  0.8569130731504476  1.0044375869190794  1.0312527889369028  1.0706263305499226  1.098122977368905  1.107977198299681  
358.  1.0099640134055003  1.053931903953268  1.0185747818267268  0.9467816631575424  0.8618318103885115  1.010120019260933  1.0370895898249037  1.0766932176270572  1.104350354633787  1.1142617725795456  
358.2  1.0154501447351265  1.0597839773730833  1.0242723224690409  0.9520876137252748  0.8666592723730955  1.0156945046613606  1.042815592463027  1.0826451917786317  1.1104599257839196  1.1204274939181567  
358.4  1.0208294990469264  1.065526075881272  1.0298640503324346  0.9572953488467543  0.8713972810086864  1.0211632383817884  1.0484330940823914  1.0884846148153762  1.1164541124200789  1.1264768268407614  
358.6  1.0261042067373782  1.0711604072806717  1.0353521061947208  0.9624068326212355  0.8760476639166933  1.0265283898423987  1.053944278781388  1.0942137321237513  1.1223352613165725  1.1324121176433941  
358.8  1.031276418162315  1.0766891543222648  1.040738565264912  0.9674239894278069  0.8806121938522077  1.0317919978936678  1.0593512845333755  1.0998348054342635  1.1281056039169204  1.138235639746062  
359.  1.0363481334672668  1.0821143690842103  1.0460254179566568  0.9723486853386624  0.8850925249455643  1.0369561254361412  1.0646561628309559  1.1053499428105409  1.1337673459243498  1.1439496408911674  
359.2  1.0413213352053783  1.0874380842987958  1.0512146383508056  0.9771827527987762  0.8894903479286722  1.042022687736763  1.0698609472176754  1.110761231417312  1.1393226718724399  1.1495562366958816  
359.4  1.046197970160207  1.0926622952529847  1.0563080988793787  0.9819279043054042  0.8938072165958351  1.04699358588373  1.0749675680374704  1.1160706971169152  1.1447735929196883  1.155057545187104  
359.6  1.050979884968  1.0977889180133937  1.0613076386762066  0.9865858673721543  0.8980447268107223  1.0518706882794446  1.0799779208473521  1.1212803070087496  1.1501221256356597  1.160455579223426  
359.8  1.055668872164534  1.1028197682744192  1.0662150439602092  0.9911582982948096  0.9022043628173406  1.0566557429431052  1.0848938241707418  1.1263919491463537  1.1553702515242312  1.1657523154400693  
360.  1.0602666952055624  1.1077566762368025  1.0710320501781436  0.9956468290313077  0.9062875880412982  1.061350537194697  1.0897170894457477  1.131407479720651  1.1605198516115196  1.1709496517179692  
360.2  1.0647750913134848  1.1126013760795075  1.0757603440368602  1.000052954854407  0.9102958476082547  1.0659567188201364  1.09444943267704  1.1363287030167966  1.1655727760922932  1.1760494776477841  
360.4  1.0691956815607784  1.1173555990320554  1.0804015422719346  1.0043782646139363  0.9142305012756685  1.070475933817685  1.0990925443237611  1.1411573503067036  1.170530800905825  1.1810535624234817  
360.6  1.0735301102718444  1.1220210068911824  1.0849572626491628  1.008624213967205  0.9180928933683424  1.0749098064842781  1.1036480686489818  1.1458951509682105  1.1753956755896635  1.185963694413496  
360.8  1.0777799552299796  1.1265991695812831  1.089429033378491  1.0127922177626156  0.9218843550297406  1.0792598480501736  1.1081175820366598  1.1505437420108167  1.1801691024882965  1.190781568060832  
361.  1.0819467285714603  1.1310916834495757  1.093818387713007  1.0168836988272019  0.9256061355228116  1.0835276213763112  1.1125026647866068  1.1551047155414953  1.1848527149368913  1.1955088786483614  
361.2  1.0860319251573292  1.13550008010406  1.0981267719593977  1.0209000196361968  0.9292594971225597  1.087714555402824  1.1168047853952436  1.1595796679910053  1.1894481495336964  1.2001472066967795  
361.4  1.0900369770010834  1.1398258272066315  1.1023556172255504  1.0248424829420464  0.932845646130476  1.0918220871482556  1.1210254672750979  1.1639701075331808  1.1939569296788661  1.2046981369547318  
361.6  1.0939633502372936  1.1440704014161331  1.1065063175298384  1.0287124045612523  0.9363657333254307  1.0958516405731868  1.1251661006586489  1.1682775263095073  1.198380633370176  1.2091632133368455  
361.8  1.0978123549801106  1.1482351944169824  1.110580231156978  1.0325110434707976  0.939820927024085  1.0998045802401784  1.1292281105328408  1.1725033784044492  1.202720679705833  1.2135439404158823  
362.  1.1015853865735168  1.1523215858750486  1.1145786819499601  1.0362396022653488  0.9432123425611838  1.1036821874993636  1.1332128383682327  1.1766490812204031  1.2069785702413385  1.2178417848445555  
362.2  1.1052837344327462  1.1563309209463617  1.118502960541649  1.0398993256082956  0.9465410671032801  1.107485782808296  1.137121615443497  1.1807159677718195  1.2111556979324958  1.222058152202639  
362.4  1.10890867965376  1.160264486844799  1.1223543255294801  1.0434913062772144  0.9498081606436319  1.1112166304815652  1.1409557401302954  1.1847054344083108  1.2152534448417318  1.2261944368736453  
362.6  1.1124614472787488  1.164123612473613  1.126133979800536  1.0470167553577163  0.9530146569515413  1.114875963880596  1.1447164790433983  1.1886187713223006  1.2192731097001586  1.230251999209207  
362.8  1.115943281478398  1.1679094971142125  1.1298431207666981  1.0504767332165696  0.9561615894166912  1.1184649615456315  1.148405068138714  1.1924572363481902  1.2232160572810271  1.234232141768652  
363.  1.1193553476879048  1.1716233591189986  1.1334829671818665  1.0538723475246798  0.9592499173831739  1.1219848227493412  1.15202268868288  1.1962221062186729  1.227083546804252  1.2381361598961917  
363.2  1.12269880783812  1.175266387909051  1.1370545849847338  1.057204655409926  0.9622806012229594  1.1254366437883718  1.1555705179931917  1.1999145781383835  1.230876831756233  1.2419653435064437  
363.4  1.1259748220030281  1.1788397703023525  1.1405591383180933  1.060474663618777  0.96525460383261  1.1288215943287756  1.1590497311014138  1.2035358454511755  1.234597110897085  1.2457208773735318  
363.6  1.1291844480043944  1.1823446156420485  1.1439977154291647  1.0636834051450874  0.9681728410871686  1.132140742605422  1.162461400374016  1.207087073794371  1.238245579536922  1.2494039675142374  
363.8  1.1323287683749146  1.1857820065696034  1.1473713537658603  1.066831864504095  0.9710361818679365  1.1353951567339668  1.1658066737581803  1.210569402007784  1.2418234055295363  1.2530158178858148  
364.  1.135408866794842  1.1891530514243047  1.150681091653509  1.0699210035714468  0.9738455253846054  1.1385858804492974  1.169086572203707  1.2139839172335534  1.245331730164203  1.2565575546562693  
364.2  1.1384257777472795  1.1924588346083664  1.1539279438584156  1.072951762310846  0.976601725484797  1.1417139079828182  1.1723021431741731  1.2173317068838327  1.248771669019684  1.260030303419735  
364.4  1.141380486593248  1.195700313196184  1.1571129023378226  1.0759250594711052  0.9793056426882975  1.144780262260614  1.175454436739613  1.220613860120511  1.2521442867421757  1.2634351386230567  
364.6  1.1442739558028574  1.1988785505641764  1.1602369631324123  1.07884179325423  0.9819580669429092  1.1477858922721786  1.1785444546345074  1.2238313645931047  1.2554506495090083  1.266773162210049  
364.8  1.14710720457874  1.2019945363056954  1.1633010487996178  1.081702815649527  0.9845597957919875  1.1507317776494161  1.1815731239862641  1.226985263011402  1.2586918264526428  1.2700454004898831  
365.  1.1498811528795703  1.20504921202013  1.1663060606242073  1.08450903814171  0.9871116356025242  1.1536188249017614  1.1845414553047704  1.2300765500907707  1.2618687852878292  1.2732528828521001  
365.2  1.1525966997859227  1.208043524455371  1.1692529589686067  1.0872612748583037  0.9896143230499762  1.1564479730089054  1.1874503332163522  1.2331061991327692  1.2649825504454022  1.276396616558695  
365.4  1.1552547775215887  1.2109784000999921  1.172142605646172  1.089960374663076  0.9920686311216885  1.159220061843049  1.1903007280633042  1.2360751359738023  1.2680340722086312  1.2794775607146778  
365.6  1.157856246030501  1.2138547726188598  1.1749758966923696  1.0926070888580997  0.9944752904279512  1.1619360186055496  1.193093484478005  1.2389842926178973  1.2710243065351796  1.2824967067503112  
365.8  1.160401973121427  1.2166734762510738  1.177753629434557  1.0952022584691306  0.9968350159844427  1.1645966722754726  1.1958295080721983  1.2418345815277871  1.2739542163198772  1.2854549725039126  
366.  1.1628928356586732  1.2194354069550242  1.1804766636161155  1.0977466277244317  0.99914853475415  1.1672028334722497  1.198509632498969  1.2446268691146654  1.2768246642834127  1.2883532827846444  
366.2  1.1653296390857333  1.2221414432314712  1.1831458149882188  1.1002409786749074  1.0014165050874082  1.1697553766161979  1.2011347275538666  1.2473620845009685  1.2796365748953777  1.291192543373927  
366.4  1.167713198672411  1.224792364622073  1.1857619098449819  1.102686023576921  1.0036395978885964  1.1722550509648582  1.2037055916059194  1.250041030588589  1.2823908274752718  1.2939736142369707  
366.6  1.170044313170597  1.2273890150962314  1.1883256762797438  1.1050825139279485  1.0058185251192613  1.174702670809784  1.206223033217298  1.2526645742863152  1.2850882560818142  1.296697419274075  
366.8  1.1723237376934657  1.2299321674786516  1.1908379358801944  1.1074311593874133  1.007953875913097  1.1770990074730938  1.2086878722470291  1.2552335385358713  1.2877297321547052  1.2993647280082927  
367.  1.174552294387514  1.2324226335084911  1.1932993849778324  1.109732627563942  1.0100463084375237  1.1794448168364833  1.2111008300836752  1.2577486744484911  1.2903160554017992  1.3019764300719756  
367.2  1.1767306798823054  1.2348611820204485  1.1957108152693283  1.1119876551320345  1.0120964407820408  1.1817408119360315  1.2134627230667465  1.2602108275312736  1.2928480086959029  1.3045333161061414  
367.4  1.1788596589368339  1.2372485667101674  1.1980729209985037  1.114196854366858  1.0141049066005159  1.183987746630195  1.2157742696795213  1.2626207169401122  1.2953264423981292  1.3070361602330698  
367.6  1.18093992629221  1.2395854984700494  1.2003864098250236  1.1163609356853939  1.0160722718246578  1.1861863329880578  1.218036173351376  1.2649791580741312  1.2977520800815734  1.3094858047311502  
367.8  1.1829722186340996  1.2418727015786466  1.202651975620486  1.118480484850533  1.0179991465648246  1.188337241061652  1.220249207450582  1.2672868680286347  1.3001257139032116  1.3118829648908534  
368.  1.184957202902333  1.2441109430084645  1.2048703271549597  1.1205562157577789  1.0198861016776257  1.1904411552903982  1.2224140192475175  1.269544549126491  1.3024480935503362  1.314228425229356  
368.2  1.1868955607608505  1.2463008349314546  1.2070421037391874  1.1225886609581797  1.0217336969013715  1.1924987754605876  1.2245313269377498  1.2717529461774881  1.304719926025421  1.3165228995016458  
368.4  1.1887879895441968  1.2484431176503383  1.2091679600413126  1.1245784825077312  1.0235425097027613  1.1945107605312257  1.2266018075659133  1.2739127623705657  1.306941932538399  1.3187671155514846  
368.6  1.1906351171622918  1.250538462198588  1.2112485383415164  1.126526274531321  1.0253130501283456  1.1964777283695114  1.2286260967697578  1.2760246590303397  1.3091148494642004  1.3209618162720886  
368.8  1.1924375876156417  1.2525874982776748  1.2132844976421235  1.1284325911251845  1.0270458462682677  1.1984003418557314  1.2306048748933167  1.2780893129521702  1.311239314116724  1.3231076453831347  
369.  1.1941960618965022  1.2545908718089873  1.2152764567456933  1.1302980616884244  1.0287414740143144  1.2002791947374525  1.2325387528490885  1.2801074173200575  1.3133160367716135  1.3252053194564652  
369.2  1.1959111027796174  1.2565492458295138  1.2172249939677855  1.132123189787441  1.0304003843368001  1.2021148978306344  1.2344283873492385  1.2820795955359052  1.315345715674762  1.3272555429274189  
369.4  1.197583348204971  1.258463213954455  1.219130705124802  1.1339085842084042  1.032023134313669  1.2039080798904516  1.2362743949469734  1.2840065169184594  1.3173289499374687  1.3292588918552193  
369.6  1.1992134255334672  1.2603334165233007  1.2209942043915982  1.1356547567552013  1.03361018490586  1.205659329958468  1.2380773517436356  1.2858887518912216  1.3192663843765329  1.3312161044532125  
369.8  1.2008018637151032  1.2621604245612401  1.2228160664083905  1.1373622382428847  1.0351620462947113  1.2073691970566056  1.239837851827758  1.2877269761158094  1.321158710959167  1.3331277617955428  
370.  1.2023492687217803  1.263944856827399  1.2245968554479236  1.139031579312364  1.0366791908045632  1.209038248839906  1.2415565081147852  1.2895217372138568  1.3230064933449497  1.3349944916075749  
370.2  1.2038562367281531  1.2656872628423763  1.2263370960760018  1.1406632624530146  1.038162082139197  1.2106670724177275  1.2432338643938938  1.2912736895034627  1.32481034244593  1.3368169400896173  
370.4  1.2053232652413355  1.2673882408296577  1.2280373916493645  1.1422578496210676  1.0396111755889579  1.2122562157504155  1.2448705132664142  1.2929833885855835  1.3265708881207225  1.3385956836342925  
370.6  1.2067509305517818  1.2690483198210756  1.2296982175244031  1.1438157754318945  1.0410269480458836  1.2138061873227108  1.2464669782483975  1.2946513793572745  1.3282886905440285  1.3403313174108606  
370.8  1.2081397699349927  1.2706680784825228  1.23132012853723  1.145337584549525  1.0424098389003844  1.2153175455950034  1.2480238325935347  1.2962782860369058  1.3299643291187067  1.3420244262504786  
371.  1.2094903113538809  1.2722480263087619  1.2329036707818104  1.1468237238580348  1.0437602797081749  1.216790780189738  1.2495415804852652  1.297864603808564  1.3315983732378562  1.343675584889325  
371.2  1.210803043530206  1.2737887233246865  1.2344493215282772  1.1482746615862809  1.0450786943722825  1.218226431584543  1.2510207465905432  1.2994109078626639  1.3331914126630566  1.3452853582039819  
371.4  1.2120785366248472  1.275290660380496  1.2359576093508036  1.149690888051327  1.0463654993194158  1.2196250016532837  1.252461876823143  1.300917734246663  1.3347439372798273  1.3468543014395133  
371.6  1.2133172618988164  1.2767544100819372  1.2374289636072568  1.1510728556628513  1.0476211340328832  1.2209869533199333  1.2538654783673318  1.3023856098936097  1.3362565482208357  1.3483829604304471  
371.8  1.2145196816921118  1.27818041532589  1.2388639567705684  1.1524210090298546  1.0488460312869712  1.2223128016242697  1.25523201933352  1.3038150223596767  1.3377297469557825  1.3498718413452055  
372.  1.2156863107740987  1.2795691708036725  1.2402630015387777  1.1537357851364944  1.0500405255712262  1.2236030538342297  1.2565619895702895  1.3052065112200486  1.3391640256093928  1.3513215326655212  
372.2  1.2168176562329784  1.2809212242682624  1.2416265938044326  1.1550176135125674  1.0512050664260326  1.2248581175732725  1.257855901390883  1.3065605772847673  1.3405599592169504  1.3527324922079265  
372.4  1.217914125281463  1.2822369930423516  1.2429551604865363  1.15626694718827  1.0523400051991028  1.2260784841390802  1.2591141979173306  1.307877713041479  1.3419179919876512  1.3541052299242615  
372.6  1.2189762092127494  1.2835170092360233  1.2442492131170306  1.1574841706972883  1.0534457789682365  1.2272646066894224  1.26033737577667  1.3091583719439128  1.3432386516362484  1.355440278261744  
372.8  1.2200043611550344  1.2847616740316221  1.2455091635886464  1.1586697231769507  1.0545226952644988  1.2284169308793031  1.2615258933278897  1.310403061064481  1.344522427150798  1.3567381308717452  
373.  1.2209990268123585  1.285971504586852  1.2467354471573604  1.1598240062560508  1.055571178944843  1.2295358950233997  1.262680170301377  1.311612249003612  1.3457697995463298  1.35799927336499  
373.2  1.2219606758316266  1.2871468866226674  1.2479285231243866  1.1609474460927476  1.0565915871660032  1.2306219614615648  1.2638006810651368  1.312786365532954  1.3469812420365186  1.3592241210691343  
373.4  1.2228896772293023  1.288288322994753  1.2490887815723126  1.1620404001001399  1.0575842397824597  1.231675491984046  1.2648878618865786  1.3139258951749841  1.3481572202003742  1.3604132373416935  
373.6  1.2237865178918024  1.2893962160165544  1.250216636722498  1.1631032502934098  1.058549544614368  1.232696997744193  1.265942141979868  1.315031284152257  1.3492981607303656  1.3615670221742984  
373.8  1.224651552648187  1.2904710236454784  1.2513125591116272  1.164136435456417  1.0594878415288185  1.233686795292862  1.2669639121381597  1.3161029715406005  1.3504045456265492  1.3626859303922811  
374.  1.2254852553089333  1.291513134180016  1.2523768870429561  1.1651402625832756  1.0603994331496744  1.234645383064377  1.267953650839656  1.3171413894182569  1.351476818518389  1.3637704412182987  
374.2  1.226288030524519  1.292522960540888  1.2534100467205893  1.166115158721993  1.0612846796241837  1.2355730639379334  1.2689117038786215  1.3181469312920702  1.3525153843022535  1.364820963771508  
374.4  1.2270602129026291  1.2935009727363724  1.254412458443665  1.1670614503851198  1.062143904289118  1.2364703241684234  1.2698385052141083  1.3191200471933753  1.353520736060129  1.3658379316597542  
374.6  1.2278022576542544  1.2944475074801487  1.2553844728909942  1.1679795217551965  1.0629774890332964  1.237337485419737  1.2707344828557356  1.320061180982285  1.3544932332702095  1.366821803626797  
374.8  1.22851455060798  1.29536295843367  1.2563264663024942  1.1688696877261064  1.06378565126639  1.2381749905567256  1.271599994948838  1.3209706744182936  1.355433324074764  1.367773000149669  
375.  1.2291974394500456  1.2962477773340073  1.2572388411016984  1.1697323536117072  1.0645688269540055  1.2389831488133933  1.2724354252580736  1.321848958507614  1.3563414184365787  1.3686919030717746  
375.2  1.2298512977848668  1.297102314018584  1.2581219620736148  1.170567823439137  1.0653272231487252  1.2397623916643976  1.2732411515703146  1.3226964262509489  1.3572179199867975  1.3695789196737602  
375.4  1.2304765580623358  1.297926944323159  1.2589761882994357  1.1713764278344774  1.066061202414539  1.2405130487076133  1.2740175781280505  1.323513464585438  1.3580631938353274  1.370434483295771  
375.6  1.2310735181912935  1.298722038278828  1.2598018732688052  1.1721585246205455  1.0667710584894314  1.2412354759527953  1.2747650389945895  1.3243004869167512  1.3588776958557929  1.3712589891234641  
375.8  1.2316425672662468  1.2994879602254037  1.2605993649890455  1.1729144343846352  1.0674571129267876  1.2419300564216913  1.275483927229285  1.3250578036812382  1.3596617466973033  1.3720527938171172  
376.  1.2321840567084401  1.300225101528531  1.2613690060915246  1.173644505302626  1.0681196178495727  1.2425971029180085  1.276174598148571  1.3257858492502963  1.3604157908098622  1.3728162803581987  
376.2  1.232698332587458  1.3009338157625083  1.2621111993410752  1.1743490156078524  1.0687588858831565  1.2432369879756022  1.2768373689462216  1.3264849877571665  1.361140136867929  1.3735498586489727  
376.4  1.233185702924452  1.3016144183314025  1.2628262119023086  1.1750282711187652  1.0693751928076431  1.2438500465257718  1.277472649512874  1.3271555122369123  1.3618352183449933  1.3742539005046408  
376.6  1.2336466017850714  1.3022672847765666  1.2635144037804953  1.1756826058117014  1.0699688429484597  1.2444366084083587  1.2780807137129  1.327797841141917  1.3625013652778093  1.37492873927987  
376.8  1.234081261388896  1.3028927528624847  1.264176097393791  1.1763123493954557  1.0705401037544668  1.2449969984675664  1.278661961487484  1.3284123224165612  1.3631389348940515  1.375574768466274  
377.  1.2344900732743433  1.3034911552802784  1.2648116433565286  1.1769177612269486  1.0710892384842203  1.245531536645307  1.2792166561810079  1.328999265726397  1.3637482791070865  1.3761923434934162  
377.2  1.2348733253347906  1.3040628529193383  1.2654213215080214  1.1774991621609734  1.0716165062835072  1.2460405712494649  1.2797452213416773  1.3295590416168057  1.3643297446148432  1.3767818145314772  
377.4  1.2352313668504824  1.3046081356144348  1.2660054398739702  1.178056802489174  1.072122195531753  1.2465243796977212  1.280247877180356  1.3300919827343403  1.3648837062670132  1.3773434933176587  
377.6  1.235564509419361  1.3051273213918444  1.2665643685865355  1.17859102790479  1.0726065242894116  1.2469833011243772  1.2807250048563967  1.3305983834486563  1.3654104675327  1.3778777862411158  
377.8  1.2358730600311443  1.3056207570243654  1.2670983736122783  1.1791020802359466  1.0730698401782346  1.2474176370258547  1.281176914697507  1.3310786333049267  1.365910393487381  1.3783849616336006  
378.  1.2361572876016325  1.3060887514800952  1.2676077496374496  1.1795902303253611  1.073512320361202  1.2478276844262595  1.2816039124507022  1.3315329836573673  1.3663837776337133  1.3788654163966159  
378.2  1.2364175571568798  1.3065316091829047  1.2680928206113298  1.1800558122087443  1.0739342384276798  1.2482137359575955  1.2820062657240212  1.331961815034294  1.366830975628653  1.379319408809359  
378.4  1.2366541288955446  1.306949630093548  1.2685538390855364  1.180499055441827  1.0743358309115179  1.2485760799379948  1.2823843385373932  1.332365402933661  1.3672522713587787  1.3797473266337457  
378.6  1.2368672921847537  1.307343109788822  1.268991120667931  1.1809202190902355  1.0747173645428592  1.2489150004480642  1.2827383898323146  1.3327440856456072  1.3676480452236424  1.380149452265575  
378.8  1.2370573321788094  1.3077123734520881  1.2694049771797318  1.181319592255635  1.075079102850938  1.2492308452319516  1.2830687078353402  1.3330980956743517  1.3680185381854804  1.3805260971032691  
379.  1.2372245638959785  1.3080577083923246  1.2697956487172015  1.181697426587131  1.0754212042118128  1.249523822650674  1.2833756105872276  1.3334278304868123  1.3683640880616739  1.3808776020821325  
379.2  1.2373692645524739  1.308379363665216  1.2701634051008455  1.1820540040809897  1.0757439592110611  1.249794238602683  1.2836593782779777  1.333733513907611  1.3686850286761572  1.3812042359213372  
379.4  1.237491707364312  1.3086776522456183  1.2705085463950871  1.1823895008622571  1.0760475874025748  1.2500423612111244  1.283920252867404  1.3340154674071223  1.3689815873835907  1.3815063310323035  
379.6  1.2375921616156809  1.3089528491768605  1.2708313348778133  1.1827042600802717  1.076332339283102  1.2502684889854851  1.2841585405237408  1.3342739744296308  1.3692541237041402  1.3817841474007784  
379.8  1.237670892725699  1.3092052599121784  1.271132063379333  1.1829984849530313  1.0765983937120596  1.2504728482510572  1.2843745438607164  1.334509314376729  1.3695028906550235  1.3820380092091242  
380.  1.237728162313636  1.3094351174788448  1.271410952444085  1.1832724092926274  1.0768460293205846  1.250655730119715  1.2845684586565997  1.3347217626758106  1.3697282057301983  1.3822682368962171  
