310.  0.038363015323266796  0.036918473265340424  0.03446794292811447  0.03979119495868114  0.04191130611878544  0.0432044970372738  
310.2  0.038399456306277086  0.03695432518671008  0.034501456068316276  0.03982633097967324  0.04194857821399414  0.043243010553027414  
310.4  0.038437244188047705  0.03699147602739142  0.03453618305855049  0.03986286258160893  0.04198732199340969  0.0432830407369372  
310.6  0.038476401596875535  0.03702994763920479  0.03457214174914047  0.039900810501614106  0.04202755947069649  0.043324610361388446  
310.8  0.0385169491745667  0.03706975986717146  0.034609354347649314  0.03994019862134978  0.04206931454911499  0.04336774668453917  
311.  0.03855891071843171  0.0371109343976449  0.03464783845762413  0.039981050155999794  0.04211261177297453  0.043412472493252086  
311.2  0.03860230805759805  0.03715349350340359  0.03468761738204098  0.04002338764949445  0.042157475050414395  0.043458813814350655  
311.4  0.03864716493264536  0.03719746136644929  0.034728711118931464  0.04006723557637983  0.04220393025643253  0.0435067973804542  
311.6  0.03869350573326349  0.03724285888975637  0.03477114153791189  0.04011261908011059  0.042252003972384065  0.04355644934486377  
311.8  0.03874135683388623  0.03728971283702829  0.034814931111542165  0.04015956268159167  0.04230172482352974  0.04360779922128347  
312.  0.038790741366167225  0.03733804804464541  0.03486010293567697  0.0402080942334579  0.042353116934289135  0.04366087468508773  
312.2  0.03884168843448282  0.03738788739169892  0.03490668207527327  0.040258239699245454  0.04240621176801793  0.04371570419563981  
312.4  0.03889422393793057  0.03743925841938373  0.03495469162353488  0.040310028444989716  0.04246103764774616  0.04377231968334529  
312.6  0.03894837452099509  0.03749218943053255  0.03500415801271234  0.0403634879777242  0.04251762504474065  0.043830751290510964  
312.8  0.03900417162331313  0.03754670683343944  0.03505510706972227  0.040418646599923155  0.04257600395228264  0.04389103271083413  
313.  0.03906164216325083  0.03760283915330755  0.035107564013309785  0.040475537478320146  0.0426362092753004  0.043953194541846756  
313.2  0.03912081927494881  0.03766061708829776  0.03516155750948657  0.04053418929017562  0.04269827012551521  0.04401727234807867  
313.4  0.03918173158497425  0.03772006949197057  0.03521711432188921  0.040594635649159216  0.042762221937038665  0.04408329998802273  
313.6  0.03924441267863506  0.03778122743875241  0.03527426610438857  0.040656908402315985  0.04282810115867599  0.04415131368454165  
313.8  0.039308895739062606  0.037844124284907375  0.035333041296422826  0.040721041716245  0.04289594117848939  0.04422135072036002  
314.  0.03937521492844122  0.037908791601880466  0.03539347057072083  0.04078707214207637  0.042965779153853675  0.044293449476453646  
314.2  0.03944340542373497  0.037975264681403845  0.03545558551264702  0.040855033151446035  0.04303765472764601  0.044367648089166614  
314.4  0.03951350206474772  0.0380435770765468  0.03551941865375507  0.04092496480611764  0.04311160732174369  0.04444398862832894  
314.6  0.039585544943689675  0.03811376615888978  0.03558500490246347  0.04099690415455083  0.04318767475271844  0.044522510225738075  
314.8  0.039659569727365965  0.038185869015326654  0.035652378808842984  0.04107088938481641  0.043265901623955334  0.04460325883932496  
315.  0.03973561743091925  0.03825992245719879  0.035721575979658346  0.04114696268481555  0.04334632823201189  0.04468627616099043  
315.2  0.03981372889904087  0.038335967275915164  0.03579263170305901  0.0412251646924021  0.043428998975572286  0.04477160944244752  
315.4  0.03989394766385337  0.038414044088194335  0.03586558522294525  0.04130554158712265  0.04351396247169959  0.0448593045363712  
315.6  0.03997631431201377  0.03849419477866411  0.035940476992484136  0.04138813381049734  0.043601263103504734  0.044949411599192815  
315.8  0.04006087504781584  0.0385764625490169  0.03601734584906412  0.041472990305708585  0.043690949553802025  0.045041978037137886  
316.  0.04014767607847978  0.03866089196947225  0.03609623332165501  0.04156015720205469  0.043783072045671306  0.04513705856208192  
316.2  0.04023676508534879  0.03874753048288744  0.0361771837159424  0.04164968501783516  0.04387768240310958  0.04523470379400415  
316.4  0.0403281927399145  0.03883642266765674  0.03626023983093404  0.04174162296238781  0.04397483411457074  0.04533497038539158  
316.6  0.04042200840742528  0.03892762190624565  0.03634545026579019  0.041836023320974615  0.044074582399557756  0.04543791387426135  
316.8  0.04051826455442029  0.03902117443615253  0.03643285928229772  0.041932940084974696  0.04417698280598621  0.045543594571874284  
317.  0.0406170153731299  0.039117135470200015  0.036522518555785366  0.042032429021254855  0.044282097165564915  0.045652071793179046  
317.2  0.040718318340088724  0.03921555904034791  0.036614476976712454  0.04213454774495233  0.04438998188299298  0.04576340683532771  
317.4  0.040822229842575976  0.03931650098440018  0.036708788080391075  0.04223935579586704  0.0445007042750883  0.04587766754691774  
317.6  0.04092880968899184  0.03942001902126936  0.03680550568480148  0.04234691471867199  0.04461432484689961  0.045994919511679215  
317.8  0.0410381227421756  0.03952617283003585  0.03690468392487356  0.04245728814716772  0.044730913771214256  0.046115232068255345  
318.  0.041150229966999415  0.039635024133026  0.03700638184923628  0.04257054189281955  0.04485053902340675  0.04623867540628359  
318.2  0.04126519905563148  0.0397466383117972  0.03711066052728422  0.042686744037831535  0.044973273999232205  0.04636532368290972  
318.4  0.041383096962348986  0.03986107993017477  0.037217580061825635  0.042805965033033785  0.045099190016317084  0.04649525517079343  
318.6  0.0415039976476209  0.03997841738300619  0.03732720577729578  0.0429282778008703  0.04522836556916743  0.04662854932191244  
318.8  0.041627972986205346  0.040098724595527796  0.03743960373745696  0.043053756289013353  0.04536088190915646  0.04676528528795259  
319.  0.041755097437372594  0.04022207183779479  0.037554840801802075  0.043182481794665876  0.04549681847504834  0.04690555133728986  
319.2  0.04188545445221791  0.040348536668076584  0.03767299097693448  0.043314532209989605  0.04563626232174744  0.04704943415538702  
319.4  0.04201912095887139  0.0404781994417158  0.03779412775441898  0.04344999462385681  0.04577930206160992  0.04719702517519437  
319.6  0.0421561847223108  0.040611138662788274  0.037918325727943444  0.043588952907751624  0.04592602955139666  0.047348419176704036  
319.8  0.04229673350783962  0.040747443784918666  0.03804566547293868  0.04373150047854948  0.046076540041046346  0.04750371444042826  
320.  0.04244085674213796  0.0408871994804442  0.03817622893970209  0.04387772775022097  0.04623093233069584  0.047663012909385724  
320.2  0.04258865048001069  0.041030498513400696  0.03831010116405994  0.04402773344342842  0.046389307315155184  0.04782642036015248  
320.4  0.04274021277146626  0.04117743551869989  0.03844737204436556  0.044181620006366384  0.04655177300266304  0.04799404495203378  
320.6  0.04289564706613882  0.04132810875870708  0.038588131621429655  0.04433948886629003  0.04671843987629311  0.04816600229189374  
320.8  0.04305505583666013  0.04148262029749395  0.038732478399775415  0.044501452025839515  0.04688942103870655  0.048342410782532486  
321.  0.043218552252976904  0.041641077848520454  0.038880509699715474  0.044667620828058856  0.04706483735530539  0.04852339178441294  
321.2  0.043386248880248335  0.04180359167618476  0.03903232837588885  0.04483811270060766  0.047244812758529715  0.048709074809851566  
321.4  0.04355826784214544  0.0419702747486402  0.03918804306420666  0.04501305142990112  0.047429476111692334  0.04889959113056829  
321.6  0.04373472764156017  0.04214124968757615  0.03934776504960824  0.04519256236074471  0.04761895975822011  0.049095080707271775  
321.8  0.0439157619089759  0.042316638921571996  0.03951161013548998  0.045376777655245476  0.0478134048502095  0.049295687447444655  
322.  0.044101502802720065  0.04249657164085888  0.03967969887383606  0.04556583661246305  0.048012956580467524  0.04950155943388378  
322.2  0.04429209144024048  0.04268118411733531  0.039852160274715186  0.0457598808098673  0.048217766150813135  0.049712854365177486  
322.4  0.044487669582528894  0.042870618299442456  0.04002912171964852  0.045959061257952  0.048427991084354576  0.049929733019212816  
322.6  0.04468839381410886  0.04306501683738327  0.04021072129315823  0.046163533565786896  0.04864379379978805  0.05015236650216451  
322.8  0.04489441848070507  0.04326453382961965  0.04039710295282706  0.046373458213729894  0.048865347211360696  0.05038092965692978  
323.  0.04510590998380156  0.04346932999842795  0.0405884132768301  0.046589007978245604  0.04909283166604514  0.0506156084561919  
323.2  0.04532304195434226  0.04367957125164409  0.0407848106501417  0.046810355930265085  0.04932642995494475  0.050856593358259615  
323.4  0.04554599021615945  0.04389543080715041  0.0409864549569979  0.047037688245903604  0.049566338401199575  0.05110408685538332  
323.6  0.0457749475962229  0.044117089597509714  0.04119351505341483  0.047271199367152794  0.0498127602194812  0.05135829860520557  
323.8  0.04601010633239646  0.04434473670166596  0.04140616923883845  0.04751108878604318  0.050065909610316636  0.05161944586210134  
324.  0.04625167117057162  0.04457857165964209  0.0416246020520162  0.0477575669532989  0.050326006789395986  0.05188775949916426  
324.2  0.04649986001802255  0.04481880130227674  0.04184900839660119  0.048010855874142985  0.050593284000265665  0.05216347911867937  
324.4  0.046754897105390526  0.04506564208858109  0.042079588456979636  0.04827118597702209  0.05086798429459515  0.052446853588566766  
324.6  0.04701701342031887  0.04531932256888047  0.042316555670062705  0.04853879663826986  0.051150364064334604  0.05273814731571094  
324.8  0.047286460582553265  0.045580078320770406  0.04256013361359099  0.04881394249136297  0.051440688051565396  0.05303763535374692  
325.  0.047563492593982314  0.0458481601639888  0.04281055274881347  0.049096888478538145  0.05173923764255025  0.05334560600530784  
325.2  0.04784838368915466  0.04612382917070787  0.04306805869960615  0.04938791440629534  0.05204630596292977  0.0536623616246163  
325.4  0.04814141567829357  0.046407359293613025  0.04333290721645389  0.04968730795815539  0.0523621986306706  0.053988219478821625  
325.6  0.04844288645410304  0.04669904014886861  0.04360536682232115  0.04999537917184764  0.052687240516486475  0.05432351267313144  
325.8  0.048753110967464194  0.046999173961543864  0.04388572161662945  0.05031244969448666  0.05302177087849666  0.05466859114528373  
326.  0.049072418236136735  0.04730808044262914  0.044174270210273946  0.05063885561009532  0.053366148352252514  0.055023824755947325  
326.2  0.04940115636397885  0.04762608972138308  0.04447132054101869  0.050974954522145684  0.05372074400477161  0.055389596377860305  
326.4  0.04973968757230833  0.04795355754337443  0.04477720705939434  0.05132112070805143  0.05408595666372461  0.05576631726285061  
326.6  0.05008839751918422  0.04829085642271677  0.045092271509353556  0.05167774833432747  0.0544622000531943  0.056154416297379  
326.8  0.05044768839541323  0.04863837260018999  0.04541688249278848  0.052045254885521926  0.05484991229625255  0.05655434335332566  
327.  0.0508179907204617  0.04899652192708122  0.045751422297203  0.05242407634465608  0.05524955753038479  0.05696657710749379  
327.2  0.051199754463257974  0.04936573889454033  0.04609630079965961  0.05281467496342809  0.05566162337056931  0.05739161837449569  
327.4  0.05159345263415706  0.049746482333766585  0.046451944285038606  0.053217543215336324  0.05608662474361106  0.05783000037908454  
327.6  0.05199958950876402  0.05013923713112532  0.0468188054660154  0.05363319272470785  0.05652510581259163  0.05828228658889078  
327.8  0.05241869615129474  0.05054451830013594  0.04719736754310115  0.05406217347604695  0.05697764206510432  0.05874906624183767  
328.  0.052851336863797865  0.05096286865395586  0.047588132923759546  0.054505060789966704  0.057444842581642244  0.059230971975224055  
328.2  0.05329810480731312  0.05139486314638341  0.04799164513122298  0.05496246634232809  0.057927354762405965  0.059728664774307244  
328.4  0.05375963337397582  0.051841113551314905  0.048408468809776416  0.055435040831786624  0.05842586028409962  0.06024285681473654  
328.6  0.05423659452119806  0.0523022642676411  0.04883921233207445  0.055923472263104734  0.0589410870189083  0.06077428969402902  
328.8  0.054729697049002164  0.05277900659885111  0.04928451695081487  0.056428493526342126  0.0594738054752484  0.06132376500508971  
329.  0.05523969901862075  0.053272068072237284  0.04974506180677229  0.05695087637675612  0.06002483452304618  0.06189212271173691  
329.2  0.055767404368271545  0.053782227406999616  0.05022157894430503  0.05749145140416503  0.06059504521171254  0.062480263559508024  
329.4  0.05631367148532223  0.054310311253086205  0.05071483311781245  0.05805109802005482  0.06118536495206537  0.06308914654044284  
329.6  0.056879410222596155  0.0548572030494459  0.05122565419898859  0.05863075343113985  0.061796784560208734  0.06371978626130448  
329.8  0.057465596195809474  0.05542384020663557  0.051754919895088784  0.059231417415998806  0.06243035847599487  0.06437327509490869  
330.  0.058073268650278585  0.056011231337325856  0.05230356746389273  0.05985415757831232  0.06308721267083785  0.06505077439983471  
330.2  0.05870354104614747  0.056620444302306484  0.052872596237377834  0.06050011768890386  0.0637685507495766  0.06575352305051937  
330.4  0.059357599672295175  0.05725263485242473  0.053463086006845476  0.06117051906042386  0.06447566068065179  0.06648285197734254  
330.6  0.060036723297046395  0.05790902786358408  0.05407618027691117  0.06186667005440316  0.06520992223053004  0.06724018430308885  
330.8  0.060742275319279816  0.05859094775685536  0.05471311620070355  0.06258997388083216  0.06597281785516781  0.06802704631572042  
331.  0.06147572514795918  0.05929981115067514  0.055375213989040384  0.06334193724114523  0.06676593660004375  0.06884507686930962  
331.2  0.06223864969638044  0.06003714099452553  0.05606390122950077  0.06412418266814568  0.0675909867741932  0.06969604056527312  
331.4  0.06303274635887123  0.0608045765989063  0.05678070614017156  0.06493845661562823  0.06844980998849179  0.07058183398848586  
331.6  0.06385984741066784  0.06160388763984486  0.05752728153871679  0.0657866328563338  0.06934438257358683  0.0715044984257718  
331.8  0.06472192738599065  0.06243698109583187  0.05830541116767681  0.06667074522126429  0.07027684904265134  0.07246624557204512  
332.  0.0656211202130619  0.0633059178897097  0.0591170168738167  0.06759298577856558  0.07124952400561106  0.07346945678790967  
332.2  0.06655973835209929  0.06421293445067537  0.05996418461350413  0.06855572395093733  0.07226490351204862  0.074516712353121  
332.4  0.06754028210799794  0.06516044258187587  0.06084917525479911  0.06956153699963519  0.07332570211096892  0.07561081196887959  
332.6  0.06856547492083058  0.06615107278228366  0.06177443991598065  0.07061321635361843  0.07443486646655635  0.07675478856900987  
332.8  0.0696382683457466  0.06718767870107736  0.06274264358153714  0.0717137938414962  0.07559559714210773  0.07795194915334325  
333.  0.07076188636804383  0.06827336806981063  0.06375668852340324  0.07286657765874378  0.07681137965103708  0.07920588546722886  
333.2  0.07193983287870336  0.06941153435119278  0.06481974733282386  0.07407517336848121  0.07808601629324095  0.08052051900035916  
333.4  0.0731759537061516  0.07060588262553305  0.06593528035261208  0.07534352450726295  0.0794236622776446  0.08190013853795139  
333.6  0.07447444226231784  0.07186046931177374  0.06710707266843526  0.0766759450988453  0.0808288701994411  0.08334943269633306  
333.8  0.07583990881966157  0.07317974740774921  0.06833928316076839  0.07807716721681272  0.08230663031536507  0.0848735548764076  
334.  0.0772774203960823  0.07456860754623082  0.06963648628374972  0.07955239530741369  0.08386242729715554  0.08647815835477705  
334.2  0.07879255385214332  0.07603243961771777  0.07100370553656545  0.08110735394258724  0.08550230523666977  0.08816947657576203  
334.4  0.08039146806637486  0.07757718501080992  0.07244650395853577  0.08274836874229571  0.08723292752019456  0.08995438191353704  
334.6  0.082080968109958  0.07920942725992135  0.07397101609785235  0.08448243297196487  0.08906167248716393  0.09184048766924985  
334.8  0.0838686067225254  0.08093645396950337  0.0755840590955546  0.08631730406247312  0.09099671670653244  0.09383621923537448  
335.  0.08576277400449653  0.08276637260800497  0.07729319753284647  0.08826159558221061  0.09304714757809882  0.0959509565524956  
335.2  0.08777282227834163  0.08470821649062518  0.07910687217268406  0.09032491699150795  0.09522309838531726  0.09819514244283245  
335.4  0.08990919920717373  0.08677207274441608  0.08103450396041031  0.09251799052615395  0.09753587235095713  0.10058043857918908  
335.6  0.09218359942845383  0.08896924082890866  0.08308664611476832  0.09485283563316342  0.09999814408556494  0.10311992106705903  
335.8  0.09460916498242677  0.09131241441545664  0.08527515843247849  0.09734295021180236  0.10262415193038071  0.10582826594445857  
336.  0.09720071261360105  0.09381590509952359  0.0876133946521941  0.10000354272500712  0.10542993404081355  0.10872201830643644  
336.2  0.09997497941791034  0.09649587437434895  0.09011646200585133  0.10285181178245882  0.10843361737261105  0.11181986862865714  
336.4  0.1029509391367954  0.09937065796700234  0.09280148611269198  0.10590723966270342  0.11165575639304251  0.1151430249874585  
336.6  0.1061501948025024  0.10246111291575774  0.09568793712699432  0.10919200784273593  0.11511974241936615  0.11871560725208573  
336.8  0.10959740274978674  0.1057910594878131  0.09879807259191643  0.11273144334383962  0.11885227350466042  0.12256515057752193  
337.  0.1133208204714551  0.10938779170266315  0.1021573793759734  0.11655456664721194  0.12288396301900877  0.12672322231300492  
337.2  0.11735295794546691  0.11328271680259483  0.10579518561133461  0.12069476523344742  0.1272500142865682  0.1312261345353195  
337.4  0.12173137444764928  0.11751210295235577  0.10974538109902401  0.12519061163764011  0.1319911032365732  0.13611583814367323  
337.6  0.1264996386206443  0.12211803944095406  0.11404726600328481  0.13008684334602927  0.1371544073316932  0.1414409895849241  
337.8  0.1317084984557315  0.12714954465258407  0.11874662176200995  0.13543558218133223  0.142794897541733  0.1472582703052397  
338.  0.13741736730201795  0.13266400796077032  0.12389705598924299  0.1412978354756384  0.14897689600523586  0.15363403733629358  
338.2  0.14369607925225816  0.13872889781821096  0.1295615695982503  0.14774533146905708  0.15577604944068882  0.16064630269924704  
338.4  0.15062718246892545  0.14542392421907002  0.13581463025413623  0.15486281897233745  0.16328173676110191  0.16838723994290886  
338.6  0.15830866294740825  0.1528437569015835  0.14274464514205473  0.1627509334793723  0.1716000684263849  0.17696629310525513  
338.8  0.16685746615431513  0.16110135286987742  0.1504571219683724  0.17152975637045573  0.18085768337857114  0.18651406323513894  
339.  0.17641383632253382  0.17033218232330283  0.15907858873280736  0.18134329866511792  0.1912064576686381  0.19718719518445846  
339.2  0.18714680119250718  0.18069952076579437  0.1687615349616237  0.1923651245098948  0.20282940743060046  0.20917443451660528  
339.4  0.19926099491561283  0.1924010590469392  0.17969060156852554  0.20480536607929956  0.21594812804433813  0.22270434268375916  
339.6  0.2130052435398458  0.20567713278247776  0.19209026854981395  0.2189194973453065  0.23083205204577678  0.23805478124823787  
339.8  0.2286830621915866  0.2208209458229227  0.20623439890737566  0.23501916728342523  0.2478098247508769  0.25556468792867315  
340.  0.246665450235358  0.23819089914801483  0.22245770508895138  0.2534853074338164  0.2672831532849335  0.27564838661378777  
340.2  0.2674058623768912  0.2582250437622427  0.24116936047163537  0.2747834711596423  0.28974301081583587  0.2988122482458609  
340.4  0.29145668138656083  0.2814569943920395  0.2628677374337472  0.29948075365107746  0.3157874317264729  0.32567306449752753  
340.6  0.3194848582657515  0.30853106773301153  0.288154657744756  0.3282618652231338  0.34613851796047307  0.35697557236491073  
340.8  0.35228168955972106  0.34021174680056016  0.3177441266093303  0.36193910335245094  0.38165291953658664  0.39360329263661437  
341.  0.3907553759469561  0.3773764591094368  0.35245568806558586  0.40144466528475353  0.4233137285087671  0.4365701810387735  
341.2  0.4358847066980668  0.42097092594637897  0.3931726888927182  0.44778309022075735  0.47218038909416515  0.48696891562609046  
341.4  0.4885950353920135  0.47188933911846964  0.4407302995063733  0.5019037843813806  0.529254227813794  0.5458322432004933  
341.6  0.5494944196120644  0.530719470397052  0.49567757333051615  0.5644299658491424  0.595192613718603  0.6138382928188058  
341.8  0.6183918762773103  0.5972775171589935  0.5578429527790373  0.6351641344709154  0.6697874993097988  0.6907725545996832  
342.  0.6935539753814505  0.6698897469866942  0.6256632244575846  0.712324510795353  0.7511602131257382  0.7746975866667567  
342.2  0.7708282609340786  0.7445457017662971  0.6953928127763196  0.7916454560627295  0.8348126179039681  0.8609744044427176  
342.4  0.8431595523212182  0.8144307369141958  0.7606669241562215  0.865881234683009  0.9131039929574997  0.9417227592136079  
342.6  0.9014630619853645  0.8707691274433939  0.8132890778837198  0.9257037225090119  0.9761971497777252  1.0067971297027623  
342.8  0.9375388988331942  0.9056389034624872  0.8458601228136351  0.9626954120137193  1.0152150732007332  1.0470419906722364  
343.  0.9479911842613141  0.9157581578192215  0.8553144618011426  0.9733734176017743  1.02648419405037  1.0586683685242149  
343.2  0.9362677675847279  0.9044556647613445  0.844761013223264  0.9612820515562466  1.0137416013233989  1.0455301220863884  
343.4  0.910896730807619  0.8799683589930507  0.8218928767603101  0.9351806390435362  0.9862240620248895  1.0171534708216785  
343.6  0.8813731677553005  0.8514682366221904  0.7952765704707754  0.904819219413115  0.9542135018008209  0.9841426673352356  
343.8  0.8547179781077598  0.8257378911739625  0.7712470641498168  0.8774057699900047  0.9253113331175544  0.9543375659786896  
344.  0.8342213095259993  0.8059561465442716  0.7527734402312821  0.8563171304941589  0.9030788784555783  0.9314112087308529  
344.2  0.8200174468088397  0.7922531414098035  0.7399773998527834  0.8416899801889224  0.887660407167652  0.915512470370134  
344.4  0.8105194724205078  0.7830961404634184  0.7314273068759506  0.8318945139787675  0.8773373899380064  0.9048689281201747  
344.6  0.8038315995124771  0.7766538345517335  0.7254127289029125  0.8249842467294329  0.8700569936748896  0.8973634685158541  
344.8  0.7985621906605539  0.7715816790009942  0.7206778871601709  0.8195304331716405  0.8643125256067169  0.8914420997043854  
345.  0.793975078898151  0.7671686273357924  0.716558659417721  0.8147775472614001  0.8593072046512171  0.8862830441709475  
345.2  0.7898014775506937  0.7631549282582898  0.7128123521492474  0.8104494885484382  0.854749861390609  0.8815860019847728  
345.4  0.7860112467114666  0.7595114427328827  0.7094119115883641  0.8065153468820905  0.8506079069225928  0.8773173660692717  
345.6  0.7826535876867577  0.7562858251601787  0.7064017326082992  0.8030254975739002  0.8469345253195298  0.8735319538267882  
345.8  0.7797712708584631  0.7535193949323098  0.7038204110575239  0.8000237904000179  0.8437758489044282  0.8702774379387979  
346.  0.7773702481045812  0.7512178945786913  0.7016733516680778  0.7975162106305149  0.8411383328181365  0.8675603561190818  
346.2  0.775421618937608  0.7493535529001095  0.6999346250274269  0.7954730720025308  0.8389905966935521  0.8653485172555557  
346.4  0.7738753466399922  0.747877921612938  0.6985589741417357  0.7938429291334907  0.8372784365421202  0.863585895227168  
346.6  0.7726734800636967  0.7467351054990714  0.6974941964746869  0.7925662726016289  0.835939099633881  0.862207813385098  
346.8  0.7717591153305047  0.7458700939074382  0.6966888705141374  0.791584678253181  0.8349109295423338  0.8611506819817274  
347.  0.771080724864932  0.745233104168918  0.6960965768307302  0.7908452522427177  0.8341382327406347  0.8603570606423302  
347.2  0.7705939712848925  0.7447813412326689  0.6956773026888011  0.7903025692093625  0.8335729756331113  0.8597773696227003  
347.4  0.7702618450141892  0.7444789669832178  0.6953975327349068  0.7899184325238404  0.8331750494182115  0.8593702819944349  
347.6  0.770053647916971  0.7442964005076614  0.6952297188023464  0.7896615501353978  0.8329112382293052  0.8591015434469412  
347.8  0.7699443958662151  0.7442095437620828  0.6951512714491689  0.7895061998111899  0.8327545865946913  0.8589433498362101  
348.  0.7699137935117224  0.7441986190339966  0.6951438357865545  0.789431555289735  0.8326830435086889  0.8588729170234624  
348.2  0.7699452169733424  0.7442477285506474  0.6951923994574392  0.7894205201026855  0.8326786269018924  0.8588717430914502  
348.4  0.7700252029676954  0.7443437778125538  0.6952848528254469  0.7894593242827807  0.8327267691478757  0.8589248030122572  
348.6  0.7701427271816359  0.7444761541620413  0.6954112408716648  0.7895367028228972  0.8328155888395772  0.8590197996769966  
348.8  0.7702888498100678  0.7446361341246293  0.695563455253251  0.7896433575898251  0.8329353689596793  0.8591467532395046  
349.  0.770456115801978  0.7448166376264763  0.6957348430355236  0.7897717732264155  0.8330780525008497  0.8592973134595178  
349.2  0.7706384588897542  0.7450117159899677  0.695919842039522  0.7899156441323475  0.8332370786316929  0.8594647989268124  
349.4  0.7708308702839269  0.7452165274616211  0.6961139295987011  0.7900698351321681  0.8334069880002635  0.8596434943296708  
349.6  0.7710291589298739  0.7454270621269022  0.6963134031907554  0.7902300945426304  0.8335833389191968  0.8598288166821468  
349.8  0.7712298370812107  0.7456399901005946  0.6965150660233682  0.790392849591868  0.8337623219527707  0.8600168824653195  
350.  0.7714300811852401  0.7458524529664452  0.6967163721120062  0.7905551633814485  0.8339408388914036  0.8602044960743245  
350.2  0.7716274140123337  0.7460621388507394  0.6969150753514057  0.7907145443866239  0.8341162636252641  0.8603889066452846  
350.4  0.7718198830184841  0.7462671172197177  0.6971094158626151  0.7908689491957782  0.8342864402952055  0.860567933830269  
350.6  0.7720057330431983  0.7464657747525371  0.6972977991655808  0.7910165836253158  0.8344495682694596  0.8607396327738749  
350.8  0.7721836139098005  0.7466567191971127  0.6974790090525528  0.7911561095059814  0.8346040558081124  0.8609024954255102  
351.  0.7723522738171231  0.7468388241032096  0.6976519933600382  0.7912862054174649  0.8347486471237374  0.8610551387877478  
351.2  0.7725107861149814  0.7470110618552486  0.6978157864157629  0.7914059237645853  0.8348822959548807  0.8611965274661832  
351.4  0.7726582554792026  0.747172694864597  0.697969657868271  0.7915143967700241  0.8350041331090703  0.8613256763575896  
351.6  0.7727941020114174  0.7473230757804925  0.6981130026709994  0.7916108985528953  0.8351133507731235  0.8614418430724026  
351.8  0.7729176423253067  0.7474615823845017  0.6982453224094181  0.7916949129271649  0.8352093569799756  0.8615444170145963  
352.  0.7730284263285532  0.7475878228517719  0.6983661650616035  0.7917658936892953  0.8352916241946194  0.861632810814745  
352.2  0.7731261349993601  0.7477013997616345  0.6984751560589693  0.791823516448326  0.8353598072677735  0.8617066666992528  
352.4  0.7732104341454202  0.7478019868368416  0.6985720769930955  0.791867398649525  0.8354135070478047  0.8617656202810193  
352.6  0.7732810078724657  0.7478894089295148  0.6986566325359728  0.7918973121284663  0.8354525273402535  0.8618094227980178  
352.8  0.7733377296401158  0.7479634092048085  0.6987287564791225  0.7919130399799883  0.8354765965618716  0.8618377966027313  
353.  0.773380475669879  0.7480239114817195  0.6987882003590152  0.7919145039652405  0.8354855839976844  0.8618506517517045  
353.2  0.7734091179762451  0.7480707438048667  0.6988349327975756  0.7919015777865717  0.8354793580572001  0.861847808621105  
353.4  0.7734235637668888  0.7481039041176112  0.6988688641859286  0.7918741257648706  0.835457916123279  0.8618292627603691  
353.6  0.7734237963053779  0.748123329625485  0.6988899779762484  0.7918322252613742  0.8354211527931863  0.8617949079879447  
353.8  0.7734097800734305  0.7481289830843181  0.698898281916286  0.791775753708353  0.8353690821596206  0.8617448042114757  
354.  0.7733815940661475  0.7481209409951887  0.6988937590911921  0.7917047942793396  0.8353016977866807  0.8616789462699139  
354.2  0.7733392003668356  0.7480991622815087  0.6988764564196135  0.7916194055234147  0.8352191065633807  0.8615973053089612  
354.4  0.7732826698906519  0.748063760136284  0.6988463908026474  0.7915195720716488  0.8351212968941395  0.8615000553501458  
354.6  0.773212135080011  0.7480147708470561  0.6988036387393965  0.7914054317909534  0.8350083651604414  0.8613871578237883  
354.8  0.7731276034988808  0.747952243211766  0.6987482425968388  0.7912770442095346  0.8348804221902796  0.8612588189122594  
355.  0.7730291398024535  0.7478762831904775  0.6986803475109391  0.7911344802981811  0.834737498660027  0.8611150268875217  
355.2  0.7729169112100112  0.7477870065108876  0.6986000152686419  0.7909778673501903  0.8345798210688269  0.8609560122041462  
355.4  0.7727910475483188  0.7476845373581268  0.6985073151198256  0.7908072950112912  0.834407393374512  0.8607817830743533  
355.6  0.7726515928380681  0.7475689138749433  0.6984024160537718  0.7906229535361562  0.8342204130470692  0.8605925414809197  
355.8  0.7724986902912923  0.7474403199753593  0.698285353026965  0.7904248531064517  0.8340189914162649  0.8603884034890581  
356.  0.772332488689996  0.7472988516248034  0.6981562589551432  0.7902132896152823  0.8338032922569517  0.8601695846883394  
356.2  0.772153141566601  0.7471446559614212  0.6980152710604121  0.7899882361081823  0.8335734374519496  0.8599361183814395  
356.4  0.7719607122781192  0.7469778369294393  0.6978625302164385  0.7897499506235228  0.8333295527794944  0.859688229456438  
356.6  0.7717554083397961  0.7467985957489811  0.697698180368484  0.7894985538643619  0.8330718616361397  0.8594260525594052  
356.8  0.7715373931960621  0.7466069475567209  0.6975222733989563  0.7892341689645413  0.832800496232679  0.8591497723380608  
357.  0.7713067377753003  0.7464031455586845  0.697335004701827  0.7889569209771152  0.8325155434164029  0.8588595285762836  
357.2  0.7710636090773704  0.7461873030591657  0.6971364292352699  0.7886670789732522  0.8322172812628322  0.858555510212117  
357.4  0.7708082231945977  0.7459595343823737  0.6969267929557531  0.7883646762196233  0.8319057997505876  0.8582379077932  
357.6  0.7705406545786022  0.7457200022582541  0.6967061527740415  0.7880498890285945  0.8315812846576814  0.8579068176370322  
357.8  0.770261073315691  0.7454688702077222  0.6964746611711184  0.7877229423294397  0.8312438747769458  0.8575624317602589  
358.  0.7699696500185549  0.7452062064214877  0.6962324711168956  0.7873839181862633  0.8308937569586391  0.8572049427384107  
358.2  0.7696665075515862  0.7449322706680833  0.6959796878195291  0.7870330421839775  0.8305310702984026  0.856834543428451  
358.4  0.7693518646864481  0.744647131085015  0.6957164642768207  0.7866703959586632  0.8301560497752082  0.8564513785966922  
358.6  0.7690257475553437  0.7443509995641205  0.695442953375799  0.786296204849546  0.8297687859138133  0.8560555924278681  
358.8  0.7686884224074099  0.7440439431337204  0.6951592594110998  0.7859105492715358  0.8293694647268999  0.8556473766597432  
359.  0.7683400105512483  0.7437261244386134  0.6948655827189045  0.785513653608509  0.828958271697353  0.8552269224852302  
359.2  0.7679806322996895  0.7433977055556169  0.6945619294181316  0.7851056449514651  0.8285353916298148  0.8547943233604868  
359.4  0.767610455469901  0.7430588478755098  0.6942485469011251  0.7846866978469903  0.8281009112863273  0.8543498655972782  
359.6  0.7672296470507497  0.7427097119986247  0.6939255364620028  0.7842568885363611  0.8276550131568137  0.8538935917678069  
359.8  0.7668382754896053  0.7423503600246636  0.6935929981866663  0.7838164867524688  0.8271978787094093  0.8534257374691578  
360.  0.7664366030806922  0.741980950134766  0.6932511286912555  0.783365566318586  0.8267296393957196  0.8529464886332484  
360.2  0.7660246958055608  0.741601688480719  0.6928999770131387  0.7829042971604124  0.8262505230951083  0.8524559319656851  
360.4  0.7656027159327381  0.7412126332192727  0.6925397376939308  0.7824327989136535  0.8257606095257122  0.8519542503053936  
360.6  0.7651708245354351  0.7408139881701661  0.692170555396512  0.7819512387727212  0.8252600747089321  0.8514416251361872  
360.8  0.7647291321616891  0.7404058577744483  0.6917924751077634  0.7814597826320371  0.8247490932989456  0.8509182365326124  
361.  0.7642777970756803  0.7399883448676813  0.6914056386673146  0.7809585456693662  0.8242277891636282  0.8503842137394311  
361.2  0.7638169267559985  0.7395616495822347  0.6910102362020224  0.7804477402459625  0.8236963338164819  0.8498396841361695  
361.4  0.7633467260796609  0.7391258720087519  0.6906063083252216  0.7799273794509112  0.8231548972899153  0.849284822766198  
361.6  0.7628672499680162  0.7386811105513267  0.6901940426340469  0.7793977220870985  0.8226035488090488  0.8487198031204788  
361.8  0.7623787004384824  0.7382275116516243  0.6897735761016964  0.7788588272741521  0.8220425045610446  0.8481447473737961  
362.  0.7618811787997003  0.7377652702282452  0.6893449447744708  0.7783108515968562  0.8214718798891594  0.8475598255746638  
362.2  0.7613747845747431  0.7372944304312977  0.6889082825415408  0.7777540000790012  0.8208917882151399  0.8469651562436229  
362.4  0.7608597155142373  0.7368151343345477  0.6884637720185856  0.77718827657164  0.8203024410517832  0.8463609059338565  
362.6  0.7603360179898397  0.7363275226290266  0.6880114445911509  0.7766139328488525  0.8197039484944616  0.8457472395733268  
362.8  0.7598038867789862  0.7358316844309314  0.6875514801997743  0.7760310191455404  0.8190964187006065  0.8451242200855787  
363.  0.7592634652912361  0.7353278076629927  0.6870840075664779  0.775439734309691  0.8184800081661492  0.8444920588809086  
363.2  0.7587147947633764  0.7348159281220302  0.686609053389823  0.774840124950145  0.817854821442489  0.8438509157281179  
363.4  0.7581580151869004  0.7342962308648255  0.686126793721182  0.7742323363739518  0.8172210620500686  0.8432008478673054  
363.6  0.7575933156493291  0.7337687483040922  0.6856373025960534  0.7736165629280758  0.8165788312089665  0.8425420112901985  
363.8  0.7570207322822394  0.7332337132680667  0.6851406524157693  0.7729928459478393  0.8159282282217678  0.8418745603714624  
364.  0.7564404512212748  0.7326911550692943  0.6846370660782731  0.7723613767173793  0.8152694011914674  0.8411986478750234  
364.2  0.7558525559374722  0.7321412025528957  0.6841265627195783  0.7717222438014426  0.8146024458745761  0.8405143741694773  
364.4  0.7552571281475712  0.7315839832058357  0.6836092104027442  0.7710754830792388  0.8139275070202183  0.839821837690505  
364.6  0.7546543497495304  0.7310195722040039  0.6830852284780781  0.7704213321428323  0.8132447788054072  0.8391212368776332  
364.8  0.7540442994945011  0.7304480940922811  0.6825545804931126  0.7697598746770687  0.8125542500396603  0.8384126158025628  
365.  0.7534270544157915  0.7298696720871934  0.6820174833923944  0.7690911925962154  0.8118561115315016  0.8376961696961118  
365.2  0.7528027410554211  0.7292844280873559  0.6814739999233158  0.7684154172710641  0.811150501715765  0.8369719389456292  
365.4  0.7521715358924074  0.7286923800969575  0.6809241399878186  0.7677326786640153  0.8104375062494407  0.8362401669226097  
365.6  0.7515334602617703  0.7280936982957302  0.6803681171262322  0.7670430025899608  0.8097172603662016  0.8355008392637596  
365.8  0.7508886364254257  0.7274885004541441  0.6798059899674507  0.7663466186577018  0.8089898463876017  0.8347541449527314  
366.  0.7502371853283033  0.7268767999966176  0.67923781562967  0.7656435496066301  0.8082553964084374  0.8340002202782887  
366.2  0.7495791749919287  0.7262587633036114  0.6786637013558514  0.76493391941295  0.8075140410998647  0.8332390968213591  
366.4  0.7489147752256099  0.7256345041390795  0.6780838049318696  0.7642178507161114  0.8067658063242484  0.8324709591658279  
366.6  0.7482440513244056  0.725004083259462  0.6774980761990611  0.7634954130530746  0.8060109230297068  0.8316958872224217  
366.8  0.7475670670020135  0.7243676117480388  0.6769067222063736  0.7627666743342663  0.8052494139890531  0.830914011022874  
367.  0.7468839363474804  0.7237251475509189  0.6763097937050585  0.7620318566782307  0.8044813519167773  0.8301254072582606  
367.2  0.746194772219728  0.723076799131588  0.6757073920413881  0.7612909734896812  0.8037069639213719  0.8293302029359093  
367.4  0.7454996341658182  0.7224226737845513  0.675099565373533  0.7605440883778181  0.8029262159336543  0.828528471599537  
367.6  0.7447986845667883  0.7217628254751104  0.6744864126420619  0.759791367742865  0.8021393325031875  0.82772038947689  
367.8  0.7440919281744875  0.7210974112194356  0.6738680317231825  0.7590329248164054  0.8013463285024942  0.826906027269865  
368.  0.7433795249358163  0.7204264302308486  0.6732444671128086  0.7582687669574804  0.8005473215626309  0.8260854540518633  
368.2  0.742661529139544  0.7197500372103097  0.6726158667717502  0.7574990045211584  0.7997423756482243  0.8252587372876904  
368.4  0.7419380461080947  0.7190682811045945  0.671982220496868  0.756723746681504  0.7989316581366838  0.8244261002993575  
368.6  0.7412091800378201  0.7183813145876059  0.6713436741372381  0.7559431540043269  0.7981152303659395  0.8235875555204553  
368.8  0.7404749287455133  0.7176890790320338  0.6707002675809826  0.7551571756713964  0.7972932047903551  0.8227431661592887  
369.  0.7397354991838062  0.7169917773944929  0.6700520921381199  0.7543660223666507  0.7964655872490976  0.8218930993079308  
369.2  0.7389908866891152  0.71628945384147  0.6693992381475026  0.7535696931191158  0.7956325929361937  0.8210374155748899  
369.4  0.7382411906482352  0.715582204071003  0.6687417949892251  0.7527682909700069  0.7947942250454805  0.8201762269270512  
369.6  0.7374865093958738  0.7148700698348585  0.6680797452310819  0.7519619178707634  0.7939505908910796  0.8193095912140916  
369.8  0.7367268872214388  0.7141531445958351  0.667413281942832  0.7511506746971371  0.7931017966546562  0.8184375648211997  
370.  0.7359624732558805  0.713431520831587  0.6667423855432764  0.750334608182828  0.792247894319791  0.8175603619287926  
370.2  0.7351933096062866  0.7127052368939619  0.6660671412627404  0.7495138168744713  0.7913889876276959  0.8166779835541227  
370.4  0.7344194370900248  0.7119744363365496  0.6653876866638391  0.7486883982866204  0.7905251792329183  0.8157904822343113  
370.6  0.7336410018488674  0.711239102161552  0.6647039988204416  0.7478583956165131  0.7896565174188237  0.8148980157091662  
370.8  0.7328579892321149  0.7104993759722883  0.6640161600984622  0.747023850767752  0.788783102492871  0.814000634176796  
371.  0.7320705968279527  0.7097552918556952  0.6633243054493272  0.7461849112523249  0.7879050337202163  0.8130983864721034  
371.2  0.7312787542846965  0.7090069362189796  0.6626284622361541  0.745341670379115  0.7870223558233616  0.8121914271125842  
371.4  0.7304826573910157  0.7082543945752977  0.6619286567009889  0.7444941133227404  0.7861351658106678  0.811279802685909  
371.6  0.7296822869637707  0.7074976978996408  0.6612249676351933  0.7436423847084792  0.7852435060350427  0.8103636121206463  
371.8  0.7288777835295774  0.7067369297411464  0.6605175267458137  0.7427865210560338  0.7843474713078034  0.8094428458762641  
372.  0.7280691256160422  0.7059721727919577  0.6598063576273986  0.7419265576806163  0.7834471554690667  0.8085177080344818  
372.2  0.7272565057774352  0.7052035088985897  0.6590914828041424  0.7410626903071833  0.7825426514006276  0.8075881867845749  
372.4  0.7264399005163023  0.7044309651374873  0.6583729776793219  0.7401948446419858  0.7816339971030055  0.8066544305908591  
372.6  0.725619392934875  0.7036545674853045  0.6576509168896516  0.7393231606931706  0.7807212293671948  0.8057164252201183  
372.8  0.7247950652936506  0.7028744489802055  0.6569253743154635  0.7384477238001755  0.7798044919374141  0.8047742630871233  
373.  0.72396699902255  0.7020906879943847  0.6561963689486886  0.7375685642997052  0.7788838196430075  0.8038280898162646  
373.2  0.723135220521726  0.7013032536904968  0.6554640271925849  0.736685765616764  0.7779593003563184  0.8028778877538764  
373.4  0.7222998093893045  0.7005123310219691  0.6547283664408744  0.735799356062162  0.7770309667907964  0.8019238006279242  
373.6  0.7214608444272786  0.6997178873355403  0.6539894031000733  0.7349094715426486  0.7760989048661484  0.8009658628513463  
373.8  0.720618349239246  0.6989199975075548  0.6532472070148688  0.734016084183146  0.775163199646229  0.8000041076841697  
374.  0.7197724008656309  0.6981187356698321  0.6525019018150684  0.7331193826886402  0.7742238808706311  0.7990386762076532  
374.2  0.7189230755836846  0.6973141206731853  0.6517534470725685  0.7322192827762273  0.7732810862717138  0.7980695998196453  
374.4  0.7180703943049327  0.6965062796034158  0.6510019649884728  0.7313159170353638  0.7723347891885866  0.7970969634176428  
374.6  0.7172144862908933  0.6956952297394352  0.6502475226836074  0.7304093628741458  0.7713850709779126  0.7961207963857293  
374.8  0.7163553708456122  0.6948810421355625  0.6494900771314728  0.729499642197881  0.7704320121989338  0.7951411270213362  
375.  0.7154930662876625  0.6940637323413469  0.648729803371083  0.7285868855211188  0.7694757474336116  0.7941581469781126  
375.2  0.714627644837388  0.6932434247095756  0.6479666568250283  0.7276710033825948  0.7685161912484045  0.7931717732576039  
375.4  0.7137592329531929  0.6924200783581612  0.6472007016434154  0.7267522344518802  0.7675535313618093  0.7921821959897121  
375.6  0.7128877916467176  0.6915938162330926  0.6464320013548807  0.7258304874335191  0.7665877352388394  0.7911893850274826  
375.8  0.7120134459357255  0.6907647058128723  0.645660618874665  0.7249058898244366  0.7656189342890173  0.7901934741454003  
376.  0.7111362101563025  0.6899327587944435  0.644886616512587  0.7239785135490563  0.764647149179366  0.7891944863526811  
376.2  0.7102561529200595  0.6890979859792707  0.6441100007848881  0.723048319451151  0.7636723995964044  0.7881924436555606  
376.4  0.709373286923729  0.6882605078031846  0.6433308326237999  0.7221154882251426  0.7626948147770772  0.787187422329153  
376.6  0.7084877346095053  0.6874203890109031  0.6425491170585179  0.7211799791127171  0.7617144128618892  0.7861794979227674  
376.8  0.7075995072632167  0.6865776383471436  0.641764969064411  0.7202418609611348  0.7607312664288124  0.7851687452692294  
377.  0.7067086152899641  0.6857322636996296  0.6409784478550979  0.7193012019670265  0.7597453919220523  0.7841552384940638  
377.2  0.7058152347551646  0.6848843831297586  0.6401895565755885  0.7183580696846997  0.7587569158797218  0.7831389400043712  
377.4  0.7049192637485225  0.6840340032145958  0.6393982975715351  0.7174124754622617  0.7577657977047739  0.7821199777381691  
377.6  0.7040208215474835  0.683181240969598  0.6386047836665304  0.7164644854086532  0.7567721625476962  0.781098367935429  
377.8  0.7031199713858246  0.6823260459970273  0.6378090160052514  0.7155141093210599  0.7557760237658343  0.7800741816151845  
378.  0.7022167201525974  0.6814684783548871  0.6370110507149775  0.7145615234124439  0.7547774495863453  0.7790474891361714  
378.2  0.701311185546953  0.680608653361217  0.6362109434021758  0.7136066246969995  0.7537765076041925  0.7780183043878318  
378.4  0.7004033173047302  0.6797465742704398  0.6354087491590544  0.7126495323779161  0.7527731530341567  0.7769867521291725  
378.6  0.6994932319273478  0.6788822435505042  0.6346044666316691  0.7116903093786486  0.751767563744923  0.7759527889115501  
378.8  0.6985809336035904  0.6780157748892617  0.6337981497226136  0.7107289060485091  0.7507597494851528  0.7749164821745141  
379.  0.6976664817903213  0.6771471695690399  0.6329898518408443  0.7097654959212293  0.749749663104562  0.7738778987407674  
379.2  0.6967499354020016  0.6762764842284155  0.6321795697898919  0.7088000840937255  0.7487374808556462  0.772837160941777  
379.4  0.6958313528174113  0.6754037749907172  0.6313674120090231  0.7078326186922562  0.7477232103520893  0.7717941660356262  
379.6  0.6949106794135146  0.6745290412340204  0.6305533742271594  0.7068632717682609  0.7467068583935986  0.7707490911574455  
379.8  0.6939880847548885  0.6736523378936565  0.6297375077634454  0.7058920464204257  0.7456884872707598  0.7697019444435831  
380.  0.693063512946487  0.6727737194100429  0.6289198634746729  0.704918944978854  0.7446681587136703  0.7686527332163419  
