310.  0.023757210529531034  0.026639448209968542  0.027265378522792892  0.026697508928993745  0.0255187909617286  0.023998784562608542  0.026696652697660177  0.027772595176110453  0.02785108276826517  0.02732046049787552  
310.2  0.023749410780103498  0.026632582654470632  0.02725887630727557  0.026691157541278376  0.025512532976374205  0.023991627809698508  0.026689564445816  0.027765433511380225  0.02784382862762185  0.027313144279025148  
310.4  0.023742015809837536  0.026626171906401052  0.02725283919296615  0.026685262088507584  0.02550671038928482  0.023984881267863252  0.026682933245117408  0.027758747511912252  0.0278370498082039  0.027306294586609065  
310.6  0.023735030717403415  0.026620219113971173  0.027247272148402203  0.02667982659399909  0.025501327845393745  0.023978548420976475  0.026676761409513867  0.027752540541218614  0.027830751365759455  0.027299917220415963  
310.8  0.023728457307974286  0.026614729206555058  0.02724217855086727  0.02667485517526807  0.02549638923902419  0.023972633683367543  0.026671054721893052  0.027746816053707542  0.027824937614020388  0.027294016395954624  
311.  0.023722301702006402  0.026609706367562293  0.027237562718433583  0.026670352895654396  0.025491899405665586  0.023967139863501765  0.026665816528219918  0.027741580144612893  0.02781961466588888  0.027288595578288  
311.2  0.02371656587273328  0.026605155729981695  0.02723343077256932  0.026666323222946178  0.025487861580476112  0.023962071552112472  0.026661051967969873  0.027736836473832533  0.027814785348275504  0.02728366002849627  
311.4  0.023711254425629866  0.026601080829595728  0.027229785542058384  0.026662772278012968  0.025484281646791  0.02395743343710382  0.02665676458356298  0.027732590505568176  0.02781045513823515  0.027279214266057405  
311.6  0.02370637206421529  0.02659748786286795  0.02722663422143045  0.026659703736881504  0.025481163038069427  0.02395322859659165  0.02665296057825518  0.0277288469654049  0.027806628774485507  0.027275262917154732  
311.8  0.023701922735994727  0.026594379721367113  0.02722397899761371  0.026657122232083174  0.02547851013910885  0.023949461909201965  0.026649643707212865  0.027725609833917416  0.027803311964313914  0.02727181157415248  
312.  0.023697910484135387  0.026591762825229938  0.02722182729878775  0.02665503336488629  0.02547632915669743  0.0239461374998488  0.026646819544861696  0.02772288663288123  0.02780050882044509  0.02726886509095743  
312.2  0.023694339450035483  0.02658964114090914  0.027220183249863923  0.02665344199692929  0.025474622978805195  0.023943260453861134  0.02664449292547997  0.027720680722370276  0.02779822528696624  0.027266428437065907  
312.4  0.02369121473841612  0.026588021329977465  0.027219052811822048  0.02665235310616122  0.025473398038389515  0.023940835104556652  0.026642668799124802  0.02771899729283779  0.02779646743694324  0.027264507563122636  
312.6  0.023688541565504612  0.026586906730766593  0.027218440346813918  0.0266517726544097  0.025472659168960077  0.023938865026383434  0.026641352234778863  0.0277178433877048  0.02779523888269167  0.027263105956367186  
312.8  0.023686322662883345  0.026586305119788455  0.027218352933789103  0.026651705867803785  0.025472411320986346  0.023937357359839716  0.026640549289998715  0.027717223594669594  0.027794547680710338  0.027262231545495064  
313.  0.02368456432932111  0.026586220080876598  0.02721879432305428  0.026652158098712925  0.02547266043352254  0.023936315038800254  0.026640265287514866  0.02771714349310142  0.027794397700986805  0.027261888069888336  
313.2  0.023683272121825482  0.026586657922002908  0.027219771863136073  0.026653135699679167  0.025473410836381438  0.02393574370694792  0.02664050654963524  0.027717610538056763  0.027794795543983793  0.027262082866960274  
313.4  0.023682449103967915  0.026587624219276768  0.027221291310164042  0.02665464341982892  0.025474668723222252  0.023935649133861387  0.026641277794640043  0.02771862884962741  0.027795747084813756  0.027262821681532313  
313.6  0.023682102814733964  0.026589125559628928  0.02722335943506908  0.026656688760898162  0.02547644042650932  0.023936036343971668  0.02664258474367098  0.027720206172277065  0.027797259216104257  0.027264109523907714  
313.8  0.02368223655727588  0.026591167801821837  0.027225980531398946  0.026659275875727664  0.025478730668106655  0.023936910486381704  0.02664443501149433  0.027722347783744748  0.02779933810919598  0.027265953293313248  
314.  0.02368285725907228  0.026593757827609307  0.027229162539280254  0.026662413439311642  0.025481546057232487  0.023938277717179806  0.026646833737801655  0.027725060861751957  0.02780199008672727  0.027268359166622545  
314.2  0.023683970232411762  0.026596900913828905  0.027232912687444006  0.026666105896885565  0.025484893353758482  0.02394014257107588  0.02664978796424543  0.02772835186675363  0.027805221626958955  0.027271334353932458  
314.4  0.023685580040035323  0.026600603364494838  0.027237235721123597  0.02667036136249172  0.02548877858945867  0.023942511476090604  0.02665330401089595  0.027732227418891565  0.02780904025132097  0.027274885347613843  
314.6  0.023687694029096668  0.026604873411165252  0.027242140956095524  0.02667518546988637  0.02549320706155993  0.023945391893848474  0.026657388355232108  0.027736695187872053  0.02781345188421171  0.027279017916160813  
314.8  0.023690317930747603  0.026609717689755837  0.027247633463513023  0.026680586669263876  0.02549818687593963  0.023948787897622708  0.026662048524190952  0.027741762133873193  0.02781846527326009  0.027283740647697858  
315.  0.02369345762183346  0.026615142113140054  0.027253721137247205  0.026686570037430857  0.025503724536453488  0.023952706360248894  0.026667290441005895  0.027747435391280946  0.02782408668938859  0.02728906053962819  
315.2  0.02369711912920043  0.0266211545406351  0.02726041205646061  0.026693144373703043  0.025509825819527314  0.0239571543160167  0.026673122867553  0.027753722273835588  0.027830323466407948  0.027294984765503325  
315.4  0.023701310422610665  0.026627763017205826  0.02726771270264493  0.02670031688479388  0.025516499344554758  0.023962138071226362  0.02667955207805874  0.02776063117419094  0.027837184911746964  0.027301520680261544  
315.6  0.023706036063236954  0.026634973985941394  0.027275632424914473  0.026708094960646956  0.025523752130640988  0.023967664094152855  0.0266865854164447  0.027768169787907238  0.027844677852392564  0.027308675825658987  
315.8  0.023711304353249293  0.026642795865935077  0.02728417808718688  0.026716486179959812  0.025531591376787302  0.023973739918790905  0.0266942322120812  0.027776346006648498  0.02785281020163589  0.027316458834760374  
316.  0.023717121980106528  0.026651237278846662  0.027293358545291236  0.026725499217128676  0.025540024467352544  0.023980372359269735  0.026702500204180482  0.027785168825349045  0.027861590075348296  0.027324877647127058  
316.2  0.023723495805621386  0.026660306151470983  0.027303181965811253  0.02673514295650438  0.02554905988131623  0.023987568407060515  0.0267113955244149  0.027794646553102573  0.027871027605365563  0.02733394040682666  
316.4  0.02373043377733368  0.026670009710092167  0.027313656726617154  0.026745424686815223  0.02555870539818853  0.023995337048446346  0.026720929021013598  0.027804786807792616  0.027881130439967334  0.027343656374729863  
316.6  0.023737943129378162  0.02668035810843711  0.027324792331852903  0.026756353717252983  0.025568969000647184  0.024003683843899167  0.026731109057957253  0.027815600144332688  0.02789190825675782  0.027354034130336848  
316.8  0.023746031287133842  0.026691359005532843  0.027336597609239805  0.026767937764867977  0.025579860702684976  0.02401261817248443  0.026741943307277822  0.027827095543724877  0.02790337006123939  0.02736508247742152  
317.  0.023754706786630837  0.02670302301612998  0.027349081618353803  0.026780188417213895  0.025591388014129912  0.024022147806871483  0.026753441483666627  0.027839282222668543  0.027915524181829972  0.027376811364471402  
317.2  0.0237639783774788  0.026715358259860458  0.027362254573875158  0.026793112946404348  0.025603559573918667  0.0240322807268839  0.026765612628787107  0.02785216964101654  0.027928381928397483  0.027389229156860845  
317.4  0.02377385227425865  0.02672837400484951  0.027376126029027264  0.026806722519887943  0.025616385169664354  0.024043026963028555  0.026778466943166542  0.027865768427984567  0.027941953964113267  0.027402347211572427  
317.6  0.02378433949322024  0.02674208160905989  0.0273907067129833  0.02682102581189601  0.02562987483689531  0.024054393102896417  0.02679201396472018  0.027880088561010794  0.02795624845913843  0.027416174397235468  
317.8  0.023795447611067302  0.026756489936139258  0.02740600578120031  0.026836033591223482  0.025644037019740988  0.024066388712277214  0.02680626348768048  0.027895140285033884  0.02797127660209043  0.027430721682063057  
318.  0.023807186278115112  0.02677160995621588  0.02742203450305406  0.02685175597683812  0.025658883184279523  0.024079024528982258  0.026821226497229126  0.02791093412120095  0.027987049868884728  0.027445998463336965  
318.2  0.023819564465405556  0.026787451994087465  0.027438804439226982  0.02686820429147651  0.025674422292852148  0.024092308768395573  0.026836913333611927  0.027927482733836377  0.028003580032120223  0.027462018123649203  
318.4  0.023832591391076297  0.026804026656707353  0.02745632558798122  0.026885388289257205  0.025690664499458064  0.024106251749910955  0.02685333461963763  0.027944796308590238  0.02802087637587128  0.02747878970894815  
318.6  0.023846278397370198  0.02682134577696546  0.027474611039753627  0.02690332081007018  0.025707622106502976  0.02412086219475408  0.026870502204471965  0.027962886259450235  0.028038952205580517  0.02749632534592044  
318.8  0.02386063336392184  0.02683942150013812  0.027493670468277692  0.026922013144798775  0.025725305853210832  0.024136151893144175  0.026888427312944142  0.027981765252464517  0.02805782022718862  0.027514636544237612  
319.  0.02387566912096213  0.026858264414488194  0.027513518545332676  0.02694147689814632  0.025743726777973177  0.02415213105524841  0.026907121482032725  0.0280014453504623  0.028077490664548163  0.02753373607324478  
319.2  0.023891394100879877  0.026877887305038477  0.02753416653670419  0.026961723999315963  0.025762896228531906  0.024168811121345047  0.02692659751427941  0.0280219398958843  0.028097977827903416  0.02755363704421868  
319.4  0.023907820788162004  0.02689830235599232  0.027555627931165696  0.02698276860445583  0.02578282587258896  0.02418620194904635  0.026946868557541137  0.02804326164535568  0.028119294508196727  0.027574350085073897  
319.6  0.023924960095495752  0.026919523045213525  0.027577914686767777  0.027004621445918267  0.025803530554551816  0.024204315589138246  0.026967945271191653  0.028065423716119132  0.028141454806486055  0.027595890897481448  
319.8  0.023942823248622215  0.026941561316435172  0.027601041020163232  0.02702729739829449  0.02582501978763688  0.02422316442233108  0.026989843406437918  0.028088439598589744  0.028164471306723855  0.027618270826949776  
320.  0.023961422751806682  0.02696443328926743  0.02762502249441561  0.02705080982295952  0.02584730913144517  0.024242759261838914  0.027012575302244376  0.02811232412392658  0.028188358877401266  0.02764150539266889  
320.2  0.023980771456882353  0.02698815071474676  0.027649871260417846  0.027075172466821097  0.02587041071889213  0.024263114122739467  0.027036154626726146  0.028137092535268235  0.028213131842535478  0.027665607658011966  
320.4  0.024000879693962585  0.02701272859818124  0.027675602734460195  0.027100400436605977  0.02589433897266878  0.02428424147682429  0.02706059736624953  0.028162758581277113  0.02823880590217075  0.027690593962778478  
320.6  0.024021762947052962  0.027038181404457618  0.027702233731207844  0.027126508301387034  0.025919107758539884  0.02430615416244135  0.027085916088794248  0.028189338355048797  0.02826539623548568  0.027716478201973833  
320.8  0.024043433243683413  0.027064525957964984  0.027729777661211968  0.027153511059071864  0.0259447323179039  0.02432886636454192  0.027112128597935017  0.02821684840704071  0.02829291846788764  0.02774327662873571  
321.  0.02406590492595384  0.02709177664016712  0.027758252243785596  0.02718142609193366  0.025971227358700458  0.024352391704532593  0.02713924832751089  0.02824530382183786  0.028321389657238117  0.027771004991782162  
321.2  0.024089192750208765  0.027119950224244148  0.02778767374824365  0.027210267376189753  0.025998608028510076  0.024376744212272223  0.02716729303717179  0.028274722096018636  0.02835082638063278  0.027799680482727428  
321.4  0.024113309949549685  0.0271490620185991  0.027818058932470306  0.027240054222498863  0.02602689090727346  0.02440193931763871  0.02719627903522286  0.02830512025881643  0.028381246689150354  0.027829318840566285  
321.6  0.024138272135692508  0.0271791317303012  0.027849426040897553  0.027270801578408922  0.02605609306113595  0.02442799290316849  0.027226223123700658  0.02833651683402235  0.028412667203842664  0.02785993923586644  
321.8  0.0241640953821738  0.02721017470267403  0.027881792874240377  0.027302528812240667  0.02608623009464163  0.024454919354990313  0.027257143600041528  0.028368929910021618  0.028445107034404817  0.027891559424300993  
322.  0.024190795255435823  0.027242209742882467  0.02791517777944894  0.027335253880932373  0.026117320081725147  0.024482736478929693  0.02728905733420881  0.028402379116492127  0.02847858586011035  0.027924196720059923  
322.2  0.024218388795726825  0.027275256223302017  0.02794960165038589  0.027368995296858482  0.026149381639416044  0.024511460620403783  0.027321984704546592  0.028436882693255554  0.028513122961731387  0.02795787195904347  
322.4  0.0242468915732002  0.027309334103322237  0.02798508202450203  0.027403773142658277  0.026182432955445558  0.024541107642945908  0.02735594470415913  0.028472462444952967  0.028548738220296882  0.027992604605755096  
322.6  0.024276322657093917  0.027344460961579265  0.028021641011194656  0.027439606120771634  0.02621649378629575  0.024571696918011504  0.027390956922719308  0.028509137835610304  0.028585452140509646  0.028028413738778925  
322.8  0.02430669868678527  0.027380659969814005  0.028059299383784195  0.027476517544429542  0.02625158249625242  0.024603246396822726  0.027427042570391424  0.028546931963117347  0.028623287876176965  0.028065323059166546  
323.  0.024338039864390777  0.02741795097047397  0.028098079581724104  0.02751452639777903  0.026287721065598797  0.02463577560924795  0.027464222512434446  0.028585864610296597  0.028662265267776734  0.02810335195102439  
323.2  0.0243703639855657  0.027456356476966197  0.028138003740003564  0.027553656341161747  0.026324929123538673  0.024669303689711618  0.027502518284895663  0.028625961269029734  0.028702409866653178  0.028142523479531664  
323.4  0.02440369247721209  0.027495898703076053  0.0281790936988478  0.02759392974305  0.026363229988132397  0.024703849383229986  0.027541953133188763  0.028667243145952145  0.02874374395225792  0.028182861439166033  
323.6  0.02443804438708788  0.027536600588262575  0.028221376090304524  0.027635368687141792  0.02640264465824448  0.024739436128150973  0.027582550028943206  0.028709736236465038  0.02878629156412413  0.0282243893681043  
323.8  0.02447344144900661  0.027578487865694168  0.02826487327327935  0.02767800007868619  0.02644319688119872  0.024776084006241577  0.027624333719432823  0.028753465316994346  0.028830078551759158  0.028267132598367457  
324.  0.024509906102776115  0.027621584017616524  0.028309613499970566  0.027721846546484095  0.026484911175296392  0.024813815832406105  0.02766732873247594  0.02879845598588687  0.02887513058096576  0.028311115238490895  
324.2  0.024547460496778303  0.02766591538488996  0.028355620778041733  0.02776693562143772  0.026527811835106888  0.024852654142259477  0.027711560417207154  0.028844735724772575  0.028921475203038574  0.028356365303069408  
324.4  0.02458612752990514  0.0277115081483583  0.028402923055339622  0.027813293664816826  0.026571923976254068  0.02489262326551084  0.02775705600974585  0.028892331892930893  0.02896913984922334  0.028402908622210916  
324.6  0.024625932953615624  0.027758390415612674  0.028451549212215772  0.02786094793551156  0.02661727564047151  0.0249337473088721  0.02780384365506286  0.02894127278065302  0.0290181539191811  0.02845077502915928  
324.8  0.024666899212155757  0.02780659020178991  0.028501529101614277  0.027909927667838622  0.026663891638977987  0.02497605224859382  0.02785195036778913  0.028991588688484587  0.029068545724444828  0.02849999222620163  
325.  0.024709054785429015  0.027856137536354384  0.028552891504640916  0.027960263089896166  0.026711802898670353  0.025019563900906566  0.027901407248065353  0.02904331094709332  0.029120347706100332  0.02855058993782749  
325.2  0.024752424903347083  0.027907061384289274  0.02860566832279591  0.028011983371963232  0.026761036132399052  0.025064308987038597  0.027952243301962307  0.029096469867262113  0.029173590257135826  0.028602602070233216  
325.4  0.02479703676033843  0.027959394907985987  0.02865989256294118  0.028065120836786594  0.026811624295041348  0.02511031727715308  0.028004490682472214  0.02915110000375039  0.029228306965466706  0.02865605735513691  
325.6  0.024842920634553577  0.02801317029839355  0.028715596274136952  0.028119707881667295  0.026863596174563277  0.025157616395150635  0.02805818266763069  0.02920723393224164  0.029284532594201888  0.028710991944163124  
325.8  0.024890105733418696  0.02806842196407962  0.02877281691962861  0.028175780189435187  0.0269169869380983  0.025206237101577492  0.028113351589825693  0.029264907539794428  0.029342302073951963  0.028767438984398715  
326.  0.02493862232670839  0.02812518341092438  0.028831586868351064  0.028233371500572885  0.02697182764182162  0.025256210189597304  0.02817003417046033  0.029324156928776827  0.02940165160145957  0.02882543604096203  
326.2  0.024988502865452143  0.028183491532132763  0.028891947224700065  0.02829251895116427  0.027028154800496303  0.02530756972215234  0.02822826629479995  0.02938502059257662  0.029462619767883697  0.028885017733462214  
326.4  0.02503977990806507  0.02824338456417241  0.028953933007048672  0.02835326102921397  0.02708600408892656  0.025360347758720578  0.028288085174858722  0.029447537351484455  0.029525245494840528  0.02894622537530701  
326.6  0.025092487231463775  0.028304902149930172  0.029017587079364464  0.02841563547964163  0.027145413593748932  0.02541457973774991  0.028349530491176857  0.029511748553404358  0.0295895691559981  0.029009096362058836  
326.8  0.02514666205730467  0.02836808323731148  0.02908295060459267  0.0284796836596963  0.02720642173277383  0.025470301330823154  0.028412641230748933  0.029577695998697678  0.029655633730290874  0.02907367387775283  
327.  0.025202340806413193  0.02843297045697191  0.029150066312334123  0.028545449568594262  0.027269068387417272  0.02552755065940683  0.028477461153841924  0.029645423078439682  0.029723483810599145  0.02914000161804537  
327.2  0.02525956020961055  0.02849960696347225  0.02921897857499786  0.028612974477795653  0.027333397161866172  0.02558636729196689  0.028544034566165333  0.02971497703975492  0.029793164588064993  0.029208122748809153  
327.4  0.025318362846760853  0.028568038687437187  0.029289734587599033  0.028682306801966588  0.027399450013834332  0.025646791215875955  0.028612405274712073  0.02978640252403222  0.029864721909733934  0.029278083233976  
327.6  0.025378787384146378  0.028638313340423067  0.029362383374931196  0.02875349126771391  0.027467271675839625  0.02570886399113547  0.028682619933152256  0.029859751490540536  0.029938207861126935  0.029349934154354263  
327.8  0.02544087850897578  0.028710479394726665  0.029436973664328403  0.028826578859386304  0.027536911984483558  0.025772629938868242  0.028754729265228186  0.02993507345277048  0.030013672086927106  0.029423721891561307  
328.  0.025504681542767464  0.028784587266336443  0.029513559503839038  0.02890162032961456  0.027608417132084017  0.025838135137090698  0.02882878375284407  0.03001242104648072  0.030091167359276257  0.02949950255957573  
328.2  0.02557024138345161  0.028860690535022184  0.029592194844054242  0.028978669608054668  0.027681838591582176  0.025905426390538288  0.028904835924023712  0.030091850160116236  0.030170749708458844  0.029577327730989245  
328.4  0.02563760704749978  0.028938844952342262  0.029672935845371846  0.029057780558467035  0.02775723104797205  0.025974552424601397  0.02898294158499219  0.030173418947424976  0.030252477435801194  0.029657254515846436  
328.6  0.0257068295616713  0.029019106292713585  0.029755840994091676  0.029139013825678618  0.027834648010170927  0.026045565117699305  0.029063158829994842  0.030257186814870236  0.030336408969946556  0.029739341234205387  
328.8  0.0257779609325617  0.029101534966071683  0.02984097350038549  0.029222426835782293  0.027914147528417747  0.026118517363093965  0.029145545888397545  0.030343216793846238  0.03042260862223185  0.029823650923263126  
329.  0.025851056517144786  0.02918619506043997  0.029928396916385113  0.029308082926371354  0.02799579008876002  0.026193465441304336  0.029230165767741508  0.03043157227462584  0.030511141092307147  0.02991024581206869  
329.2  0.025926172874766517  0.02927314876463842  0.030018177517261914  0.029396049273331105  0.02807963644750781  0.02627046802306425  0.029317083002166146  0.030522322835444194  0.030602072702769878  0.02999919311936792  
329.4  0.02600337017626234  0.029362465635429474  0.03011038445120662  0.029486392448973806  0.028165753487033048  0.02634958514579295  0.029406367234378207  0.030615537554425056  0.03069547729667668  0.030090562952625778  
329.6  0.026082710049439795  0.029454215907436968  0.03020509222203095  0.029579184294557137  0.02825420865096874  0.026430880645559332  0.029498088788639864  0.030711292049077965  0.030791426072129435  0.03018442614647201  
329.8  0.02616425686272984  0.029548475269159803  0.030302375085812943  0.02967449981476765  0.028345072378620672  0.026514420002464158  0.029592319944458406  0.030809661738400374  0.03088999927772966  0.030280860209197864  
330.  0.026248081403673816  0.029645318061861374  0.030402313009831393  0.02977241501044981  0.028438419450120874  0.02660027164298319  0.029689140952619382  0.03091072897855905  0.030991274817848857  0.030379943730876293  
330.2  0.026334250520582154  0.029744826785824897  0.030504989571972056  0.029873012908854645  0.028534328022000597  0.026688508291023975  0.029788629731648943  0.031014576276130103  0.0310953389166344  0.030481758876912728  
330.4  0.026422842538912788  0.029847085312940103  0.0306104897978469  0.029976376745398277  0.028632878637755495  0.02677920599693908  0.029890871406738125  0.03112129352684823  0.031202278152844477  0.030586391597646107  
330.6  0.02651393216695333  0.029952181428515082  0.030718907483250645  0.030082597248701385  0.02873415559978367  0.026872443140916604  0.029995956240976084  0.031230971181523428  0.03131218675358272  0.03069393424108731  
330.8  0.02660760130807096  0.030060209468632214  0.030830334765452543  0.030191766975845188  0.028838248396509385  0.026968303011911582  0.030103975103482984  0.031343706394821765  0.031425160938887524  0.030804479859086374  
331.  0.026703935762728403  0.030171264603982957  0.03094487308225647  0.030303984122924725  0.028945250772862884  0.027066871653222736  0.03021502565923004  0.03145959973473427  0.03154130274231263  0.030918129611143708  
331.2  0.0268030254691576  0.03028545029788436  0.03106262630196725  0.030419349189291643  0.029055259777817994  0.027168240501495283  0.030329210281926634  0.031578759077537585  0.031660716685953126  0.03103498585881413  
331.4  0.026904963539722396  0.030402871372625574  0.031183703398738626  0.030537971313268235  0.02916837723294717  0.027272504240187432  0.03044663512609113  0.031701293873993314  0.031783514905076055  0.031155158471283344  
331.6  0.02700984773245905  0.030523641596322808  0.031308221237426576  0.030659961320146492  0.029284712496123903  0.02737976350596186  0.03056741163706247  0.03182732151962054  0.03190981509182126  0.03127876276237145  
331.8  0.02711778322641951  0.0306478767098104  0.03143629881078588  0.0307854393800072  0.029404376675907833  0.027490122755692268  0.030691658129845947  0.031956964071637846  0.032039740852897756  0.0314059186030191  
332.  0.02722887679447598  0.03077570090855287  0.03156806373149931  0.03091452926505739  0.029527489098945998  0.027603693049019516  0.03081949895075517  0.03209035233232945  0.032173419603984274  0.03153675325193551  
332.2  0.02734324330487462  0.030907244811140235  0.03170364895763428  0.0310473624340925  0.029654175262784348  0.027720591189982248  0.030951062369010098  0.03222761882057701  0.03231098792218306  0.031671398041260325  
332.4  0.02746100365571505  0.031042644628829937  0.03184319698163699  0.031184074719829716  0.02978456725067833  0.027840937588715788  0.03108648723756365  0.03236890941892384  0.03245258955210751  0.03180999504750526  
332.6  0.027582283915719815  0.031182043861656836  0.031986854040028274  0.03132481306846137  0.02991880163951981  0.027964862948662666  0.031225917230918016  0.03251437263094135  0.0325983758949121  0.03195269134032697  
332.8  0.027707217006522136  0.03132559636235664  0.032134776903331705  0.03146972977915908  0.030057025017949865  0.028092502449315607  0.03136950510627047  0.032664167617117004  0.03274850270055863  0.03209964325555449  
333.  0.027835945761526173  0.031473461820687804  0.03228712966170495  0.03161898554794952  0.030199392023480896  0.028224000016686884  0.031517409432386415  0.032818460989142706  0.032903142104634665  0.03225101313696269  
333.2  0.02796861835196029  0.031625808867878816  0.03244408818632977  0.03177275266250244  0.030346065917460027  0.028359506307307745  0.03166980158450456  0.032977429983417066  0.033062466655355414  0.032406977642500445  
333.4  0.028105392688997293  0.031782815725918165  0.03260583435648175  0.03193120921545347  0.030497217904293755  0.028499181857543292  0.031826861305217946  0.03314126057165118  0.03322666666156308  0.0325677168339391  
333.6  0.02824643314541009  0.03194467354750424  0.032772563228864425  0.032094546258755276  0.030653029081986135  0.02864319513166694  0.03198877473750186  0.03331015210212575  0.0333959380506767  0.032733425199529355  
333.8  0.028391917769067163  0.032111581982497465  0.032944481274786164  0.03226296602450291  0.03081369251001717  0.02879172581771289  0.032155745661047716  0.03348431024771259  0.03357049226940134  0.03290430993549719  
334.  0.028542032493608892  0.032283752598638  0.033121805914007034  0.032436681440910185  0.030979411398483998  0.028944962960468435  0.03232798455963099  0.03366395971443035  0.03375054929888656  0.03308058651974935  
334.2  0.028696974545760107  0.032461411151810456  0.033304769107676845  0.03261591970568974  0.031150403985464762  0.029103109777391223  0.032505718771617675  0.03384933334132235  0.033936345202983755  0.03326248624054919  
334.4  0.028856956049755085  0.0326447959380486  0.033493615738148665  0.032800919287614395  0.03132689783148192  0.029266377885729035  0.03268918551884913  0.03404067973772179  0.034128130576801655  0.033450253266795064  
334.6  0.029022198275410173  0.03283416295690479  0.03368860743519851  0.03299193914561029  0.03150913893633536  0.029434993610087067  0.03287863970083647  0.034238265862287565  0.03432617034453606  0.03364414983869657  
334.8  0.029192940824870364  0.03302977897250427  0.03389002113017195  0.033189249148411655  0.031697384804860514  0.02960920188599461  0.03307435246956934  0.0344423728944336  0.03453074774273034  0.03384445073768268  
335.  0.029369436034287606  0.03323193514934234  0.03409815177524214  0.03339313955090894  0.03189191391608339  0.029789257903511633  0.03327661119001489  0.034653300310766764  0.034742163004973105  0.03405145145140475  
335.2  0.029551952972793824  0.03344093620708356  0.034313316673523706  0.033603918397174845  0.03209301891104653  0.029975435219331978  0.033485723675344206  0.03487136883651468  0.0349607362613651  0.03426546700601185  
335.4  0.02974078030042473  0.0336571117286741  0.034535851629640416  0.033821915943072364  0.03230101647939465  0.030168028695943056  0.03370201706215252  0.03509692080399877  0.035186812083326746  0.034486830822477756  
335.6  0.029936225075267504  0.03388080960076608  0.034766115551888126  0.034047483693491275  0.0325162421549237  0.030367350544132983  0.03392584242381594  0.03533031919787017  0.03542075437478668  0.034715905017123655  
335.8  0.030138618784155503  0.03411240504115029  0.03500449396223964  0.03428100068820052  0.03273905644870842  0.03057373632225091  0.03415757397288228  0.035571956830221574  0.03566295693140974  0.034953069763308434  
336.  0.03034831363343131  0.03435230006105626  0.035251399910349694  0.03452286862317988  0.03296984270774566  0.030787542646113  0.03439761414599537  0.03582225160703545  0.035913837259983275  0.03519873834152136  
336.2  0.030565687546525836  0.034600924495682944  0.035507273605803163  0.034773521495210714  0.033209018176816645  0.031009156618637197  0.034646394701630834  0.03608165339986732  0.03617384778802621  0.0354533526264891  
336.4  0.030791146611067546  0.03485874020024499  0.03577259254282748  0.03503342557657739  0.03345702362208508  0.03123899260190587  0.03490437654750178  0.03635064257591057  0.03644347009584415  0.03571738439412783  
336.6  0.031025130805726713  0.03512624864639476  0.03604786743331411  0.03530307955838645  0.033714340921123145  0.03147749343887869  0.03517206018964098  0.03662974057778916  0.036723225435828566  0.035991344348227754  
336.8  0.03126811268563877  0.035403982549914316  0.03633365017753437  0.035583026974417724  0.033981483184442954  0.03172513946589657  0.03544998189068357  0.0369195062283031  0.03701367550231807  0.0362757828165233  
337.  0.03152059923196499  0.03569252161900124  0.03663053338570686  0.035873848238433106  0.03425900584923404  0.0319824506382577  0.035738722020887036  0.03722054424594083  0.0373154265300238  0.03657129224011829  
337.2  0.03178314174214258  0.03599249410893941  0.03693916400338817  0.03617617402532878  0.034547514073294656  0.03224998438819528  0.03603890646650191  0.03753350683843278  0.03762913082345363  0.036878514697942136  
337.4  0.03205633569077388  0.03630457564938852  0.03726023627882031  0.036490687320381215  0.03484765529211682  0.03252834762847495  0.036351213090444645  0.03785910037241936  0.037955499592028326  0.03719814396869988  
337.6  0.032340831906251706  0.036629502506764715  0.03759450509846909  0.03681812593623799  0.03516013839759645  0.032818198800878724  0.03667638052003849  0.03819809439767013  0.03829530120846142  0.03753093594605745  
337.8  0.032637329703952694  0.03696807495573426  0.03794279422664591  0.03715929673764369  0.03548573224859727  0.03312025199913458  0.03701520674822357  0.03855132051658889  0.03864937090830506  0.03787770579521836  
338.  0.032946595736733676  0.03732116293898516  0.038305997505024614  0.03751507516121249  0.035825270957754236  0.03343528821965089  0.037368565819458265  0.038919689375357835  0.039018620001554  0.03823934955516087  
338.2  0.033269468302093666  0.037689717533856464  0.03868509208860211  0.037886416643474946  0.03617966983241138  0.03376415317522854  0.03773740825174379  0.03930418980162217  0.03940404300749348  0.038616838411836586  
338.4  0.03360686084122606  0.0380747772376764  0.039081143337979844  0.03827436947569045  0.03654992486964124  0.03410778026806129  0.038122773655248084  0.03970590833198204  0.03980672593270471  0.03901123795577861  
338.6  0.03395977300443749  0.03847748211396266  0.039495324180305005  0.03868007928216194  0.03693713296656641  0.03446718745270299  0.038525804987820635  0.0401260325153014  0.04022785924110964  0.03942371619973818  
338.8  0.0343293100635031  0.038899084756916245  0.039928919844386436  0.03910480483840256  0.037342497514022285  0.03484349154798442  0.03894775285909708  0.040565867193255195  0.04066875436982338  0.03985555474945548  
339.  0.03471668409152338  0.039340961368896546  0.040383347709372325  0.03954993610584811  0.03776734051635592  0.03523792969023438  0.03938999832144255  0.04102685135049681  0.041130850532534374  0.04030816699788665  
339.2  0.03512323192268036  0.03980463881434121  0.040860172968164285  0.040017000944818304  0.038213127240235796  0.035651860906989595  0.03985406645839372  0.041510574042327684  0.041615740688748314  0.04078311199775559  
339.4  0.03555043933451823  0.04029179878716605  0.041361125226641995  0.04050770025753462  0.03868147478989129  0.03608679554202822  0.04034164423706786  0.042018793069701035  0.04212518873152188  0.04128211795185882  
339.6  0.03599995260086517  0.04080431623017157  0.04188812894909235  0.041023915508384606  0.039174184493667545  0.036544405345797844  0.040854606894625785  0.04255346053250139  0.042661153436904284  0.0418071022096775  
339.8  0.036473609161797114  0.041344277613006  0.04244332949533114  0.04156774799111378  0.03969326082098358  0.03702655621870412  0.041395041321940315  0.0431167544914075  0.043225812919327665  0.042360202304779306  
340.  0.03697345650220182  0.04191401245983231  0.04302911838602351  0.04214154183874475  0.04024093981344704  0.03753533308813172  0.041965281314798354  0.04371110301128835  0.043821606702404765  0.042943804819465595  
340.2  0.03750179219510205  0.04251613253739698  0.04364818075078535  0.04274792518795535  0.04081973229202494  0.038073073410072954  0.04256794332958107  0.04433923407929243  0.04445126590775893  0.04356058925351259  
340.4  0.038061207028777376  0.043153578268994595  0.04430353752347118  0.04338985687034819  0.04143246308377823  0.03864240506806843  0.043205969132307565  0.04500421291793337  0.045117863323346594  0.04421356436561242  
340.6  0.038654618620041305  0.04382967007999088  0.04499860003569073  0.04407067808906573  0.042082322071564114  0.0392462956788781  0.04388268272337625  0.045709500986351626  0.04582487284950868  0.04490613186346998  
340.8  0.03928533871350379  0.044548170144343015  0.045737231521976576  0.044794172577852585  0.04277292343369328  0.039888113542153075  0.04460185033071511  0.04645902442134217  0.04657622655851328  0.045642148050774003  
341.  0.03995713704552035  0.04531336303019456  0.04652383371998797  0.04556465562542867  0.04350838326903181  0.04057168858988776  0.04536776113824397  0.047257252281966734  0.047376404551288255  0.04642600047564412  
341.2  0.04067431901106308  0.046130144715180184  0.047363440672896585  0.04638705187562466  0.04429340495588855  0.041301399270355324  0.046185316401456254  0.0481092893851113  0.048230528396878254  0.04726270915710206  
341.4  0.04144183735030608  0.04700414174988401  0.04826182877435989  0.04726702091656527  0.04513339176123822  0.04208227785296063  0.047060148732770146  0.04902100644122906  0.049144479350553376  0.048158030177718726  
341.6  0.042265397306626734  0.0479418390349822  0.049225660374798266  0.04821109235540543  0.0460345754156986  0.04292012576763718  0.047998750027476944  0.04999916775144136  0.05012503846006713  0.049118615662213504  
341.8  0.04315161796352179  0.04895075952850651  0.05026266635676619  0.049226831870980155  0.04700418521715527  0.04382166684557731  0.04900865135337665  0.051051617988900524  0.05118007422369118  0.0501521686452675  
342.  0.04410820938827774  0.050039668705432666  0.051381852051360546  0.050323064037861805  0.04805063980943056  0.04479474478243407  0.05009862763460542  0.05218750214144566  0.05231875006064782  0.05126766922954849  
342.2  0.04514420564527005  0.05121883183813526  0.05259376131084033  0.05151011145325181  0.049183796125241784  0.04584853809553903  0.05127895520842024  0.05341752514390685  0.0535517997443337  0.052475634037207154  
342.4  0.04627023542300568  0.052500327006108495  0.053910805045317  0.052800136809134125  0.05041526620276933  0.04699385058829625  0.05256172517563972  0.05475428988138124  0.05489185518797897  0.05378843937857997  
342.6  0.04749887106503881  0.05389844855678282  0.05534766870992053  0.054207516786502576  0.05175877781696964  0.04824346422287466  0.05396124728074978  0.05621270136490879  0.05635385834543282  0.055220727306135135  
342.8  0.04884505398181884  0.0554301762924867  0.0569217943570427  0.05574934216554234  0.05323064295261184  0.04961256434573132  0.05549452213472418  0.05781047038412391  0.057955568946424736  0.05678989597693238  
343.  0.05032660794210946  0.057115765691885534  0.05865399426730556  0.057445990148927525  0.05485031800672913  0.0511192659598952  0.057181822046435724  0.059568726929349156  0.05971816461410556  0.058516694486546374  
343.2  0.05196483474893178  0.058979437697621415  0.060569147099885166  0.0593218330787507  0.05664107405445195  0.05278523295430389  0.059047393744682396  0.06151272945769174  0.0616669691407973  0.060425934165667945  
343.4  0.05378523123596907  0.06105016206492979  0.06269702391488739  0.0614060304782499  0.058630744590516086  0.05463637279037531  0.06112024337520098  0.06367270319337226  0.06383228297091265  0.06254730233674466  
343.6  0.05581819681734071  0.06336250266749968  0.06507313286262628  0.06373335528401221  0.060852532576198534  0.05670359020471411  0.06343496922463317  0.06608469770194132  0.06625023955691758  0.06491620101082567  
343.8  0.058099697007944755  0.0659573412258122  0.06773947344776683  0.06634494953738022  0.06334571647540665  0.05902345246470153  0.06603249668077049  0.0687913494138382  0.06896358976791593  0.06757451863339173  
344.  0.06067156736521855  0.06888223895900306  0.0707449114843013  0.06928867540098166  0.06615598386873127  0.06163848424323009  0.06896043755527977  0.0718422736815405  0.07202206630370608  0.07057097486487834  
344.2  0.063581016225682  0.0721908684804762  0.07414459714409978  0.07261855055952247  0.06933490730361834  0.06459668069806906  0.0722725212133416  0.07529345553153308  0.07548179614341347  0.0739605624706259  
344.4  0.06687857729971396  0.07594070492091752  0.07799758429942837  0.07639240961380772  0.0729377027290861  0.06794942275887787  0.07602627945166106  0.0792048433944398  0.07940287294271851  0.07780216017177917  
344.6  0.07061360192972306  0.08018788435305733  0.08236156351105073  0.08066676571751964  0.07701831694778674  0.07174690128696401  0.08027791296314594  0.0836349937746754  0.08384400138602092  0.08215327770614224  
344.8  0.0748266336666712  0.08497856332034846  0.08728397675957873  0.085488084698451  0.08162110553087275  0.076030354165005  0.08507362071352727  0.08863205947513776  0.08885345307117251  0.08706120414578536  
345.  0.0795393078675353  0.09033744664429938  0.09279023603172797  0.0908812593375999  0.08676983029098907  0.08082183160150462  0.09043812868905865  0.09422181280202482  0.09445705889581914  0.09255123930235039  
345.2  0.08474470394428825  0.09625679868605987  0.09887242463468489  0.09683854832394079  0.0924570825827837  0.08611435473050212  0.09636368157388125  0.10039619462093323  0.10064674170239384  0.09861545891645197  
345.4  0.09040268761457702  0.10269114772327145  0.10548388476653354  0.10331424948128963  0.09863922267367374  0.09186718626619252  0.10280475961063469  0.1071077918238513  0.10737496381022021  0.10520727956237877  
345.6  0.09644362912746954  0.10956153057714049  0.1125435240982781  0.11022894153152152  0.10524042498221328  0.09800962670718688  0.10968229743818426  0.11427424346336297  0.11455916693833354  0.11224579178329128  
345.8  0.10277953759752712  0.1167680534729207  0.11994877219029126  0.11748217154569326  0.11216476172792945  0.10445229202950305  0.11689629675382664  0.12179138174737981  0.12209490730807598  0.11962866335210694  
346.  0.10931767306007574  0.12420545161217354  0.12759150664320723  0.12496803757018268  0.1193111295536967  0.11110096917091813  0.12434136340665185  0.129549402760651  0.12987211649860528  0.12724804493301217  
346.2  0.1159718219478196  0.13177579794129438  0.1353711374897072  0.13258802496524535  0.12658547067096082  0.11786805278875274  0.13191946027353738  0.1374461750715199  0.13778840859883593  0.1350036044659598  
346.4  0.12266872466517435  0.13939587467253348  0.14320220869154843  0.14025842976032013  0.13390785688364445  0.12467910288000755  0.13954729682011197  0.14539490924577916  0.14575677178654406  0.14281009864063504  
346.6  0.12935020296964034  0.14699958338330557  0.15101679380623717  0.14791273522843104  0.1412147881121623  0.13147498481743797  0.14715868441282723  0.15332665705398416  0.1537080996124568  0.15059979806184545  
346.8  0.13597239588289126  0.1545370717660855  0.1587636892053738  0.1555007700779641  0.14845837232327355  0.13821112131785857  0.1547037166484345  0.16118942037996795  0.16159024448057555  0.15832164427763123  
347.  0.14250365940372678  0.16197235068114088  0.16640590952815287  0.1629863221313916  0.15560403948212104  0.14485533307129866  0.1621463814092759  0.16894566034835973  0.16936558830802642  0.16593875412804343  
347.2  0.14892211075932726  0.16928053144234212  0.1739178852509203  0.1703443392982416  0.16262786679143817  0.15138537342087113  0.1694617501130199  0.17656941541131435  0.17700810605537354  0.17342563804641706  
347.4  0.15521336630287752  0.1764452263314982  0.18128276347899466  0.17755832171132935  0.16951411178812537  0.15778660026442395  0.17663343542754542  0.18404359930164857  0.18450065323345027  0.18076550894997193  
347.6  0.16136862743631383  0.18345639947670292  0.18849023192030306  0.18461815991947683  0.1762531174139359  0.1640500544764517  0.1836513765632517  0.19135772552031946  0.19183275149686385  0.18794808700617713  
347.8  0.1673831646328862  0.19030864869676314  0.19553471231134834  0.1915184066212633  0.1828396854311395  0.17017091255697916  0.19051017605495266  0.1985061651977364  0.19899872469882784  0.1949678304048251  
348.  0.17325517528049011  0.19699989026091597  0.20241408043338954  0.1982569631282272  0.18927181458256867  0.1761473450081681  0.19720775039045757  0.20548675254299179  0.20599641970539279  0.2018226243137023  
348.2  0.17898494454438577  0.2035304015028614  0.20912859265624087  0.20483407856426822  0.19554976379637976  0.18197960786845133  0.20374436979756724  0.21229975603174203  0.21282610685216824  0.20851273600094825  
348.4  0.18457417554996713  0.2099020837270489  0.2156802020404665  0.21125167442329326  0.2016753417565252  0.18766942696226543  0.21012195926797286  0.21894717640231923  0.21948978279830744  0.2150401345561979  
348.6  0.190025555801769  0.21611795706982773  0.2220719915829295  0.2175127695828738  0.20765146269150603  0.19321949902407257  0.2163435349658277  0.22543215229951225  0.22599059411894376  0.22140789578094983  
348.8  0.19534241338235828  0.22218178191818774  0.22830781438660366  0.2236211268634042  0.21348169058380723  0.198633213089221  0.22241285269845862  0.23175859280476632  0.23233248126814168  0.22761988329409233  
349.  0.2005284646526575  0.22809774201325092  0.23439197089411265  0.22958095667634967  0.21917007887618495  0.2039143340412119  0.22833411296017403  0.23793088207135363  0.2385198079864909  0.23368037425674387  
349.2  0.20558765127715556  0.2338703003408094  0.24032902674781934  0.23539675200636892  0.22472088700341444  0.20906684502019734  0.23411178553660586  0.24395365163467797  0.24455723930160095  0.23959395292102248  
349.4  0.21052404066884864  0.2395040273330936  0.24612369256993805  0.2410730922883536  0.2301385218085225  0.21409487940894562  0.23975045939018758  0.24983169003574404  0.2504495765908158  0.24536531507222542  
349.6  0.2153417063077142  0.24500354873092914  0.251780665699877  0.24661461161779535  0.2354273873836443  0.21900254276207975  0.2452547319600094  0.2555697965324491  0.2562016199766905  0.25099916548106127  
349.8  0.22004465363041104  0.25037338312240454  0.2573046289146272  0.25202587271606514  0.24059184071838188  0.22379393148603788  0.2506291512767267  0.26117269572301005  0.2618181181544755  0.2565001706843542  
350.  0.22463682623722805  0.2556180008864417  0.2627001438042732  0.25731135451514525  0.24563617180757163  0.22847303250565837  0.2558782067533899  0.2666450485903573  0.26730374452901384  0.2618728873061821  
350.2  0.2291220686350335  0.2607417217882837  0.2679716544645542  0.26247539660273317  0.25056452524034284  0.23304371831378398  0.26100619958629284  0.2719913601469443  0.272663003337734  0.2671217544701849  
350.4  0.23350407101175993  0.2657487318286052  0.2731234424407196  0.2675222173437795  0.2553809178080943  0.23750975566022298  0.26601733409240036  0.27721599543162245  0.2779002704490241  0.27225104882300577  
350.6  0.23778638322695164  0.27064305978916486  0.2781596403377438  0.2724558381610897  0.26008920210626907  0.24187473116926705  0.2709156448620591  0.2823231555573144  0.2830197573948036  0.27726491157935845  
350.8  0.24197242365592128  0.2754285580139083  0.2830842137997402  0.27728014210917346  0.2646930734841408  0.24614213787797223  0.275704976167469  0.2873168582480831  0.28802551918318675  0.2821672909297074  
351.  0.24606547937192946  0.28010892752951366  0.2879009600669764  0.28199886124868473  0.2691961104588426  0.25031525417651096  0.2803890614041849  0.29220094899026916  0.2929213846208956  0.28696197968706555  
351.2  0.2500686521947122  0.2846877067590632  0.29261348122648734  0.2866155228210141  0.2736016809463684  0.25439728034427533  0.2849714165649155  0.29697913101305623  0.2977110660553109  0.2916525757154221  
351.4  0.25398493012610684  0.289168260678609  0.2972252574162072  0.29113353548639387  0.27791302703650084  0.2583912328882031  0.289455425174058  0.30165489950150287  0.3023980962082487  0.29624256955670564  
351.6  0.25781716496728463  0.2935538138266401  0.30173959702543446  0.2955561100892377  0.28213324295284375  0.2622999744847824  0.293844301795714  0.30623164560899224  0.30698583203798874  0.3007352372187911  
351.8  0.26156807745306954  0.2978474424482588  0.30615962645279177  0.29988636612329833  0.2862652656931448  0.26612630745384397  0.2981411413361363  0.31071254819321775  0.3114774893846176  0.30513373058622606  
352.  0.26524024767884863  0.30205206564123  0.31048836990938306  0.30412720659396303  0.29031191016641705  0.26987280370040895  0.3023488671968883  0.3151006512343859  0.315876120495241  0.3094410560623989  
352.2  0.2688361504904739  0.3061704661066751  0.3147286828304461  0.3082814724788452  0.2942758613151875  0.2735420176176561  0.3064702815896684  0.3193989027140012  0.3201846658549372  0.3136600658915241  
352.4  0.272358131299243  0.3102053436863358  0.31888331878849335  0.31235181472187223  0.2981596804687098  0.27713629724752026  0.3105080421243857  0.3236100400667623  0.3244058853612675  0.31779351064844574  
352.6  0.2758084583022652  0.3141591985651959  0.32295485928336926  0.3163408071319515  0.30196577992090473  0.28065794169436575  0.3144647147977215  0.3277367497465337  0.32854245682507366  0.3218439690205223  
352.8  0.2791892661204063  0.3180344927786195  0.3269457972959913  0.3202508758835695  0.3056965233243352  0.2841091311092457  0.31834268620606576  0.33178153493924106  0.3325968896432267  0.3258139474414147  
353.  0.28250260793321647  0.32183351532794086  0.3308585133458648  0.3240843360867709  0.3093540893936948  0.28749193108874016  0.3221443283509216  0.33574681533513495  0.3365716420635396  0.32970580832640745  
353.2  0.28575042881087165  0.3255584828383744  0.33469528159994444  0.32784343087599954  0.31294063735955296  0.2908083299721018  0.3258718129305181  0.33963491909132776  0.34046899962902294  0.33352180698693135  
353.4  0.2889346199084962  0.3292115307447116  0.3384582589445821  0.3315302723188847  0.31645818395052855  0.2940602283067733  0.32952727791517017  0.34344800606633946  0.34429116044456326  0.33726413099855856  
353.6  0.2920569405598834  0.3327946518734397  0.3421495233895284  0.33514689556536414  0.3199086731579851  0.29724942671083154  0.3331127355337452  0.34718822185414966  0.3480402759180015  0.340934823056186  
353.8  0.2951191054975564  0.33630978425879954  0.345771063224871  0.33869523070508606  0.3232939306711694  0.3003776637620463  0.3366301267885101  0.35085757104193444  0.3517183390178175  0.34453590329814343  
354.  0.29812277389121716  0.3397587833406829  0.3493247645716948  0.34217714136476457  0.3266157708090754  0.3034466040095612  0.34008130997430996  0.3544579712161495  0.3553272720375955  0.34806923932474415  
354.2  0.3010695015756088  0.3431434265149963  0.3528124502298315  0.34559441274313946  0.32987586422817977  0.30645782443815234  0.3434680476213022  0.3579912753474806  0.3588689676821102  0.3515366522932092  
354.4  0.3039607783760203  0.34646539959512007  0.356235867314117  0.348948738093827  0.3330758447604916  0.3094128529111585  0.34679204538830394  0.3614592773191475  0.36234517193310206  0.35493986996718474  
354.6  0.3067980677415218  0.34972633586525753  0.3595966733596604  0.3522417758252318  0.33621727932482837  0.31231315480172117  0.3500549391175427  0.36486362701881164  0.36575757423939825  0.35828058389528583  
354.8  0.3095827392197282  0.3529278026706095  0.36289647564730365  0.35547506420693  0.3393016715562782  0.3151601181522041  0.35325829862118374  0.3682059942655083  0.3691078307611955  0.36156038242053107  
355.  0.312316106423353  0.3560712865377336  0.36613679901320995  0.358650132485339  0.3423304652136827  0.3179551111420705  0.3564035943766313  0.37148793015621995  0.37239751482046235  0.36478078914894435  
355.2  0.3149994672515067  0.35915823277086933  0.3693191441606721  0.36176839548342477  0.34530501012122083  0.32069941256656936  0.3594922920199666  0.3747109234043683  0.3756281193697841  0.3679433036420849  
355.4  0.31763401451222156  0.3621900119320429  0.3724449175544882  0.36483128554822114  0.3482266573288738  0.32339425030273905  0.3625257831651734  0.3778764224460789  0.3788010781040578  0.3710493313062069  
355.6  0.32022096870922573  0.3651679978774691  0.375515489524042  0.36784010727518507  0.35109668880766925  0.326040822977451  0.36550536833018143  0.38098582047190277  0.3819177875666805  0.3741002224718639  
355.8  0.32276143067017954  0.36809341972619025  0.3785321596475851  0.37079617086542754  0.3539163191096977  0.3286403034143727  0.36843235382491485  0.3840404390857364  0.3849795917969731  0.3770973136557617  
356.  0.32525651579028364  0.3709675342567456  0.38149619725368183  0.3737006812087596  0.3566867162972645  0.33119376429517294  0.3713079796258873  0.38704158824968554  0.3879877850298547  0.3800418545247687  
356.2  0.3277072415013397  0.37379151462011895  0.3844088252806211  0.3765548550117663  0.3594090630563705  0.33370229502338267  0.37413342084270845  0.3899904727684296  0.39094359464114153  0.38293504765620706  
356.4  0.33011464512002164  0.37656652983469285  0.38727120283694183  0.3793598270417099  0.36208440349240467  0.3361669077202114  0.3769098286164008  0.3928883105009862  0.39384824192158924  0.3857780904398174  
356.6  0.3324796887413039  0.37929364898866186  0.39008448635253584  0.38211671029123534  0.3647138401310675  0.33858859715621537  0.37963829328164916  0.395736237595583  0.39670282641683136  0.38857209929234976  
356.8  0.3348033195948385  0.3819739613453201  0.39284973277314966  0.3848265787865522  0.3672983591861051  0.3409683031981751  0.3823199058921321  0.39853536916687743  0.39950850563791845  0.39131815015594473  
357.  0.33708645231167117  0.384608479364214  0.3955680207069732  0.3874904694854238  0.3698389506580957  0.34330697256652226  0.3849556603218513  0.40128676154110987  0.40226633902504805  0.3940173210974409  
357.2  0.33932997049264807  0.38719820017534845  0.3982403524577067  0.39010934305770845  0.3723365913631652  0.3456054597238875  0.3875465753530502  0.40399147471949576  0.4049773690915619  0.3966706139274829  
357.4  0.3415346868248697  0.3897440667952511  0.40086771598741766  0.39268418718961196  0.3747921647050548  0.34786464977246834  0.39009359564655643  0.40665047251362296  0.4076425827160472  0.3992790161606113  
357.6  0.3437014678465848  0.3922470313879211  0.4034510457158401  0.3952159165574341  0.37720658466502194  0.3500853791117898  0.39259765410907493  0.40926474666584955  0.41026295361936993  0.40184346181196323  
357.8  0.3458310705343644  0.3947079743859452  0.4059912862594317  0.3977054566775775  0.37958069472100325  0.3522684358793248  0.39505965323453757  0.41183521589139627  0.41283942377144084  0.404364874104239  
358.  0.3479242884686806  0.3971277465499119  0.40848928959519576  0.4001536622430027  0.38191533105303993  0.35441460274371783  0.39748044530026794  0.4143628104018465  0.41537288364903385  0.4068441465752753  
358.2  0.34998182735421607  0.39950721304756437  0.41094594207068047  0.4025613594675034  0.3842112819315975  0.35652461620917475  0.3998608755770314  0.4168483467648914  0.41786421550397224  0.40928214442721833  
358.4  0.3520044543583994  0.4018471702355522  0.41336208208122105  0.4049293688926687  0.38646935269071964  0.35859923150944306  0.40220174135048214  0.41929271967930437  0.42031425243942705  0.4116796842568354  
358.6  0.35399282885161165  0.40414841026930703  0.4157385004184195  0.4072584857108704  0.38869028170583614  0.36063913851088963  0.4045038573875071  0.42169673375732647  0.42272386563871206  0.41403755612801507  
358.8  0.35594763128870816  0.4064116793038367  0.41807596245167716  0.40954948087843185  0.3908748054085344  0.3626450047795097  0.4067679930936507  0.42406118966102585  0.42509379301825656  0.41635656847593916  
359.  0.35786952172894776  0.4086377217996779  0.42037525330160297  0.41180308012539457  0.39302361604673064  0.36461752061809133  0.4089948506790494  0.4263868419493615  0.427424834546478  0.4186374847179783  
359.2  0.3597591185041395  0.41082726013928844  0.4226370916828357  0.4140200307498031  0.3951374284341469  0.3665573127802195  0.4111851533367405  0.4286744437038868  0.42971772335907665  0.420881001229221  
359.4  0.3616170653389244  0.4129809955633511  0.42486217396458764  0.4162009923544898  0.3972168706447037  0.36846501077718913  0.413339625462849  0.4309247035941408  0.43197321457393034  0.42308785852032427  
359.6  0.3634439436399543  0.41509958652798395  0.427051242681535  0.4183466479561218  0.399262617610604  0.3703412259615386  0.41545892676110335  0.43313835358473646  0.4341919977240799  0.42525873194122704  
359.8  0.3652403396942145  0.4171836941238182  0.4292049082925042  0.42045768376304543  0.40127528090509845  0.372186529590535  0.41754369685150794  0.435316083353811  0.4363747414034738  0.427394298998051  
360.  0.3670068233293509  0.4192339379820658  0.43132387448381204  0.42253472222490884  0.4032554992980491  0.3740014984417588  0.4195946017743143  0.4374585174708169  0.4385221169590055  0.4294952181257872  
360.2  0.36874392557582325  0.42125098825999135  0.4334087358707733  0.4245783672158106  0.4052038260425215  0.3757866932829432  0.42161222130786247  0.4395663066294068  0.4406347770729191  0.43156212946105776  
360.4  0.37045216168004863  0.42323538342667877  0.43546011455043443  0.4265892510858562  0.4071208430117139  0.3775426363532696  0.42359720945482054  0.44164010681666954  0.44271335651071814  0.4335956092555752  
360.6  0.37213210165982696  0.425187736883521  0.43747863905431394  0.4285679203295189  0.4090071396065435  0.37926988114242866  0.425550111722648  0.44368048753634226  0.44475844951677557  0.4355962855986469  
360.8  0.3737842089121043  0.42710859990608596  0.43946485190600687  0.430514998195514  0.41086324373800737  0.38096892064318494  0.42747150348470797  0.4456880709754398  0.44677065665737264  0.4375647475313117  
361.  0.37540897940657136  0.4289985552026465  0.44141934967490626  0.43243097579102713  0.41268969174143877  0.3826402572266587  0.4293619448995377  0.4476634404698671  0.4487505389943663  0.439501544901485  
361.2  0.3770068961919233  0.43085812393506584  0.44334266700821406  0.4343164465769204  0.41448698216077073  0.384284356389547  0.4312219577233509  0.4496071165746111  0.45069871302212355  0.44140721197687055  
361.4  0.37857842988517093  0.4326878126043184  0.44523534745135235  0.4361719193401676  0.4162556233722682  0.3859016943426315  0.433052096877186  0.4515196757460014  0.4526156621413159  0.4432823397855475  
361.6  0.38012401506824844  0.4344881617273045  0.44709792067449733  0.43799791274740507  0.41799611077599585  0.38749273516873367  0.43485283212715053  0.45340163279845397  0.45450195009295336  0.44512738634439425  
361.8  0.38164412264357533  0.4362596509587495  0.44893085455440923  0.43979490816505323  0.41970892727741627  0.3890579312724142  0.4366247158790155  0.45525353680763136  0.4563580791677143  0.4469429156287287  
362.  0.3831391399166189  0.4380027711829614  0.4507347003788146  0.4415633981336568  0.4213945193831609  0.39059772380835733  0.4383681673403524  0.45707585126916  0.4581845866823288  0.4487293824887727  
362.2  0.3846095158574234  0.4397179766903113  0.45250992468393925  0.4433038385465748  0.42305334592823335  0.3921125185813171  0.44008371440479144  0.45886909943272725  0.4599819243783605  0.4504873017461508  
362.4  0.3860556404068243  0.44140575884797595  0.45425698147243265  0.4450167469754155  0.4246858545722968  0.39360271036668043  0.44177180050502474  0.4606337436774788  0.46175062926965244  0.45221712756141136  
362.6  0.38747791778705926  0.44306654877365564  0.45597633744491084  0.44670250687861446  0.4262924574013768  0.3950687328839342  0.44343285724554893  0.4623702588886148  0.4634911037985855  0.45391932680310954  
362.8  0.3888767426343678  0.44470076617461823  0.4576684731269045  0.4483616138032278  0.4278736054102987  0.39651098576914223  0.44506735468495595  0.46407908371496176  0.4652038620538572  0.4555943302982099  
363.  0.39025250033240044  0.44630886989372537  0.45933375856609615  0.4499944536117008  0.4294296648909693  0.3979298091178888  0.4466757028190702  0.46576069549413474  0.4668893080125164  0.4572426077504057  
363.2  0.39160554211137116  0.4478912588042708  0.4609727030821177  0.45160145133651736  0.43096109220102213  0.3993256337227161  0.44825830096876784  0.4674155111627987  0.4685479096285296  0.4588645434245113  
363.4  0.39293623537355915  0.44944832146967856  0.4625856555230547  0.45318304757953964  0.4324682340297586  0.4006987813172014  0.44981558885188433  0.4690439369311042  0.4701800491494003  0.46046058655279815  
363.6  0.3942449136916393  0.45098051297276043  0.4641730553948664  0.45473959754694815  0.4339514779107068  0.40204964056434755  0.45134794631784103  0.4706464451260349  0.47178619985449194  0.46203115177817156  
363.8  0.3955319789365549  0.45248815222713884  0.46573530778865174  0.4562715231011354  0.43541120264774064  0.40337854124704836  0.4528557691826918  0.4722233715163066  0.4733667240766951  0.46357661878083967  
364.  0.3967976974354998  0.45397167655471043  0.4672727572283737  0.4577791862756629  0.43684775283386373  0.40468580470609233  0.45433941868129074  0.4737751441324296  0.47492205116420655  0.4650973576757963  
364.2  0.3980424558802742  0.4554314381412572  0.4687858420470485  0.4592629918245326  0.4382615420737425  0.40597179591938987  0.4557992987961585  0.47530215677478477  0.4764525243974287  0.4665937811290361  
364.4  0.39926655663948524  0.45686778039751447  0.4702749150967906  0.460723258652821  0.4396528469537044  0.4072368469828581  0.45723575372723935  0.4768047686199058  0.47795855549227506  0.4680662678738569  
364.6  0.40047029449175325  0.4582810644065702  0.47174032051969034  0.4621603489385168  0.4410220395017423  0.4084812304968531  0.4586491453331607  0.478283356175933  0.47944052220348726  0.46951513613122253  
364.8  0.4016539831651366  0.45967164354326884  0.4731824203233342  0.46357464342552573  0.442369458579239  0.40970531630500956  0.46003980144463635  0.47973826160648414  0.4808987679172255  0.47094077407472934  
365.  0.4028179297815051  0.4610398637171705  0.4746015688597785  0.4649664630122022  0.4436954358844566  0.4109093628601728  0.46140806832518233  0.48116989807777577  0.4823336276843568  0.47234350988328133  
365.2  0.4039624350624491  0.4623860636055876  0.475998086495522  0.46633614737485973  0.44500024303797286  0.4120936742119312  0.4627543115678274  0.48257853942133805  0.48374550818017603  0.47372371693826015  
365.4  0.4050877935268601  0.4637105481779946  0.4773723392881102  0.46768400245307895  0.44628422399249185  0.4132585748258416  0.4640788101725535  0.4839645840900058  0.48513467630428436  0.4750816818659989  
365.6  0.4061942668521599  0.46501361509291556  0.4787246331933966  0.4690103536760277  0.4475476898805064  0.4144043299366081  0.4653819157847743  0.4853283171821473  0.4865015244413972  0.4764177906096645  
365.8  0.40728211037123946  0.4662956088260056  0.48005529385502793  0.47031551986302106  0.44879094551838733  0.4155311983540465  0.4666638931034372  0.48667006981266714  0.4878463313004234  0.477732288613653  
366.  0.40835165450887995  0.4675568408987199  0.4813646132848552  0.4715998134223232  0.45001426251188614  0.416639459733201  0.46792510774807267  0.48799019352730694  0.489169422059628  0.47902552158001943  
366.2  0.4094031163811152  0.46879758942636035  0.4826529310576959  0.4728635133309591  0.4512179060159268  0.417729415386746  0.46916581131135  0.4892889522899082  0.4904711426382214  0.48029782937841975  
366.4  0.410436788781341  0.4700181260081499  0.4839204990807543  0.47410691936280464  0.4524021895923638  0.41880127972993647  0.47038633036663224  0.4905666847983181  0.49175177850568813  0.48154943687653673  
366.6  0.41145287745516634  0.4712187708355885  0.4851676721246349  0.47533035289897574  0.4535673942512458  0.41985534332651125  0.4715869312258032  0.4918236692494707  0.493011635992713  0.48278069876966856  
366.8  0.412451692483166  0.4723998113529843  0.4863946622196205  0.47653401978576676  0.45471374039626505  0.4208918645748889  0.4727679016168178  0.49306020502391595  0.4942509603374219  0.4839918821934169  
367.  0.41343342922957  0.47356150179405465  0.4876018405304902  0.47771828512158276  0.4558415530068499  0.4219110692279297  0.47392949605162477  0.49427658577086625  0.4954701008813933  0.4851832758617616  
367.2  0.4143983330073896  0.4747040905572985  0.48878940722688363  0.4788833431239669  0.45695104159483374  0.42291317775210274  0.4750720188682799  0.4954730717380104  0.4966693188730184  0.4863551351828469  
367.4  0.41534667249256885  0.47582787627502743  0.4899576395500561  0.48002949314857096  0.4580424935792132  0.42389848933634383  0.4761957137888972  0.49664994522875455  0.49784886964411657  0.4875077377134934  
367.6  0.41627862815184336  0.476933096872466  0.49110683765133084  0.4811570019010172  0.4591161358770394  0.42486715923581403  0.4773008189971457  0.4978075113678634  0.49900905892269787  0.48864135584539276  
367.8  0.41719445973389124  0.4780200412834114  0.49223726894372233  0.48226610296657135  0.46017219021847566  0.42581947784073776  0.47838762368050586  0.4989459860605  0.5001501032055694  0.4897562569482369  
368.  0.41809436661487076  0.4790889092044196  0.49334913931566493  0.4833570529805794  0.46121095823553887  0.4267556755954323  0.4794563844194352  0.500065635913391  0.5012722979972506  0.49085267519022957  
368.2  0.41897857202363775  0.48013998004893776  0.494442734255209  0.48443010392552516  0.46223262432560935  0.4276758934713489  0.4805072962773383  0.5011667511401423  0.5023759060017836  0.49193086794824303  
368.4  0.419847323752075  0.48117347208859274  0.4955182779945457  0.4854855032567336  0.4632374247179314  0.42858043829806314  0.4815406630717335  0.5022495320635856  0.5034611566538058  0.4929910879805543  
368.6  0.4207007801588967  0.48218962740759436  0.49657604714053216  0.48652346535062546  0.46422559143572495  0.4294694423512392  0.4825566704816134  0.5033142595052379  0.5045283030016082  0.49403358355047405  
368.8  0.4215391524593238  0.4831886838216471  0.4976162568118887  0.4875442286163042  0.4651973524078778  0.43034317661361504  0.4835555565482597  0.504361181517066  0.5055775936313333  0.4950585697555019  
369.  0.4223626770961146  0.48417084608371075  0.4986391173962727  0.48854802729098934  0.4661529026701656  0.43120179364836203  0.4845375551528575  0.5053904840029068  0.5066092438778369  0.49606628587338125  
369.2  0.423171500324816  0.4851363724806784  0.49964486369072697  0.48953509154896224  0.4670924619351645  0.43204552852374195  0.4855028961250597  0.506402434785646  0.5076234934039098  0.49705696703653157  
369.4  0.4239658805353978  0.48608545954598864  0.5006337555913997  0.49050561846929464  0.46801627527503015  0.43287458409719115  0.4864517762103512  0.5073972689065842  0.5086205777545478  0.49803081520184334  
369.6  0.42474595662844805  0.48701829951346326  0.5016059617617298  0.491459830069099  0.4689244967829788  0.43368910127509835  0.4873844463549109  0.5083751881519393  0.5096006992106954  0.4989880571859238  
369.8  0.42551192200692023  0.48793516851892715  0.5025617635794292  0.49239794461153547  0.4698173641480133  0.43448933415699575  0.488301095485013  0.5093364193172535  0.5105641437854436  0.49992894534081356  
370.  0.4262639668464007  0.48883619256704924  0.5035012921991673  0.49332017670067196  0.47069505306128717  0.4352754165649641  0.48920193790027205  0.5102811853992357  0.5115110471951618  0.5008536697797207  
370.2  0.4270022781757936  0.4897216407113244  0.5044248217349088  0.49422670778170164  0.47155776494638374  0.4360475374108885  0.49008715475116427  0.5112096760994362  0.5124416584521445  0.5017623869303012  
370.4  0.42772703995535355  0.4905916606284418  0.5053325345399547  0.4951177450768774  0.47240569790646725  0.43680591220392806  0.49095695297465686  0.5121221364669211  0.5133561639936329  0.502655397292271  
370.6  0.4284384033374869  0.4914464851681663  0.5062246090567349  0.4959934924192623  0.47323904680616785  0.43755069423939896  0.491811565942348  0.513018748847649  0.5142548059106152  0.5035328203579831  
370.8  0.42913654603712637  0.4922862844815769  0.5071012797584228  0.4968541503356533  0.4740579734254447  0.43828203341061645  0.4926511343950535  0.5138996917083659  0.5151377634455997  0.5043948906118513  
371.  0.4298216429234108  0.49311128513587654  0.507962718195973  0.4976998860914368  0.474862666056787  0.439000136357517  0.4934758850782717  0.5147651997968921  0.5160052420756407  0.5052417796193585  
371.2  0.43049386608803436  0.49392162056797306  0.5088091224113933  0.4985308935107131  0.4756533099878672  0.439705177201983  0.49428598174922994  0.5156154447438532  0.5168574440016479  0.5060737155850832  
371.4  0.4311533546576967  0.4947175110428497  0.5096406873111231  0.49934736334806973  0.4764300875733482  0.44039726681088315  0.495081645172165  0.5164506248073081  0.5176945379728883  0.5068908635090525  
371.6  0.4318003054029053  0.49549911355193077  0.5104575743783559  0.5001494833613744  0.47719314794239326  0.4410766035884492  0.4958630024694713  0.5172709351336143  0.5185167195454295  0.5076933848963526  
371.8  0.4324348215342424  0.4962666426793358  0.5112600026157492  0.5009374383822842  0.4779426979367155  0.4417433532874629  0.4966302683890485  0.5180765678306044  0.5193241812301264  0.5084815292440984  
372.  0.43305712518784306  0.497020218862656  0.5120480968079509  0.501711379807728  0.4786788503685893  0.44239767910565597  0.49738359410656646  0.5188676508848068  0.5201170819868491  0.5092553911089167  
372.2  0.43366731415895826  0.49776005095524944  0.5128220700855937  0.5024714865001618  0.4794018372638647  0.4430397110614085  0.4981231582703813  0.5196444312650442  0.5208956388107977  0.5100151836498199  
372.4  0.43426554456368155  0.49848631473371496  0.5135821024344134  0.5032179038085776  0.4801117657392419  0.44366957631050186  0.49884913681171145  0.5204070615943894  0.5216599739178712  0.5107610868834742  
372.6  0.43485197016959287  0.49919912153220974  0.5143283402259687  0.5039508357879622  0.48080880131074355  0.4442874918916713  0.4995617030065991  0.5211556913064807  0.5224103294860097  0.5114932781096309  
372.8  0.43542677344851777  0.49989870325187286  0.5150609267545682  0.5046704533148371  0.48149310701182646  0.4448935493612971  0.5002609965363473  0.521890497713398  0.5231468218290731  0.5122119009729628  
373.  0.43599004173359457  0.5005851967884836  0.5157800956145125  0.5053768625145787  0.48216484344920035  0.4454878993721277  0.5009471852322028  0.5226116554894686  0.5238696570882166  0.5129171272091038  
373.2  0.4365419529537948  0.501258704936857  0.5164859538656497  0.5060702910270877  0.48282416885699214  0.44607072156487915  0.5016204344484758  0.5233193367301205  0.5245789768196267  0.5136091260190835  
373.4  0.437082589375658  0.5019194838010606  0.5171786991911242  0.5067508396492366  0.48347123914931056  0.4466420998894226  0.502280907117385  0.5240137110089991  0.5252749196360067  0.5142880641254504  
373.6  0.43761215600052256  0.5025675998748251  0.5178584644345805  0.5074186688058117  0.4841061451437603  0.44720220958892754  0.5029287638022952  0.5246949140196533  0.5259576840950154  0.5149540429992415  
373.8  0.4381307620529155  0.5032032421710487  0.5185253796578088  0.5080739681178941  0.48472910068474245  0.44775119272578257  0.5035641312334587  0.5253631101503  0.5266274352325372  0.5156072869866363  
374.  0.43863854595980967  0.5038265662329281  0.5191796354326094  0.5087168304910522  0.4853401917944458  0.4482891577129276  0.5041871334674718  0.5260184614320258  0.5272843041014571  0.5162479240808174  
374.2  0.43913561246711136  0.5044376936716454  0.5198213887510916  0.5093474409543374  0.4859395967174465  0.44881624228927147  0.5047979870974746  0.5266610958707414  0.527928419035545  0.5168760796004428  
374.4  0.43962209581707506  0.5050367753492373  0.5204507307463871  0.5099659509500133  0.4865274602083128  0.4493325822510068  0.5053967800793544  0.527291202451454  0.5285599693428003  0.517491939882024  
374.6  0.440098128375127  0.5056239600107154  0.5210678772556359  0.5105724778738832  0.4871038611503305  0.4498382795732233  0.5059836612820743  0.5279089045143904  0.5291791106012176  0.5180956256552165  
374.8  0.4405638406693013  0.5061993623094794  0.5216729467342572  0.5111671686602817  0.4876690037170066  0.4503334980092504  0.5065588095195787  0.5285143548576371  0.5297859642021838  0.5186872871446516  
375.  0.44101932931026283  0.5067631908281947  0.5222660230399842  0.5117501682079696  0.4882229624598773  0.4508183356526292  0.5071223056166152  0.5291076720463883  0.5303806811367243  0.5192670403783987  
375.2  0.44146475318622025  0.5073154918699111  0.5228473160725914  0.512321619422449  0.4887658736678629  0.4512929206343651  0.5076743242680382  0.5296890366145068  0.5309633781038151  0.519835063388763  
375.4  0.44190020522516676  0.5078564378712743  0.5234169698981376  0.5128816309419755  0.489297904082799  0.4517573793402183  0.5082149739864044  0.5302585628332238  0.5315342340077057  0.5203914679802412  
375.6  0.4423258086868695  0.5083861997592619  0.5239750618033575  0.5134303415147662  0.4898191541876382  0.4522118364464138  0.5087444258113744  0.5308163950094114  0.5320933937427741  0.5209364284398549  
375.8  0.44274168517793705  0.5089048169451574  0.5245217314033608  0.5139678880186902  0.4903297547967616  0.45265638244438644  0.509262784285327  0.5313626755067594  0.5326409352332264  0.5214700200036952  
376.  0.44314792207845016  0.5094125214900322  0.5250571490503135  0.5144943728923985  0.49082983497380156  0.4530911384043673  0.5097701517325117  0.5318975121783508  0.5331770315387754  0.5219923804734417  
376.2  0.44354467020196464  0.5099093486076897  0.5255814182433917  0.5150099945026467  0.4913194893638349  0.4535162564942083  0.5102666937063579  0.5324210433294979  0.5337017888313874  0.5225036785228946  
376.4  0.44393201359465634  0.5103954618000585  0.5260946730990254  0.5155147862316961  0.49179884334613916  0.4539317892953475  0.5107525087927662  0.5329334054397865  0.5342153766649358  0.5230040158172096  
376.6  0.44431003439625355  0.5108709903419916  0.5265970459736835  0.5160089430603607  0.4922680535487163  0.4543378528697215  0.5112277263691286  0.5334347660932768  0.5347178973930978  0.5234934918786743  
376.8  0.4446789118412902  0.511336028836094  0.5270886345095939  0.5164925270870798  0.4927271763993233  0.4547345947589891  0.511692474128154  0.533925159543434  0.5352094842181662  0.5239723030926811  
377.  0.44503869212558084  0.5117907360235434  0.5275695673630736  0.5169656972469039  0.4931763321529483  0.4551220952360486  0.5121468781107784  0.5344048156879565  0.5356902686187058  0.5244404794954598  
377.2  0.4453894856100368  0.5122351698737548  0.5280399715343866  0.5174285448756343  0.49361567269387824  0.45550049909878554  0.5125910295609164  0.5348737648070121  0.5361603140284136  0.5248982142217391  
377.4  0.44573143452158  0.5126695191040237  0.5285000056705199  0.5178812258847326  0.49404531549153585  0.45586981701280527  0.5130250510307284  0.5353321674849321  0.536619814558423  0.5253455997215332  
377.6  0.4460645799898056  0.5130938048052534  0.5289496937422395  0.5183238282714423  0.4944653097958923  0.4562302573116261  0.5134490635169406  0.5357801163333554  0.5370688633521711  0.5257827264778903  
377.8  0.44638906141837004  0.5135082461686046  0.5293892577825788  0.5187564381307802  0.49487580302212886  0.45658186079371277  0.5138632199469803  0.5362178023739114  0.5375075850440493  0.5262097499546659  
378.  0.4467049837073367  0.5139128607087047  0.5298187181107858  0.5191792067863173  0.4952769079751214  0.45692473327126165  0.5142675379251742  0.5366452480658026  0.5379360691574486  0.5266267909062304  
378.2  0.4470124168148242  0.5143078315711314  0.5302382270000195  0.5195922508189097  0.49566870241317235  0.4572589792407768  0.5146622006856624  0.537062607796676  0.5383544705967727  0.5270339013025349  
378.4  0.44731146278820666  0.5146932062696219  0.530647901885946  0.5199956179012915  0.49605129608124093  0.45758470190759964  0.5150472895614837  0.5374700010916804  0.5387628419345105  0.5274312321029658  
378.6  0.44760222242381903  0.515069131645226  0.5310478587579925  0.5203894888523283  0.4964248311954069  0.45790200320983554  0.5154229179300321  0.5378675460051684  0.5391613688304733  0.5278188993649153  
378.8  0.44788476137667793  0.5154356856918915  0.5314381782727391  0.520773908175369  0.4967893472671895  0.45821091601511177  0.5157891977825588  0.5382553252345275  0.539550100571211  0.5281969838136685  
379.  0.44815924574597027  0.515792978686864  0.5318189733362363  0.5211490202971891  0.4971449497892375  0.4585116412660585  0.5161462057461794  0.5386334537029239  0.5399291523066216  0.528565632428062  
379.2  0.4484256707018141  0.5161411195749025  0.5321903213958011  0.5215149004810194  0.49749177707106235  0.4588041752291132  0.5164940849394226  0.5390020449445692  0.5402986377947638  0.5289248889014768  
379.4  0.44868420008989895  0.5164802159923834  0.5325524007476802  0.5218716565009308  0.4978299323438435  0.4590886486489963  0.5168328749815588  0.5393612111298497  0.5406587036093613  0.5292748974173411  
379.6  0.44893489451663193  0.5168103742908295  0.5329052519998978  0.5222193948426694  0.4981594490634322  0.4593651229322004  0.5171627163062478  0.5397110288186755  0.5410093925239688  0.5296157669295829  
379.8  0.44917781311338995  0.5171316308405848  0.5332489824763743  0.5225582207266984  0.4984804618459984  0.45963372671748964  0.5174837140809242  0.5400516072613963  0.541350848362885  0.5299475707397907  
380.  0.4494130824557715  0.5174441578588317  0.5335836982331313  0.522888203682993  0.4987930355799291  0.45989451898979133  0.5177959722326034  0.5403830888664629  0.5416831451149845  0.5302704149752736  
